</raw>
            <TargetUserName>Johnny</TargetUserName>
            <SubjectUserName>adhd</SubjectUserName>
        </detection>
        <detection type="Event">
            <id>4720</id>
            <recordid>4705</recordid>
            <time>2020-06-11 22:05:01.800486500Z</time>
            <channel>Security</channel>
            <raw>&lt;Event xmlns='http://schemas.microsoft.com/win/2004/08/events/event'&gt;&lt;System&gt;&lt;Provider Name='Microsoft-Windows-Security-Auditing' Guid='{54849625-5478-4994-a5ba-3e3b0328c30d}'/&gt;&lt;EventID&gt;4720&lt;/EventID&gt;&lt;Version&gt;0&lt;/Version&gt;&lt;Level&gt;0&lt;/Level&gt;&lt;Task&gt;13824&lt;/Task&gt;&lt;Opcode&gt;0&lt;/Opcode&gt;&lt;Keywords&gt;0x8020000000000000&lt;/Keywords&gt;&lt;TimeCreated SystemTime='2020-06-11T22:05:01.8004865Z'/&gt;&lt;EventRecordID&gt;4705&lt;/EventRecordID&gt;&lt;Correlation ActivityID='{d0a5cb6e-403a-0001-29cc-a5d03a40d601}'/&gt;&lt;Execution ProcessID='740' ThreadID='788'/&gt;&lt;Channel&gt;Security&lt;/Channel&gt;&lt;Computer&gt;DESKTOP-I1T2G01&lt;/Computer&gt;&lt;Security/&gt;&lt;/System&gt;&lt;EventData&gt;&lt;Data Name='TargetUserName'&gt;Rose&lt;/Data&gt;&lt;Data Name='TargetDomainName'&gt;DESKTOP-I1T2G01&lt;/Data&gt;&lt;Data Name='TargetSid'&gt;S-1-5-21-4235200151-4210980811-2443358387-1110&lt;/Data&gt;&lt;Data Name='SubjectUserSid'&gt;S-1-5-21-4235200151-4210980811-2443358387-1000&lt;/Data&gt;&lt;Data Name='SubjectUserName'&gt;adhd&lt;/Data&gt;&lt;Data Name='SubjectDomainName'&gt;DESKTOP-I1T2G01&lt;/Data&gt;&lt;Data Name='SubjectLogonId'&gt;0x1c5da&lt;/Data&gt;&lt;Data Name='PrivilegeList'&gt;-&lt;/Data&gt;&lt;Data Name='SamAccountName'&gt;Rose&lt;/Data&gt;&lt;Data Name='DisplayName'&gt;%%1793&lt;/Data&gt;&lt;Data Name='UserPrincipalName'&gt;-&lt;/Data&gt;&lt;Data Name='HomeDirectory'&gt;%%1793&lt;/Data&gt;&lt;Data Name='HomePath'&gt;%%1793&lt;/Data&gt;&lt;Data Name='ScriptPath'&gt;%%1793&lt;/Data&gt;&lt;Data Name='ProfilePath'&gt;%%1793&lt;/Data&gt;&lt;Data Name='UserWorkstations'&gt;%%1793&lt;/Data&gt;&lt;Data Name='PasswordLastSet'&gt;%%1794&lt;/Data&gt;&lt;Data Name='AccountExpires'&gt;%%1794&lt;/Data&gt;&lt;Data Name='PrimaryGroupId'&gt;513&lt;/Data&gt;&lt;Data Name='AllowedToDelegateTo'&gt;-&lt;/Data&gt;&lt;Data Name='OldUacValue'&gt;0x0&lt;/Data&gt;&lt;Data Name='NewUacValue'&gt;0x15&lt;/Data&gt;&lt;Data Name='UserAccountControl'&gt;
		%%2080
		%%2082
		%%2084&lt;/Data&gt;&lt;Data Name='UserParameters'&gt;%%1793&lt;/Data&gt;&lt;Data Name='SidHistory'&gt;-&lt;/Data&gt;&lt;Data Name='LogonHours'&gt;%%1797&lt;/Data&gt;&lt;/EventData&gt;&lt;/Event&gt;</raw>
            <TargetUserName>Rose</TargetUserName>
            <SubjectUserName>adhd</SubjectUserName>
        </detection>
        <detection type="Event">
            <id>4720</id>
            <recordid>4699</recordid>
            <time>2020-06-11 22:05:01.716740200Z</time>
            <channel>Security</channel>
            <raw>&lt;Event xmlns='http://schemas.microsoft.com/win/2004/08/events/event'&gt;&lt;System&gt;&lt;Provider Name='Microsoft-Windows-Security-Auditing' Guid='{54849625-5478-4994-a5ba-3e3b0328c30d}'/&gt;&lt;EventID&gt;4720&lt;/EventID&gt;&lt;Version&gt;0&lt;/Version&gt;&lt;Level&gt;0&lt;/Level&gt;&lt;Task&gt;13824&lt;/Task&gt;&lt;Opcode&gt;0&lt;/Opcode&gt;&lt;Keywords&gt;0x8020000000000000&lt;/Keywords&gt;&lt;TimeCreated SystemTime='2020-06-11T22:05:01.7167402Z'/&gt;&lt;EventRecordID&gt;4699&lt;/EventRecordID&gt;&lt;Correlation ActivityID='{d0a5cb6e-403a-0001-29cc-a5d03a40d601}'/&gt;&lt;Execution ProcessID='740' ThreadID='8088'/&gt;&lt;Channel&gt;Security&lt;/Channel&gt;&lt;Computer&gt;DESKTOP-I1T2G01&lt;/Computer&gt;&lt;Security/&gt;&lt;/System&gt;&lt;EventData&gt;&lt;Data Name='TargetUserName'&gt;Judy&lt;/Data&gt;&lt;Data Name='TargetDomainName'&gt;DESKTOP-I1T2G01&lt;/Data&gt;&lt;Data Name='TargetSid'&gt;S-1-5-21-4235200151-4210980811-2443358387-1109&lt;/Data&gt;&lt;Data Name='SubjectUserSid'&gt;S-1-5-21-4235200151-4210980811-2443358387-1000&lt;/Data&gt;&lt;Data Name='SubjectUserName'&gt;adhd&lt;/Data&gt;&lt;Data Name='SubjectDomainName'&gt;DESKTOP-I1T2G01&lt;/Data&gt;&lt;Data Name='SubjectLogonId'&gt;0x1c5da&lt;/Data&gt;&lt;Data Name='PrivilegeList'&gt;-&lt;/Data&gt;&lt;Data Name='SamAccountName'&gt;Judy&lt;/Data&gt;&lt;Data Name='DisplayName'&gt;%%1793&lt;/Data&gt;&lt;Data Name='UserPrincipalName'&gt;-&lt;/Data&gt;&lt;Data Name='HomeDirectory'&gt;%%1793&lt;/Data&gt;&lt;Data Name='HomePath'&gt;%%1793&lt;/Data&gt;&lt;Data Name='ScriptPath'&gt;%%1793&lt;/Data&gt;&lt;Data Name='ProfilePath'&gt;%%1793&lt;/Data&gt;&lt;Data Name='UserWorkstations'&gt;%%1793&lt;/Data&gt;&lt;Data Name='PasswordLastSet'&gt;%%1794&lt;/Data&gt;&lt;Data Name='AccountExpires'&gt;%%1794&lt;/Data&gt;&lt;Data Name='PrimaryGroupId'&gt;513&lt;/Data&gt;&lt;Data Name='AllowedToDelegateTo'&gt;-&lt;/Data&gt;&lt;Data Name='OldUacValue'&gt;0x0&lt;/Data&gt;&lt;Data Name='NewUacValue'&gt;0x15&lt;/Data&gt;&lt;Data Name='UserAccountControl'&gt;
		%%2080
		%%2082
		%%2084&lt;/Data&gt;&lt;Data Name='UserParameters'&gt;%%1793&lt;/Data&gt;&lt;Data Name='SidHistory'&gt;-&lt;/Data&gt;&lt;Data Name='LogonHours'&gt;%%1797&lt;/Data&gt;&lt;/EventData&gt;&lt;/Event&gt;</raw>
            <TargetUserName>Judy</TargetUserName>
            <SubjectUserName>adhd</SubjectUserName>
        </detection>
        <detection type="Event">
            <id>4720</id>
            <recordid>4693</recordid>
            <time>2020-06-11 22:05:01.623039600Z</time>
            <channel>Security</channel>
            <raw>&lt;Event xmlns='http://schemas.microsoft.com/win/2004/08/events/event'&gt;&lt;System&gt;&lt;Provider Name='Microsoft-Windows-Security-Auditing' Guid='{54849625-5478-4994-a5ba-3e3b0328c30d}'/&gt;&lt;EventID&gt;4720&lt;/EventID&gt;&lt;Version&gt;0&lt;/Version&gt;&lt;Level&gt;0&lt;/Level&gt;&lt;Task&gt;13824&lt;/Task&gt;&lt;Opcode&gt;0&lt;/Opcode&gt;&lt;Keywords&gt;0x8020000000000000&lt;/Keywords&gt;&lt;TimeCreated SystemTime='2020-06-11T22:05:01.6230396Z'/&gt;&lt;EventRecordID&gt;4693&lt;/EventRecordID&gt;&lt;Correlation ActivityID='{d0a5cb6e-403a-0001-29cc-a5d03a40d601}'/&gt;&lt;Execution ProcessID='740' ThreadID='792'/&gt;&lt;Channel&gt;Security&lt;/Channel&gt;&lt;Computer&gt;DESKTOP-I1T2G01&lt;/Computer&gt;&lt;Security/&gt;&lt;/System&gt;&lt;EventData&gt;&lt;Data Name='TargetUserName'&gt;Bryan&lt;/Data&gt;&lt;Data Name='TargetDomainName'&gt;DESKTOP-I1T2G01&lt;/Data&gt;&lt;Data Name='TargetSid'&gt;S-1-5-21-4235200151-4210980811-2443358387-1108&lt;/Data&gt;&lt;Data Name='SubjectUserSid'&gt;S-1-5-21-4235200151-4210980811-2443358387-1000&lt;/Data&gt;&lt;Data Name='SubjectUserName'&gt;adhd&lt;/Data&gt;&lt;Data Name='SubjectDomainName'&gt;DESKTOP-I1T2G01&lt;/Data&gt;&lt;Data Name='SubjectLogonId'&gt;0x1c5da&lt;/Data&gt;&lt;Data Name='PrivilegeList'&gt;-&lt;/Data&gt;&lt;Data Name='SamAccountName'&gt;Bryan&lt;/Data&gt;&lt;Data Name='DisplayName'&gt;%%1793&lt;/Data&gt;&lt;Data Name='UserPrincipalName'&gt;-&lt;/Data&gt;&lt;Data Name='HomeDirectory'&gt;%%1793&lt;/Data&gt;&lt;Data Name='HomePath'&gt;%%1793&lt;/Data&gt;&lt;Data Name='ScriptPath'&gt;%%1793&lt;/Data&gt;&lt;Data Name='ProfilePath'&gt;%%1793&lt;/Data&gt;&lt;Data Name='UserWorkstations'&gt;%%1793&lt;/Data&gt;&lt;Data Name='PasswordLastSet'&gt;%%1794&lt;/Data&gt;&lt;Data Name='AccountExpires'&gt;%%1794&lt;/Data&gt;&lt;Data Name='PrimaryGroupId'&gt;513&lt;/Data&gt;&lt;Data Name='AllowedToDelegateTo'&gt;-&lt;/Data&gt;&lt;Data Name='OldUacValue'&gt;0x0&lt;/Data&gt;&lt;Data Name='NewUacValue'&gt;0x15&lt;/Data&gt;&lt;Data Name='UserAccountControl'&gt;
		%%2080
		%%2082
		%%2084&lt;/Data&gt;&lt;Data Name='UserParameters'&gt;%%1793&lt;/Data&gt;&lt;Data Name='SidHistory'&gt;-&lt;/Data&gt;&lt;Data Name='LogonHours'&gt;%%1797&lt;/Data&gt;&lt;/EventData&gt;&lt;/Event&gt;</raw>
            <TargetUserName>Bryan</TargetUserName>
            <SubjectUserName>adhd</SubjectUserName>
        </detection>
        <detection type="Event">
            <id>4720</id>
            <recordid>4687</recordid>
            <time>2020-06-11 22:05:01.524795400Z</time>
            <channel>Security</channel>
            <raw>&lt;Event xmlns='http://schemas.microsoft.com/win/2004/08/events/event'&gt;&lt;System&gt;&lt;Provider Name='Microsoft-Windows-Security-Auditing' Guid='{54849625-5478-4994-a5ba-3e3b0328c30d}'/&gt;&lt;EventID&gt;4720&lt;/EventID&gt;&lt;Version&gt;0&lt;/Version&gt;&lt;Level&gt;0&lt;/Level&gt;&lt;Task&gt;13824&lt;/Task&gt;&lt;Opcode&gt;0&lt;/Opcode&gt;&lt;Keywords&gt;0x8020000000000000&lt;/Keywords&gt;&lt;TimeCreated SystemTime='2020-06-11T22:05:01.5247954Z'/&gt;&lt;EventRecordID&gt;4687&lt;/EventRecordID&gt;&lt;Correlation ActivityID='{d0a5cb6e-403a-0001-29cc-a5d03a40d601}'/&gt;&lt;Execution ProcessID='740' ThreadID='8088'/&gt;&lt;Channel&gt;Security&lt;/Channel&gt;&lt;Computer&gt;DESKTOP-I1T2G01&lt;/Computer&gt;&lt;Security/&gt;&lt;/System&gt;&lt;EventData&gt;&lt;Data Name='TargetUserName'&gt;Kenneth&lt;/Data&gt;&lt;Data Name='TargetDomainName'&gt;DESKTOP-I1T2G01&lt;/Data&gt;&lt;Data Name='TargetSid'&gt;S-1-5-21-4235200151-4210980811-2443358387-1107&lt;/Data&gt;&lt;Data Name='SubjectUserSid'&gt;S-1-5-21-4235200151-4210980811-2443358387-1000&lt;/Data&gt;&lt;Data Name='SubjectUserName'&gt;adhd&lt;/Data&gt;&lt;Data Name='SubjectDomainName'&gt;DESKTOP-I1T2G01&lt;/Data&gt;&lt;Data Name='SubjectLogonId'&gt;0x1c5da&lt;/Data&gt;&lt;Data Name='PrivilegeList'&gt;-&lt;/Data&gt;&lt;Data Name='SamAccountName'&gt;Kenneth&lt;/Data&gt;&lt;Data Name='DisplayName'&gt;%%1793&lt;/Data&gt;&lt;Data Name='UserPrincipalName'&gt;-&lt;/Data&gt;&lt;Data Name='HomeDirectory'&gt;%%1793&lt;/Data&gt;&lt;Data Name='HomePath'&gt;%%1793&lt;/Data&gt;&lt;Data Name='ScriptPath'&gt;%%1793&lt;/Data&gt;&lt;Data Name='ProfilePath'&gt;%%1793&lt;/Data&gt;&lt;Data Name='UserWorkstations'&gt;%%1793&lt;/Data&gt;&lt;Data Name='PasswordLastSet'&gt;%%1794&lt;/Data&gt;&lt;Data Name='AccountExpires'&gt;%%1794&lt;/Data&gt;&lt;Data Name='PrimaryGroupId'&gt;513&lt;/Data&gt;&lt;Data Name='AllowedToDelegateTo'&gt;-&lt;/Data&gt;&lt;Data Name='OldUacValue'&gt;0x0&lt;/Data&gt;&lt;Data Name='NewUacValue'&gt;0x15&lt;/Data&gt;&lt;Data Name='UserAccountControl'&gt;
		%%2080
		%%2082
		%%2084&lt;/Data&gt;&lt;Data Name='UserParameters'&gt;%%1793&lt;/Data&gt;&lt;Data Name='SidHistory'&gt;-&lt;/Data&gt;&lt;Data Name='LogonHours'&gt;%%1797&lt;/Data&gt;&lt;/EventData&gt;&lt;/Event&gt;</raw>
            <TargetUserName>Kenneth</TargetUserName>
            <SubjectUserName>adhd</SubjectUserName>
        </detection>
        <detection type="Event">
            <id>4720</id>
            <recordid>4681</recordid>
            <time>2020-06-11 22:05:01.446807700Z</time>
            <channel>Security</channel>
            <raw>&lt;Event xmlns='http://schemas.microsoft.com/win/2004/08/events/event'&gt;&lt;System&gt;&lt;Provider Name='Microsoft-Windows-Security-Auditing' Guid='{54849625-5478-4994-a5ba-3e3b0328c30d}'/&gt;&lt;EventID&gt;4720&lt;/EventID&gt;&lt;Version&gt;0&lt;/Version&gt;&lt;Level&gt;0&lt;/Level&gt;&lt;Task&gt;13824&lt;/Task&gt;&lt;Opcode&gt;0&lt;/Opcode&gt;&lt;Keywords&gt;0x8020000000000000&lt;/Keywords&gt;&lt;TimeCreated SystemTime='2020-06-11T22:05:01.4468077Z'/&gt;&lt;EventRecordID&gt;4681&lt;/EventRecordID&gt;&lt;Correlation ActivityID='{d0a5cb6e-403a-0001-29cc-a5d03a40d601}'/&gt;&lt;Execution ProcessID='740' ThreadID='788'/&gt;&lt;Channel&gt;Security&lt;/Channel&gt;&lt;Computer&gt;DESKTOP-I1T2G01&lt;/Computer&gt;&lt;Security/&gt;&lt;/System&gt;&lt;EventData&gt;&lt;Data Name='TargetUserName'&gt;Cheryl&lt;/Data&gt;&lt;Data Name='TargetDomainName'&gt;DESKTOP-I1T2G01&lt;/Data&gt;&lt;Data Name='TargetSid'&gt;S-1-5-21-4235200151-4210980811-2443358387-1106&lt;/Data&gt;&lt;Data Name='SubjectUserSid'&gt;S-1-5-21-4235200151-4210980811-2443358387-1000&lt;/Data&gt;&lt;Data Name='SubjectUserName'&gt;adhd&lt;/Data&gt;&lt;Data Name='SubjectDomainName'&gt;DESKTOP-I1T2G01&lt;/Data&gt;&lt;Data Name='SubjectLogonId'&gt;0x1c5da&lt;/Data&gt;&lt;Data Name='PrivilegeList'&gt;-&lt;/Data&gt;&lt;Data Name='SamAccountName'&gt;Cheryl&lt;/Data&gt;&lt;Data Name='DisplayName'&gt;%%1793&lt;/Data&gt;&lt;Data Name='UserPrincipalName'&gt;-&lt;/Data&gt;&lt;Data Name='HomeDirectory'&gt;%%1793&lt;/Data&gt;&lt;Data Name='HomePath'&gt;%%1793&lt;/Data&gt;&lt;Data Name='ScriptPath'&gt;%%1793&lt;/Data&gt;&lt;Data Name='ProfilePath'&gt;%%1793&lt;/Data&gt;&lt;Data Name='UserWorkstations'&gt;%%1793&lt;/Data&gt;&lt;Data Name='PasswordLastSet'&gt;%%1794&lt;/Data&gt;&lt;Data Name='AccountExpires'&gt;%%1794&lt;/Data&gt;&lt;Data Name='PrimaryGroupId'&gt;513&lt;/Data&gt;&lt;Data Name='AllowedToDelegateTo'&gt;-&lt;/Data&gt;&lt;Data Name='OldUacValue'&gt;0x0&lt;/Data&gt;&lt;Data Name='NewUacValue'&gt;0x15&lt;/Data&gt;&lt;Data Name='UserAccountControl'&gt;
		%%2080
		%%2082
		%%2084&lt;/Data&gt;&lt;Data Name='UserParameters'&gt;%%1793&lt;/Data&gt;&lt;Data Name='SidHistory'&gt;-&lt;/Data&gt;&lt;Data Name='LogonHours'&gt;%%1797&lt;/Data&gt;&lt;/EventData&gt;&lt;/Event&gt;</raw>
            <TargetUserName>Cheryl</TargetUserName>
            <SubjectUserName>adhd</SubjectUserName>
        </detection>
        <detection type="Event">
            <id>4720</id>
            <recordid>4675</recordid>
            <time>2020-06-11 22:05:01.342370800Z</time>
            <channel>Security</channel>
            <raw>&lt;Event xmlns='http://schemas.microsoft.com/win/2004/08/events/event'&gt;&lt;System&gt;&lt;Provider Name='Microsoft-Windows-Security-Auditing' Guid='{54849625-5478-4994-a5ba-3e3b0328c30d}'/&gt;&lt;EventID&gt;4720&lt;/EventID&gt;&lt;Version&gt;0&lt;/Version&gt;&lt;Level&gt;0&lt;/Level&gt;&lt;Task&gt;13824&lt;/Task&gt;&lt;Opcode&gt;0&lt;/Opcode&gt;&lt;Keywords&gt;0x8020000000000000&lt;/Keywords&gt;&lt;TimeCreated SystemTime='2020-06-11T22:05:01.3423708Z'/&gt;&lt;EventRecordID&gt;4675&lt;/EventRecordID&gt;&lt;Correlation ActivityID='{d0a5cb6e-403a-0001-29cc-a5d03a40d601}'/&gt;&lt;Execution ProcessID='740' ThreadID='8284'/&gt;&lt;Channel&gt;Security&lt;/Channel&gt;&lt;Computer&gt;DESKTOP-I1T2G01&lt;/Computer&gt;&lt;Security/&gt;&lt;/System&gt;&lt;EventData&gt;&lt;Data Name='TargetUserName'&gt;Madison&lt;/Data&gt;&lt;Data Name='TargetDomainName'&gt;DESKTOP-I1T2G01&lt;/Data&gt;&lt;Data Name='TargetSid'&gt;S-1-5-21-4235200151-4210980811-2443358387-1105&lt;/Data&gt;&lt;Data Name='SubjectUserSid'&gt;S-1-5-21-4235200151-4210980811-2443358387-1000&lt;/Data&gt;&lt;Data Name='SubjectUserName'&gt;adhd&lt;/Data&gt;&lt;Data Name='SubjectDomainName'&gt;DESKTOP-I1T2G01&lt;/Data&gt;&lt;Data Name='SubjectLogonId'&gt;0x1c5da&lt;/Data&gt;&lt;Data Name='PrivilegeList'&gt;-&lt;/Data&gt;&lt;Data Name='SamAccountName'&gt;Madison&lt;/Data&gt;&lt;Data Name='DisplayName'&gt;%%1793&lt;/Data&gt;&lt;Data Name='UserPrincipalName'&gt;-&lt;/Data&gt;&lt;Data Name='HomeDirectory'&gt;%%1793&lt;/Data&gt;&lt;Data Name='HomePath'&gt;%%1793&lt;/Data&gt;&lt;Data Name='ScriptPath'&gt;%%1793&lt;/Data&gt;&lt;Data Name='ProfilePath'&gt;%%1793&lt;/Data&gt;&lt;Data Name='UserWorkstations'&gt;%%1793&lt;/Data&gt;&lt;Data Name='PasswordLastSet'&gt;%%1794&lt;/Data&gt;&lt;Data Name='AccountExpires'&gt;%%1794&lt;/Data&gt;&lt;Data Name='PrimaryGroupId'&gt;513&lt;/Data&gt;&lt;Data Name='AllowedToDelegateTo'&gt;-&lt;/Data&gt;&lt;Data Name='OldUacValue'&gt;0x0&lt;/Data&gt;&lt;Data Name='NewUacValue'&gt;0x15&lt;/Data&gt;&lt;Data Name='UserAccountControl'&gt;
		%%2080
		%%2082
		%%2084&lt;/Data&gt;&lt;Data Name='UserParameters'&gt;%%1793&lt;/Data&gt;&lt;Data Name='SidHistory'&gt;-&lt;/Data&gt;&lt;Data Name='LogonHours'&gt;%%1797&lt;/Data&gt;&lt;/EventData&gt;&lt;/Event&gt;</raw>
            <TargetUserName>Madison</TargetUserName>
            <SubjectUserName>adhd</SubjectUserName>
        </detection>
        <detection type="Event">
            <id>4720</id>
            <recordid>4669</recordid>
            <time>2020-06-11 22:05:01.230116100Z</time>
            <channel>Security</channel>
            <raw>&lt;Event xmlns='http://schemas.microsoft.com/win/2004/08/events/event'&gt;&lt;System&gt;&lt;Provider Name='Microsoft-Windows-Security-Auditing' Guid='{54849625-5478-4994-a5ba-3e3b0328c30d}'/&gt;&lt;EventID&gt;4720&lt;/EventID&gt;&lt;Version&gt;0&lt;/Version&gt;&lt;Level&gt;0&lt;/Level&gt;&lt;Task&gt;13824&lt;/Task&gt;&lt;Opcode&gt;0&lt;/Opcode&gt;&lt;Keywords&gt;0x8020000000000000&lt;/Keywords&gt;&lt;TimeCreated SystemTime='2020-06-11T22:05:01.2301161Z'/&gt;&lt;EventRecordID&gt;4669&lt;/EventRecordID&gt;&lt;Correlation ActivityID='{d0a5cb6e-403a-0001-29cc-a5d03a40d601}'/&gt;&lt;Execution ProcessID='740' ThreadID='792'/&gt;&lt;Channel&gt;Security&lt;/Channel&gt;&lt;Computer&gt;DESKTOP-I1T2G01&lt;/Computer&gt;&lt;Security/&gt;&lt;/System&gt;&lt;EventData&gt;&lt;Data Name='TargetUserName'&gt;Harry&lt;/Data&gt;&lt;Data Name='TargetDomainName'&gt;DESKTOP-I1T2G01&lt;/Data&gt;&lt;Data Name='TargetSid'&gt;S-1-5-21-4235200151-4210980811-2443358387-1104&lt;/Data&gt;&lt;Data Name='SubjectUserSid'&gt;S-1-5-21-4235200151-4210980811-2443358387-1000&lt;/Data&gt;&lt;Data Name='SubjectUserName'&gt;adhd&lt;/Data&gt;&lt;Data Name='SubjectDomainName'&gt;DESKTOP-I1T2G01&lt;/Data&gt;&lt;Data Name='SubjectLogonId'&gt;0x1c5da&lt;/Data&gt;&lt;Data Name='PrivilegeList'&gt;-&lt;/Data&gt;&lt;Data Name='SamAccountName'&gt;Harry&lt;/Data&gt;&lt;Data Name='DisplayName'&gt;%%1793&lt;/Data&gt;&lt;Data Name='UserPrincipalName'&gt;-&lt;/Data&gt;&lt;Data Name='HomeDirectory'&gt;%%1793&lt;/Data&gt;&lt;Data Name='HomePath'&gt;%%1793&lt;/Data&gt;&lt;Data Name='ScriptPath'&gt;%%1793&lt;/Data&gt;&lt;Data Name='ProfilePath'&gt;%%1793&lt;/Data&gt;&lt;Data Name='UserWorkstations'&gt;%%1793&lt;/Data&gt;&lt;Data Name='PasswordLastSet'&gt;%%1794&lt;/Data&gt;&lt;Data Name='AccountExpires'&gt;%%1794&lt;/Data&gt;&lt;Data Name='PrimaryGroupId'&gt;513&lt;/Data&gt;&lt;Data Name='AllowedToDelegateTo'&gt;-&lt;/Data&gt;&lt;Data Name='OldUacValue'&gt;0x0&lt;/Data&gt;&lt;Data Name='NewUacValue'&gt;0x15&lt;/Data&gt;&lt;Data Name='UserAccountControl'&gt;
		%%2080
		%%2082
		%%2084&lt;/Data&gt;&lt;Data Name='UserParameters'&gt;%%1793&lt;/Data&gt;&lt;Data Name='SidHistory'&gt;-&lt;/Data&gt;&lt;Data Name='LogonHours'&gt;%%1797&lt;/Data&gt;&lt;/EventData&gt;&lt;/Event&gt;</raw>
            <TargetUserName>Harry</TargetUserName>
            <SubjectUserName>adhd</SubjectUserName>
        </detection>
        <detection type="Event">
            <id>4720</id>
            <recordid>4663</recordid>
            <time>2020-06-11 22:05:01.82135100Z</time>
            <channel>Security</channel>
            <raw>&lt;Event xmlns='http://schemas.microsoft.com/win/2004/08/events/event'&gt;&lt;System&gt;&lt;Provider Name='Microsoft-Windows-Security-Auditing' Guid='{54849625-5478-4994-a5ba-3e3b0328c30d}'/&gt;&lt;EventID&gt;4720&lt;/EventID&gt;&lt;Version&gt;0&lt;/Version&gt;&lt;Level&gt;0&lt;/Level&gt;&lt;Task&gt;13824&lt;/Task&gt;&lt;Opcode&gt;0&lt;/Opcode&gt;&lt;Keywords&gt;0x8020000000000000&lt;/Keywords&gt;&lt;TimeCreated SystemTime='2020-06-11T22:05:01.0821351Z'/&gt;&lt;EventRecordID&gt;4663&lt;/EventRecordID&gt;&lt;Correlation ActivityID='{d0a5cb6e-403a-0001-29cc-a5d03a40d601}'/&gt;&lt;Execution ProcessID='740' ThreadID='792'/&gt;&lt;Channel&gt;Security&lt;/Channel&gt;&lt;Computer&gt;DESKTOP-I1T2G01&lt;/Computer&gt;&lt;Security/&gt;&lt;/System&gt;&lt;EventData&gt;&lt;Data Name='TargetUserName'&gt;Debra&lt;/Data&gt;&lt;Data Name='TargetDomainName'&gt;DESKTOP-I1T2G01&lt;/Data&gt;&lt;Data Name='TargetSid'&gt;S-1-5-21-4235200151-4210980811-2443358387-1103&lt;/Data&gt;&lt;Data Name='SubjectUserSid'&gt;S-1-5-21-4235200151-4210980811-2443358387-1000&lt;/Data&gt;&lt;Data Name='SubjectUserName'&gt;adhd&lt;/Data&gt;&lt;Data Name='SubjectDomainName'&gt;DESKTOP-I1T2G01&lt;/Data&gt;&lt;Data Name='SubjectLogonId'&gt;0x1c5da&lt;/Data&gt;&lt;Data Name='PrivilegeList'&gt;-&lt;/Data&gt;&lt;Data Name='SamAccountName'&gt;Debra&lt;/Data&gt;&lt;Data Name='DisplayName'&gt;%%1793&lt;/Data&gt;&lt;Data Name='UserPrincipalName'&gt;-&lt;/Data&gt;&lt;Data Name='HomeDirectory'&gt;%%1793&lt;/Data&gt;&lt;Data Name='HomePath'&gt;%%1793&lt;/Data&gt;&lt;Data Name='ScriptPath'&gt;%%1793&lt;/Data&gt;&lt;Data Name='ProfilePath'&gt;%%1793&lt;/Data&gt;&lt;Data Name='UserWorkstations'&gt;%%1793&lt;/Data&gt;&lt;Data Name='PasswordLastSet'&gt;%%1794&lt;/Data&gt;&lt;Data Name='AccountExpires'&gt;%%1794&lt;/Data&gt;&lt;Data Name='PrimaryGroupId'&gt;513&lt;/Data&gt;&lt;Data Name='AllowedToDelegateTo'&gt;-&lt;/Data&gt;&lt;Data Name='OldUacValue'&gt;0x0&lt;/Data&gt;&lt;Data Name='NewUacValue'&gt;0x15&lt;/Data&gt;&lt;Data Name='UserAccountControl'&gt;
		%%2080
		%%2082
		%%2084&lt;/Data&gt;&lt;Data Name='UserParameters'&gt;%%1793&lt;/Data&gt;&lt;Data Name='SidHistory'&gt;-&lt;/Data&gt;&lt;Data Name='LogonHours'&gt;%%1797&lt;/Data&gt;&lt;/EventData&gt;&lt;/Event&gt;</raw>
            <TargetUserName>Debra</TargetUserName>
            <SubjectUserName>adhd</SubjectUserName>
        </detection>
        <detection type="Event">
            <id>4720</id>
            <recordid>4657</recordid>
            <time>2020-06-11 22:05:00.979538200Z</time>
            <channel>Security</channel>
            <raw>&lt;Event xmlns='http://schemas.microsoft.com/win/2004/08/events/event'&gt;&lt;System&gt;&lt;Provider Name='Microsoft-Windows-Security-Auditing' Guid='{54849625-5478-4994-a5ba-3e3b0328c30d}'/&gt;&lt;EventID&gt;4720&lt;/EventID&gt;&lt;Version&gt;0&lt;/Version&gt;&lt;Level&gt;0&lt;/Level&gt;&lt;Task&gt;13824&lt;/Task&gt;&lt;Opcode&gt;0&lt;/Opcode&gt;&lt;Keywords&gt;0x8020000000000000&lt;/Keywords&gt;&lt;TimeCreated SystemTime='2020-06-11T22:05:00.9795382Z'/&gt;&lt;EventRecordID&gt;4657&lt;/EventRecordID&gt;&lt;Correlation ActivityID='{d0a5cb6e-403a-0001-29cc-a5d03a40d601}'/&gt;&lt;Execution ProcessID='740' ThreadID='8088'/&gt;&lt;Channel&gt;Security&lt;/Channel&gt;&lt;Computer&gt;DESKTOP-I1T2G01&lt;/Computer&gt;&lt;Security/&gt;&lt;/System&gt;&lt;EventData&gt;&lt;Data Name='TargetUserName'&gt;Hannah&lt;/Data&gt;&lt;Data Name='TargetDomainName'&gt;DESKTOP-I1T2G01&lt;/Data&gt;&lt;Data Name='TargetSid'&gt;S-1-5-21-4235200151-4210980811-2443358387-1102&lt;/Data&gt;&lt;Data Name='SubjectUserSid'&gt;S-1-5-21-4235200151-4210980811-2443358387-1000&lt;/Data&gt;&lt;Data Name='SubjectUserName'&gt;adhd&lt;/Data&gt;&lt;Data Name='SubjectDomainName'&gt;DESKTOP-I1T2G01&lt;/Data&gt;&lt;Data Name='SubjectLogonId'&gt;0x1c5da&lt;/Data&gt;&lt;Data Name='PrivilegeList'&gt;-&lt;/Data&gt;&lt;Data Name='SamAccountName'&gt;Hannah&lt;/Data&gt;&lt;Data Name='DisplayName'&gt;%%1793&lt;/Data&gt;&lt;Data Name='UserPrincipalName'&gt;-&lt;/Data&gt;&lt;Data Name='HomeDirectory'&gt;%%1793&lt;/Data&gt;&lt;Data Name='HomePath'&gt;%%1793&lt;/Data&gt;&lt;Data Name='ScriptPath'&gt;%%1793&lt;/Data&gt;&lt;Data Name='ProfilePath'&gt;%%1793&lt;/Data&gt;&lt;Data Name='UserWorkstations'&gt;%%1793&lt;/Data&gt;&lt;Data Name='PasswordLastSet'&gt;%%1794&lt;/Data&gt;&lt;Data Name='AccountExpires'&gt;%%1794&lt;/Data&gt;&lt;Data Name='PrimaryGroupId'&gt;513&lt;/Data&gt;&lt;Data Name='AllowedToDelegateTo'&gt;-&lt;/Data&gt;&lt;Data Name='OldUacValue'&gt;0x0&lt;/Data&gt;&lt;Data Name='NewUacValue'&gt;0x15&lt;/Data&gt;&lt;Data Name='UserAccountControl'&gt;
		%%2080
		%%2082
		%%2084&lt;/Data&gt;&lt;Data Name='UserParameters'&gt;%%1793&lt;/Data&gt;&lt;Data Name='SidHistory'&gt;-&lt;/Data&gt;&lt;Data Name='LogonHours'&gt;%%1797&lt;/Data&gt;&lt;/EventData&gt;&lt;/Event&gt;</raw>
            <TargetUserName>Hannah</TargetUserName>
            <SubjectUserName>adhd</SubjectUserName>
        </detection>
        <detection type="Event">
            <id>4720</id>
            <recordid>4651</recordid>
            <time>2020-06-11 22:05:00.906114600Z</time>
            <channel>Security</channel>
            <raw>&lt;Event xmlns='http://schemas.microsoft.com/win/2004/08/events/event'&gt;&lt;System&gt;&lt;Provider Name='Microsoft-Windows-Security-Auditing' Guid='{54849625-5478-4994-a5ba-3e3b0328c30d}'/&gt;&lt;EventID&gt;4720&lt;/EventID&gt;&lt;Version&gt;0&lt;/Version&gt;&lt;Level&gt;0&lt;/Level&gt;&lt;Task&gt;13824&lt;/Task&gt;&lt;Opcode&gt;0&lt;/Opcode&gt;&lt;Keywords&gt;0x8020000000000000&lt;/Keywords&gt;&lt;TimeCreated SystemTime='2020-06-11T22:05:00.9061146Z'/&gt;&lt;EventRecordID&gt;4651&lt;/EventRecordID&gt;&lt;Correlation ActivityID='{d0a5cb6e-403a-0001-29cc-a5d03a40d601}'/&gt;&lt;Execution ProcessID='740' ThreadID='788'/&gt;&lt;Channel&gt;Security&lt;/Channel&gt;&lt;Computer&gt;DESKTOP-I1T2G01&lt;/Computer&gt;&lt;Security/&gt;&lt;/System&gt;&lt;EventData&gt;&lt;Data Name='TargetUserName'&gt;Justin&lt;/Data&gt;&lt;Data Name='TargetDomainName'&gt;DESKTOP-I1T2G01&lt;/Data&gt;&lt;Data Name='TargetSid'&gt;S-1-5-21-4235200151-4210980811-2443358387-1101&lt;/Data&gt;&lt;Data Name='SubjectUserSid'&gt;S-1-5-21-4235200151-4210980811-2443358387-1000&lt;/Data&gt;&lt;Data Name='SubjectUserName'&gt;adhd&lt;/Data&gt;&lt;Data Name='SubjectDomainName'&gt;DESKTOP-I1T2G01&lt;/Data&gt;&lt;Data Name='SubjectLogonId'&gt;0x1c5da&lt;/Data&gt;&lt;Data Name='PrivilegeList'&gt;-&lt;/Data&gt;&lt;Data Name='SamAccountName'&gt;Justin&lt;/Data&gt;&lt;Data Name='DisplayName'&gt;%%1793&lt;/Data&gt;&lt;Data Name='UserPrincipalName'&gt;-&lt;/Data&gt;&lt;Data Name='HomeDirectory'&gt;%%1793&lt;/Data&gt;&lt;Data Name='HomePath'&gt;%%1793&lt;/Data&gt;&lt;Data Name='ScriptPath'&gt;%%1793&lt;/Data&gt;&lt;Data Name='ProfilePath'&gt;%%1793&lt;/Data&gt;&lt;Data Name='UserWorkstations'&gt;%%1793&lt;/Data&gt;&lt;Data Name='PasswordLastSet'&gt;%%1794&lt;/Data&gt;&lt;Data Name='AccountExpires'&gt;%%1794&lt;/Data&gt;&lt;Data Name='PrimaryGroupId'&gt;513&lt;/Data&gt;&lt;Data Name='AllowedToDelegateTo'&gt;-&lt;/Data&gt;&lt;Data Name='OldUacValue'&gt;0x0&lt;/Data&gt;&lt;Data Name='NewUacValue'&gt;0x15&lt;/Data&gt;&lt;Data Name='UserAccountControl'&gt;
		%%2080
		%%2082
		%%2084&lt;/Data&gt;&lt;Data Name='UserParameters'&gt;%%1793&lt;/Data&gt;&lt;Data Name='SidHistory'&gt;-&lt;/Data&gt;&lt;Data Name='LogonHours'&gt;%%1797&lt;/Data&gt;&lt;/EventData&gt;&lt;/Event&gt;</raw>
            <TargetUserName>Justin</TargetUserName>
            <SubjectUserName>adhd</SubjectUserName>
        </detection>
        <detection type="Event">
            <id>4720</id>
            <recordid>4645</recordid>
            <time>2020-06-11 22:05:00.809700100Z</time>
            <channel>Security</channel>
            <raw>&lt;Event xmlns='http://schemas.microsoft.com/win/2004/08/events/event'&gt;&lt;System&gt;&lt;Provider Name='Microsoft-Windows-Security-Auditing' Guid='{54849625-5478-4994-a5ba-3e3b0328c30d}'/&gt;&lt;EventID&gt;4720&lt;/EventID&gt;&lt;Version&gt;0&lt;/Version&gt;&lt;Level&gt;0&lt;/Level&gt;&lt;Task&gt;13824&lt;/Task&gt;&lt;Opcode&gt;0&lt;/Opcode&gt;&lt;Keywords&gt;0x8020000000000000&lt;/Keywords&gt;&lt;TimeCreated SystemTime='2020-06-11T22:05:00.8097001Z'/&gt;&lt;EventRecordID&gt;4645&lt;/EventRecordID&gt;&lt;Correlation ActivityID='{d0a5cb6e-403a-0001-29cc-a5d03a40d601}'/&gt;&lt;Execution ProcessID='740' ThreadID='8088'/&gt;&lt;Channel&gt;Security&lt;/Channel&gt;&lt;Computer&gt;DESKTOP-I1T2G01&lt;/Computer&gt;&lt;Security/&gt;&lt;/System&gt;&lt;EventData&gt;&lt;Data Name='TargetUserName'&gt;Brenda&lt;/Data&gt;&lt;Data Name='TargetDomainName'&gt;DESKTOP-I1T2G01&lt;/Data&gt;&lt;Data Name='TargetSid'&gt;S-1-5-21-4235200151-4210980811-2443358387-1100&lt;/Data&gt;&lt;Data Name='SubjectUserSid'&gt;S-1-5-21-4235200151-4210980811-2443358387-1000&lt;/Data&gt;&lt;Data Name='SubjectUserName'&gt;adhd&lt;/Data&gt;&lt;Data Name='SubjectDomainName'&gt;DESKTOP-I1T2G01&lt;/Data&gt;&lt;Data Name='SubjectLogonId'&gt;0x1c5da&lt;/Data&gt;&lt;Data Name='PrivilegeList'&gt;-&lt;/Data&gt;&lt;Data Name='SamAccountName'&gt;Brenda&lt;/Data&gt;&lt;Data Name='DisplayName'&gt;%%1793&lt;/Data&gt;&lt;Data Name='UserPrincipalName'&gt;-&lt;/Data&gt;&lt;Data Name='HomeDirectory'&gt;%%1793&lt;/Data&gt;&lt;Data Name='HomePath'&gt;%%1793&lt;/Data&gt;&lt;Data Name='ScriptPath'&gt;%%1793&lt;/Data&gt;&lt;Data Name='ProfilePath'&gt;%%1793&lt;/Data&gt;&lt;Data Name='UserWorkstations'&gt;%%1793&lt;/Data&gt;&lt;Data Name='PasswordLastSet'&gt;%%1794&lt;/Data&gt;&lt;Data Name='AccountExpires'&gt;%%1794&lt;/Data&gt;&lt;Data Name='PrimaryGroupId'&gt;513&lt;/Data&gt;&lt;Data Name='AllowedToDelegateTo'&gt;-&lt;/Data&gt;&lt;Data Name='OldUacValue'&gt;0x0&lt;/Data&gt;&lt;Data Name='NewUacValue'&gt;0x15&lt;/Data&gt;&lt;Data Name='UserAccountControl'&gt;
		%%2080
		%%2082
		%%2084&lt;/Data&gt;&lt;Data Name='UserParameters'&gt;%%1793&lt;/Data&gt;&lt;Data Name='SidHistory'&gt;-&lt;/Data&gt;&lt;Data Name='LogonHours'&gt;%%1797&lt;/Data&gt;&lt;/EventData&gt;&lt;/Event&gt;</raw>
            <TargetUserName>Brenda</TargetUserName>
            <SubjectUserName>adhd</SubjectUserName>
        </detection>
        <detection type="Event">
            <id>4720</id>
            <recordid>4639</recordid>
            <time>2020-06-11 22:05:00.628014300Z</time>
            <channel>Security</channel>
            <raw>&lt;Event xmlns='http://schemas.microsoft.com/win/2004/08/events/event'&gt;&lt;System&gt;&lt;Provider Name='Microsoft-Windows-Security-Auditing' Guid='{54849625-5478-4994-a5ba-3e3b0328c30d}'/&gt;&lt;EventID&gt;4720&lt;/EventID&gt;&lt;Version&gt;0&lt;/Version&gt;&lt;Level&gt;0&lt;/Level&gt;&lt;Task&gt;13824&lt;/Task&gt;&lt;Opcode&gt;0&lt;/Opcode&gt;&lt;Keywords&gt;0x8020000000000000&lt;/Keywords&gt;&lt;TimeCreated SystemTime='2020-06-11T22:05:00.6280143Z'/&gt;&lt;EventRecordID&gt;4639&lt;/EventRecordID&gt;&lt;Correlation ActivityID='{d0a5cb6e-403a-0001-29cc-a5d03a40d601}'/&gt;&lt;Execution ProcessID='740' ThreadID='788'/&gt;&lt;Channel&gt;Security&lt;/Channel&gt;&lt;Computer&gt;DESKTOP-I1T2G01&lt;/Computer&gt;&lt;Security/&gt;&lt;/System&gt;&lt;EventData&gt;&lt;Data Name='TargetUserName'&gt;Diane&lt;/Data&gt;&lt;Data Name='TargetDomainName'&gt;DESKTOP-I1T2G01&lt;/Data&gt;&lt;Data Name='TargetSid'&gt;S-1-5-21-4235200151-4210980811-2443358387-1099&lt;/Data&gt;&lt;Data Name='SubjectUserSid'&gt;S-1-5-21-4235200151-4210980811-2443358387-1000&lt;/Data&gt;&lt;Data Name='SubjectUserName'&gt;adhd&lt;/Data&gt;&lt;Data Name='SubjectDomainName'&gt;DESKTOP-I1T2G01&lt;/Data&gt;&lt;Data Name='SubjectLogonId'&gt;0x1c5da&lt;/Data&gt;&lt;Data Name='PrivilegeList'&gt;-&lt;/Data&gt;&lt;Data Name='SamAccountName'&gt;Diane&lt;/Data&gt;&lt;Data Name='DisplayName'&gt;%%1793&lt;/Data&gt;&lt;Data Name='UserPrincipalName'&gt;-&lt;/Data&gt;&lt;Data Name='HomeDirectory'&gt;%%1793&lt;/Data&gt;&lt;Data Name='HomePath'&gt;%%1793&lt;/Data&gt;&lt;Data Name='ScriptPath'&gt;%%1793&lt;/Data&gt;&lt;Data Name='ProfilePath'&gt;%%1793&lt;/Data&gt;&lt;Data Name='UserWorkstations'&gt;%%1793&lt;/Data&gt;&lt;Data Name='PasswordLastSet'&gt;%%1794&lt;/Data&gt;&lt;Data Name='AccountExpires'&gt;%%1794&lt;/Data&gt;&lt;Data Name='PrimaryGroupId'&gt;513&lt;/Data&gt;&lt;Data Name='AllowedToDelegateTo'&gt;-&lt;/Data&gt;&lt;Data Name='OldUacValue'&gt;0x0&lt;/Data&gt;&lt;Data Name='NewUacValue'&gt;0x15&lt;/Data&gt;&lt;Data Name='UserAccountControl'&gt;
		%%2080
		%%2082
		%%2084&lt;/Data&gt;&lt;Data Name='UserParameters'&gt;%%1793&lt;/Data&gt;&lt;Data Name='SidHistory'&gt;-&lt;/Data&gt;&lt;Data Name='LogonHours'&gt;%%1797&lt;/Data&gt;&lt;/EventData&gt;&lt;/Event&gt;</raw>
            <TargetUserName>Diane</TargetUserName>
            <SubjectUserName>adhd</SubjectUserName>
        </detection>
        <detection type="Event">
            <id>4720</id>
            <recordid>4633</recordid>
            <time>2020-06-11 22:05:00.533536900Z</time>
            <channel>Security</channel>
            <raw>&lt;Event xmlns='http://schemas.microsoft.com/win/2004/08/events/event'&gt;&lt;System&gt;&lt;Provider Name='Microsoft-Windows-Security-Auditing' Guid='{54849625-5478-4994-a5ba-3e3b0328c30d}'/&gt;&lt;EventID&gt;4720&lt;/EventID&gt;&lt;Version&gt;0&lt;/Version&gt;&lt;Level&gt;0&lt;/Level&gt;&lt;Task&gt;13824&lt;/Task&gt;&lt;Opcode&gt;0&lt;/Opcode&gt;&lt;Keywords&gt;0x8020000000000000&lt;/Keywords&gt;&lt;TimeCreated SystemTime='2020-06-11T22:05:00.5335369Z'/&gt;&lt;EventRecordID&gt;4633&lt;/EventRecordID&gt;&lt;Correlation ActivityID='{d0a5cb6e-403a-0001-29cc-a5d03a40d601}'/&gt;&lt;Execution ProcessID='740' ThreadID='788'/&gt;&lt;Channel&gt;Security&lt;/Channel&gt;&lt;Computer&gt;DESKTOP-I1T2G01&lt;/Computer&gt;&lt;Security/&gt;&lt;/System&gt;&lt;EventData&gt;&lt;Data Name='TargetUserName'&gt;Billy&lt;/Data&gt;&lt;Data Name='TargetDomainName'&gt;DESKTOP-I1T2G01&lt;/Data&gt;&lt;Data Name='TargetSid'&gt;S-1-5-21-4235200151-4210980811-2443358387-1098&lt;/Data&gt;&lt;Data Name='SubjectUserSid'&gt;S-1-5-21-4235200151-4210980811-2443358387-1000&lt;/Data&gt;&lt;Data Name='SubjectUserName'&gt;adhd&lt;/Data&gt;&lt;Data Name='SubjectDomainName'&gt;DESKTOP-I1T2G01&lt;/Data&gt;&lt;Data Name='SubjectLogonId'&gt;0x1c5da&lt;/Data&gt;&lt;Data Name='PrivilegeList'&gt;-&lt;/Data&gt;&lt;Data Name='SamAccountName'&gt;Billy&lt;/Data&gt;&lt;Data Name='DisplayName'&gt;%%1793&lt;/Data&gt;&lt;Data Name='UserPrincipalName'&gt;-&lt;/Data&gt;&lt;Data Name='HomeDirectory'&gt;%%1793&lt;/Data&gt;&lt;Data Name='HomePath'&gt;%%1793&lt;/Data&gt;&lt;Data Name='ScriptPath'&gt;%%1793&lt;/Data&gt;&lt;Data Name='ProfilePath'&gt;%%1793&lt;/Data&gt;&lt;Data Name='UserWorkstations'&gt;%%1793&lt;/Data&gt;&lt;Data Name='PasswordLastSet'&gt;%%1794&lt;/Data&gt;&lt;Data Name='AccountExpires'&gt;%%1794&lt;/Data&gt;&lt;Data Name='PrimaryGroupId'&gt;513&lt;/Data&gt;&lt;Data Name='AllowedToDelegateTo'&gt;-&lt;/Data&gt;&lt;Data Name='OldUacValue'&gt;0x0&lt;/Data&gt;&lt;Data Name='NewUacValue'&gt;0x15&lt;/Data&gt;&lt;Data Name='UserAccountControl'&gt;
		%%2080
		%%2082
		%%2084&lt;/Data&gt;&lt;Data Name='UserParameters'&gt;%%1793&lt;/Data&gt;&lt;Data Name='SidHistory'&gt;-&lt;/Data&gt;&lt;Data Name='LogonHours'&gt;%%1797&lt;/Data&gt;&lt;/EventData&gt;&lt;/Event&gt;</raw>
            <TargetUserName>Billy</TargetUserName>
            <SubjectUserName>adhd</SubjectUserName>
        </detection>
        <detection type="Event">
            <id>4720</id>
            <recordid>4627</recordid>
            <time>2020-06-11 22:05:00.455572300Z</time>
            <channel>Security</channel>
            <raw>&lt;Event xmlns='http://schemas.microsoft.com/win/2004/08/events/event'&gt;&lt;System&gt;&lt;Provider Name='Microsoft-Windows-Security-Auditing' Guid='{54849625-5478-4994-a5ba-3e3b0328c30d}'/&gt;&lt;EventID&gt;4720&lt;/EventID&gt;&lt;Version&gt;0&lt;/Version&gt;&lt;Level&gt;0&lt;/Level&gt;&lt;Task&gt;13824&lt;/Task&gt;&lt;Opcode&gt;0&lt;/Opcode&gt;&lt;Keywords&gt;0x8020000000000000&lt;/Keywords&gt;&lt;TimeCreated SystemTime='2020-06-11T22:05:00.4555723Z'/&gt;&lt;EventRecordID&gt;4627&lt;/EventRecordID&gt;&lt;Correlation ActivityID='{d0a5cb6e-403a-0001-29cc-a5d03a40d601}'/&gt;&lt;Execution ProcessID='740' ThreadID='788'/&gt;&lt;Channel&gt;Security&lt;/Channel&gt;&lt;Computer&gt;DESKTOP-I1T2G01&lt;/Computer&gt;&lt;Security/&gt;&lt;/System&gt;&lt;EventData&gt;&lt;Data Name='TargetUserName'&gt;Megan&lt;/Data&gt;&lt;Data Name='TargetDomainName'&gt;DESKTOP-I1T2G01&lt;/Data&gt;&lt;Data Name='TargetSid'&gt;S-1-5-21-4235200151-4210980811-2443358387-1097&lt;/Data&gt;&lt;Data Name='SubjectUserSid'&gt;S-1-5-21-4235200151-4210980811-2443358387-1000&lt;/Data&gt;&lt;Data Name='SubjectUserName'&gt;adhd&lt;/Data&gt;&lt;Data Name='SubjectDomainName'&gt;DESKTOP-I1T2G01&lt;/Data&gt;&lt;Data Name='SubjectLogonId'&gt;0x1c5da&lt;/Data&gt;&lt;Data Name='PrivilegeList'&gt;-&lt;/Data&gt;&lt;Data Name='SamAccountName'&gt;Megan&lt;/Data&gt;&lt;Data Name='DisplayName'&gt;%%1793&lt;/Data&gt;&lt;Data Name='UserPrincipalName'&gt;-&lt;/Data&gt;&lt;Data Name='HomeDirectory'&gt;%%1793&lt;/Data&gt;&lt;Data Name='HomePath'&gt;%%1793&lt;/Data&gt;&lt;Data Name='ScriptPath'&gt;%%1793&lt;/Data&gt;&lt;Data Name='ProfilePath'&gt;%%1793&lt;/Data&gt;&lt;Data Name='UserWorkstations'&gt;%%1793&lt;/Data&gt;&lt;Data Name='PasswordLastSet'&gt;%%1794&lt;/Data&gt;&lt;Data Name='AccountExpires'&gt;%%1794&lt;/Data&gt;&lt;Data Name='PrimaryGroupId'&gt;513&lt;/Data&gt;&lt;Data Name='AllowedToDelegateTo'&gt;-&lt;/Data&gt;&lt;Data Name='OldUacValue'&gt;0x0&lt;/Data&gt;&lt;Data Name='NewUacValue'&gt;0x15&lt;/Data&gt;&lt;Data Name='UserAccountControl'&gt;
		%%2080
		%%2082
		%%2084&lt;/Data&gt;&lt;Data Name='UserParameters'&gt;%%1793&lt;/Data&gt;&lt;Data Name='SidHistory'&gt;-&lt;/Data&gt;&lt;Data Name='LogonHours'&gt;%%1797&lt;/Data&gt;&lt;/EventData&gt;&lt;/Event&gt;</raw>
            <TargetUserName>Megan</TargetUserName>
            <SubjectUserName>adhd</SubjectUserName>
        </detection>
        <detection type="Event">
            <id>4720</id>
            <recordid>4621</recordid>
            <time>2020-06-11 22:05:00.373644300Z</time>
            <channel>Security</channel>
            <raw>&lt;Event xmlns='http://schemas.microsoft.com/win/2004/08/events/event'&gt;&lt;System&gt;&lt;Provider Name='Microsoft-Windows-Security-Auditing' Guid='{54849625-5478-4994-a5ba-3e3b0328c30d}'/&gt;&lt;EventID&gt;4720&lt;/EventID&gt;&lt;Version&gt;0&lt;/Version&gt;&lt;Level&gt;0&lt;/Level&gt;&lt;Task&gt;13824&lt;/Task&gt;&lt;Opcode&gt;0&lt;/Opcode&gt;&lt;Keywords&gt;0x8020000000000000&lt;/Keywords&gt;&lt;TimeCreated SystemTime='2020-06-11T22:05:00.3736443Z'/&gt;&lt;EventRecordID&gt;4621&lt;/EventRecordID&gt;&lt;Correlation ActivityID='{d0a5cb6e-403a-0001-29cc-a5d03a40d601}'/&gt;&lt;Execution ProcessID='740' ThreadID='788'/&gt;&lt;Channel&gt;Security&lt;/Channel&gt;&lt;Computer&gt;DESKTOP-I1T2G01&lt;/Computer&gt;&lt;Security/&gt;&lt;/System&gt;&lt;EventData&gt;&lt;Data Name='TargetUserName'&gt;Zachary&lt;/Data&gt;&lt;Data Name='TargetDomainName'&gt;DESKTOP-I1T2G01&lt;/Data&gt;&lt;Data Name='TargetSid'&gt;S-1-5-21-4235200151-4210980811-2443358387-1096&lt;/Data&gt;&lt;Data Name='SubjectUserSid'&gt;S-1-5-21-4235200151-4210980811-2443358387-1000&lt;/Data&gt;&lt;Data Name='SubjectUserName'&gt;adhd&lt;/Data&gt;&lt;Data Name='SubjectDomainName'&gt;DESKTOP-I1T2G01&lt;/Data&gt;&lt;Data Name='SubjectLogonId'&gt;0x1c5da&lt;/Data&gt;&lt;Data Name='PrivilegeList'&gt;-&lt;/Data&gt;&lt;Data Name='SamAccountName'&gt;Zachary&lt;/Data&gt;&lt;Data Name='DisplayName'&gt;%%1793&lt;/Data&gt;&lt;Data Name='UserPrincipalName'&gt;-&lt;/Data&gt;&lt;Data Name='HomeDirectory'&gt;%%1793&lt;/Data&gt;&lt;Data Name='HomePath'&gt;%%1793&lt;/Data&gt;&lt;Data Name='ScriptPath'&gt;%%1793&lt;/Data&gt;&lt;Data Name='ProfilePath'&gt;%%1793&lt;/Data&gt;&lt;Data Name='UserWorkstations'&gt;%%1793&lt;/Data&gt;&lt;Data Name='PasswordLastSet'&gt;%%1794&lt;/Data&gt;&lt;Data Name='AccountExpires'&gt;%%1794&lt;/Data&gt;&lt;Data Name='PrimaryGroupId'&gt;513&lt;/Data&gt;&lt;Data Name='AllowedToDelegateTo'&gt;-&lt;/Data&gt;&lt;Data Name='OldUacValue'&gt;0x0&lt;/Data&gt;&lt;Data Name='NewUacValue'&gt;0x15&lt;/Data&gt;&lt;Data Name='UserAccountControl'&gt;
		%%2080
		%%2082
		%%2084&lt;/Data&gt;&lt;Data Name='UserParameters'&gt;%%1793&lt;/Data&gt;&lt;Data Name='SidHistory'&gt;-&lt;/Data&gt;&lt;Data Name='LogonHours'&gt;%%1797&lt;/Data&gt;&lt;/EventData&gt;&lt;/Event&gt;</raw>
            <TargetUserName>Zachary</TargetUserName>
            <SubjectUserName>adhd</SubjectUserName>
        </detection>
        <detection type="Event">
            <id>4720</id>
            <recordid>4615</recordid>
            <time>2020-06-11 22:05:00.266796400Z</time>
            <channel>Security</channel>
            <raw>&lt;Event xmlns='http://schemas.microsoft.com/win/2004/08/events/event'&gt;&lt;System&gt;&lt;Provider Name='Microsoft-Windows-Security-Auditing' Guid='{54849625-5478-4994-a5ba-3e3b0328c30d}'/&gt;&lt;EventID&gt;4720&lt;/EventID&gt;&lt;Version&gt;0&lt;/Version&gt;&lt;Level&gt;0&lt;/Level&gt;&lt;Task&gt;13824&lt;/Task&gt;&lt;Opcode&gt;0&lt;/Opcode&gt;&lt;Keywords&gt;0x8020000000000000&lt;/Keywords&gt;&lt;TimeCreated SystemTime='2020-06-11T22:05:00.2667964Z'/&gt;&lt;EventRecordID&gt;4615&lt;/EventRecordID&gt;&lt;Correlation ActivityID='{d0a5cb6e-403a-0001-29cc-a5d03a40d601}'/&gt;&lt;Execution ProcessID='740' ThreadID='788'/&gt;&lt;Channel&gt;Security&lt;/Channel&gt;&lt;Computer&gt;DESKTOP-I1T2G01&lt;/Computer&gt;&lt;Security/&gt;&lt;/System&gt;&lt;EventData&gt;&lt;Data Name='TargetUserName'&gt;Diana&lt;/Data&gt;&lt;Data Name='TargetDomainName'&gt;DESKTOP-I1T2G01&lt;/Data&gt;&lt;Data Name='TargetSid'&gt;S-1-5-21-4235200151-4210980811-2443358387-1095&lt;/Data&gt;&lt;Data Name='SubjectUserSid'&gt;S-1-5-21-4235200151-4210980811-2443358387-1000&lt;/Data&gt;&lt;Data Name='SubjectUserName'&gt;adhd&lt;/Data&gt;&lt;Data Name='SubjectDomainName'&gt;DESKTOP-I1T2G01&lt;/Data&gt;&lt;Data Name='SubjectLogonId'&gt;0x1c5da&lt;/Data&gt;&lt;Data Name='PrivilegeList'&gt;-&lt;/Data&gt;&lt;Data Name='SamAccountName'&gt;Diana&lt;/Data&gt;&lt;Data Name='DisplayName'&gt;%%1793&lt;/Data&gt;&lt;Data Name='UserPrincipalName'&gt;-&lt;/Data&gt;&lt;Data Name='HomeDirectory'&gt;%%1793&lt;/Data&gt;&lt;Data Name='HomePath'&gt;%%1793&lt;/Data&gt;&lt;Data Name='ScriptPath'&gt;%%1793&lt;/Data&gt;&lt;Data Name='ProfilePath'&gt;%%1793&lt;/Data&gt;&lt;Data Name='UserWorkstations'&gt;%%1793&lt;/Data&gt;&lt;Data Name='PasswordLastSet'&gt;%%1794&lt;/Data&gt;&lt;Data Name='AccountExpires'&gt;%%1794&lt;/Data&gt;&lt;Data Name='PrimaryGroupId'&gt;513&lt;/Data&gt;&lt;Data Name='AllowedToDelegateTo'&gt;-&lt;/Data&gt;&lt;Data Name='OldUacValue'&gt;0x0&lt;/Data&gt;&lt;Data Name='NewUacValue'&gt;0x15&lt;/Data&gt;&lt;Data Name='UserAccountControl'&gt;
		%%2080
		%%2082
		%%2084&lt;/Data&gt;&lt;Data Name='UserParameters'&gt;%%1793&lt;/Data&gt;&lt;Data Name='SidHistory'&gt;-&lt;/Data&gt;&lt;Data Name='LogonHours'&gt;%%1797&lt;/Data&gt;&lt;/EventData&gt;&lt;/Event&gt;</raw>
            <TargetUserName>Diana</TargetUserName>
            <SubjectUserName>adhd</SubjectUserName>
        </detection>
        <detection type="Event">
            <id>4720</id>
            <recordid>4609</recordid>
            <time>2020-06-11 22:05:00.185004300Z</time>
            <channel>Security</channel>
            <raw>&lt;Event xmlns='http://schemas.microsoft.com/win/2004/08/events/event'&gt;&lt;System&gt;&lt;Provider Name='Microsoft-Windows-Security-Auditing' Guid='{54849625-5478-4994-a5ba-3e3b0328c30d}'/&gt;&lt;EventID&gt;4720&lt;/EventID&gt;&lt;Version&gt;0&lt;/Version&gt;&lt;Level&gt;0&lt;/Level&gt;&lt;Task&gt;13824&lt;/Task&gt;&lt;Opcode&gt;0&lt;/Opcode&gt;&lt;Keywords&gt;0x8020000000000000&lt;/Keywords&gt;&lt;TimeCreated SystemTime='2020-06-11T22:05:00.1850043Z'/&gt;&lt;EventRecordID&gt;4609&lt;/EventRecordID&gt;&lt;Correlation ActivityID='{d0a5cb6e-403a-0001-29cc-a5d03a40d601}'/&gt;&lt;Execution ProcessID='740' ThreadID='788'/&gt;&lt;Channel&gt;Security&lt;/Channel&gt;&lt;Computer&gt;DESKTOP-I1T2G01&lt;/Computer&gt;&lt;Security/&gt;&lt;/System&gt;&lt;EventData&gt;&lt;Data Name='TargetUserName'&gt;Carl&lt;/Data&gt;&lt;Data Name='TargetDomainName'&gt;DESKTOP-I1T2G01&lt;/Data&gt;&lt;Data Name='TargetSid'&gt;S-1-5-21-4235200151-4210980811-2443358387-1094&lt;/Data&gt;&lt;Data Name='SubjectUserSid'&gt;S-1-5-21-4235200151-4210980811-2443358387-1000&lt;/Data&gt;&lt;Data Name='SubjectUserName'&gt;adhd&lt;/Data&gt;&lt;Data Name='SubjectDomainName'&gt;DESKTOP-I1T2G01&lt;/Data&gt;&lt;Data Name='SubjectLogonId'&gt;0x1c5da&lt;/Data&gt;&lt;Data Name='PrivilegeList'&gt;-&lt;/Data&gt;&lt;Data Name='SamAccountName'&gt;Carl&lt;/Data&gt;&lt;Data Name='DisplayName'&gt;%%1793&lt;/Data&gt;&lt;Data Name='UserPrincipalName'&gt;-&lt;/Data&gt;&lt;Data Name='HomeDirectory'&gt;%%1793&lt;/Data&gt;&lt;Data Name='HomePath'&gt;%%1793&lt;/Data&gt;&lt;Data Name='ScriptPath'&gt;%%1793&lt;/Data&gt;&lt;Data Name='ProfilePath'&gt;%%1793&lt;/Data&gt;&lt;Data Name='UserWorkstations'&gt;%%1793&lt;/Data&gt;&lt;Data Name='PasswordLastSet'&gt;%%1794&lt;/Data&gt;&lt;Data Name='AccountExpires'&gt;%%1794&lt;/Data&gt;&lt;Data Name='PrimaryGroupId'&gt;513&lt;/Data&gt;&lt;Data Name='AllowedToDelegateTo'&gt;-&lt;/Data&gt;&lt;Data Name='OldUacValue'&gt;0x0&lt;/Data&gt;&lt;Data Name='NewUacValue'&gt;0x15&lt;/Data&gt;&lt;Data Name='UserAccountControl'&gt;
		%%2080
		%%2082
		%%2084&lt;/Data&gt;&lt;Data Name='UserParameters'&gt;%%1793&lt;/Data&gt;&lt;Data Name='SidHistory'&gt;-&lt;/Data&gt;&lt;Data Name='LogonHours'&gt;%%1797&lt;/Data&gt;&lt;/EventData&gt;&lt;/Event&gt;</raw>
            <TargetUserName>Carl</TargetUserName>
            <SubjectUserName>adhd</SubjectUserName>
        </detection>
        <detection type="Event">
            <id>4720</id>
            <recordid>4603</recordid>
            <time>2020-06-11 22:04:59.957718700Z</time>
            <channel>Security</channel>
            <raw>&lt;Event xmlns='http://schemas.microsoft.com/win/2004/08/events/event'&gt;&lt;System&gt;&lt;Provider Name='Microsoft-Windows-Security-Auditing' Guid='{54849625-5478-4994-a5ba-3e3b0328c30d}'/&gt;&lt;EventID&gt;4720&lt;/EventID&gt;&lt;Version&gt;0&lt;/Version&gt;&lt;Level&gt;0&lt;/Level&gt;&lt;Task&gt;13824&lt;/Task&gt;&lt;Opcode&gt;0&lt;/Opcode&gt;&lt;Keywords&gt;0x8020000000000000&lt;/Keywords&gt;&lt;TimeCreated SystemTime='2020-06-11T22:04:59.9577187Z'/&gt;&lt;EventRecordID&gt;4603&lt;/EventRecordID&gt;&lt;Correlation ActivityID='{d0a5cb6e-403a-0001-29cc-a5d03a40d601}'/&gt;&lt;Execution ProcessID='740' ThreadID='792'/&gt;&lt;Channel&gt;Security&lt;/Channel&gt;&lt;Computer&gt;DESKTOP-I1T2G01&lt;/Computer&gt;&lt;Security/&gt;&lt;/System&gt;&lt;EventData&gt;&lt;Data Name='TargetUserName'&gt;Olivia&lt;/Data&gt;&lt;Data Name='TargetDomainName'&gt;DESKTOP-I1T2G01&lt;/Data&gt;&lt;Data Name='TargetSid'&gt;S-1-5-21-4235200151-4210980811-2443358387-1093&lt;/Data&gt;&lt;Data Name='SubjectUserSid'&gt;S-1-5-21-4235200151-4210980811-2443358387-1000&lt;/Data&gt;&lt;Data Name='SubjectUserName'&gt;adhd&lt;/Data&gt;&lt;Data Name='SubjectDomainName'&gt;DESKTOP-I1T2G01&lt;/Data&gt;&lt;Data Name='SubjectLogonId'&gt;0x1c5da&lt;/Data&gt;&lt;Data Name='PrivilegeList'&gt;-&lt;/Data&gt;&lt;Data Name='SamAccountName'&gt;Olivia&lt;/Data&gt;&lt;Data Name='DisplayName'&gt;%%1793&lt;/Data&gt;&lt;Data Name='UserPrincipalName'&gt;-&lt;/Data&gt;&lt;Data Name='HomeDirectory'&gt;%%1793&lt;/Data&gt;&lt;Data Name='HomePath'&gt;%%1793&lt;/Data&gt;&lt;Data Name='ScriptPath'&gt;%%1793&lt;/Data&gt;&lt;Data Name='ProfilePath'&gt;%%1793&lt;/Data&gt;&lt;Data Name='UserWorkstations'&gt;%%1793&lt;/Data&gt;&lt;Data Name='PasswordLastSet'&gt;%%1794&lt;/Data&gt;&lt;Data Name='AccountExpires'&gt;%%1794&lt;/Data&gt;&lt;Data Name='PrimaryGroupId'&gt;513&lt;/Data&gt;&lt;Data Name='AllowedToDelegateTo'&gt;-&lt;/Data&gt;&lt;Data Name='OldUacValue'&gt;0x0&lt;/Data&gt;&lt;Data Name='NewUacValue'&gt;0x15&lt;/Data&gt;&lt;Data Name='UserAccountControl'&gt;
		%%2080
		%%2082
		%%2084&lt;/Data&gt;&lt;Data Name='UserParameters'&gt;%%1793&lt;/Data&gt;&lt;Data Name='SidHistory'&gt;-&lt;/Data&gt;&lt;Data Name='LogonHours'&gt;%%1797&lt;/Data&gt;&lt;/EventData&gt;&lt;/Event&gt;</raw>
            <TargetUserName>Olivia</TargetUserName>
            <SubjectUserName>adhd</SubjectUserName>
        </detection>
        <detection type="Event">
            <id>4720</id>
            <recordid>4597</recordid>
            <time>2020-06-11 22:04:59.880188300Z</time>
            <channel>Security</channel>
            <raw>&lt;Event xmlns='http://schemas.microsoft.com/win/2004/08/events/event'&gt;&lt;System&gt;&lt;Provider Name='Microsoft-Windows-Security-Auditing' Guid='{54849625-5478-4994-a5ba-3e3b0328c30d}'/&gt;&lt;EventID&gt;4720&lt;/EventID&gt;&lt;Version&gt;0&lt;/Version&gt;&lt;Level&gt;0&lt;/Level&gt;&lt;Task&gt;13824&lt;/Task&gt;&lt;Opcode&gt;0&lt;/Opcode&gt;&lt;Keywords&gt;0x8020000000000000&lt;/Keywords&gt;&lt;TimeCreated SystemTime='2020-06-11T22:04:59.8801883Z'/&gt;&lt;EventRecordID&gt;4597&lt;/EventRecordID&gt;&lt;Correlation ActivityID='{d0a5cb6e-403a-0001-29cc-a5d03a40d601}'/&gt;&lt;Execution ProcessID='740' ThreadID='792'/&gt;&lt;Channel&gt;Security&lt;/Channel&gt;&lt;Computer&gt;DESKTOP-I1T2G01&lt;/Computer&gt;&lt;Security/&gt;&lt;/System&gt;&lt;EventData&gt;&lt;Data Name='TargetUserName'&gt;Michelle&lt;/Data&gt;&lt;Data Name='TargetDomainName'&gt;DESKTOP-I1T2G01&lt;/Data&gt;&lt;Data Name='TargetSid'&gt;S-1-5-21-4235200151-4210980811-2443358387-1092&lt;/Data&gt;&lt;Data Name='SubjectUserSid'&gt;S-1-5-21-4235200151-4210980811-2443358387-1000&lt;/Data&gt;&lt;Data Name='SubjectUserName'&gt;adhd&lt;/Data&gt;&lt;Data Name='SubjectDomainName'&gt;DESKTOP-I1T2G01&lt;/Data&gt;&lt;Data Name='SubjectLogonId'&gt;0x1c5da&lt;/Data&gt;&lt;Data Name='PrivilegeList'&gt;-&lt;/Data&gt;&lt;Data Name='SamAccountName'&gt;Michelle&lt;/Data&gt;&lt;Data Name='DisplayName'&gt;%%1793&lt;/Data&gt;&lt;Data Name='UserPrincipalName'&gt;-&lt;/Data&gt;&lt;Data Name='HomeDirectory'&gt;%%1793&lt;/Data&gt;&lt;Data Name='HomePath'&gt;%%1793&lt;/Data&gt;&lt;Data Name='ScriptPath'&gt;%%1793&lt;/Data&gt;&lt;Data Name='ProfilePath'&gt;%%1793&lt;/Data&gt;&lt;Data Name='UserWorkstations'&gt;%%1793&lt;/Data&gt;&lt;Data Name='PasswordLastSet'&gt;%%1794&lt;/Data&gt;&lt;Data Name='AccountExpires'&gt;%%1794&lt;/Data&gt;&lt;Data Name='PrimaryGroupId'&gt;513&lt;/Data&gt;&lt;Data Name='AllowedToDelegateTo'&gt;-&lt;/Data&gt;&lt;Data Name='OldUacValue'&gt;0x0&lt;/Data&gt;&lt;Data Name='NewUacValue'&gt;0x15&lt;/Data&gt;&lt;Data Name='UserAccountControl'&gt;
		%%2080
		%%2082
		%%2084&lt;/Data&gt;&lt;Data Name='UserParameters'&gt;%%1793&lt;/Data&gt;&lt;Data Name='SidHistory'&gt;-&lt;/Data&gt;&lt;Data Name='LogonHours'&gt;%%1797&lt;/Data&gt;&lt;/EventData&gt;&lt;/Event&gt;