</raw>
            <TargetUserName>Stephanie</TargetUserName>
            <SubjectUserName>adhd</SubjectUserName>
        </detection>
        <detection type="Event">
            <id>4720</id>
            <recordid>4819</recordid>
            <time>2020-06-11 22:05:03.690567200Z</time>
            <channel>Security</channel>
            <raw>&lt;Event xmlns='http://schemas.microsoft.com/win/2004/08/events/event'&gt;&lt;System&gt;&lt;Provider Name='Microsoft-Windows-Security-Auditing' Guid='{54849625-5478-4994-a5ba-3e3b0328c30d}'/&gt;&lt;EventID&gt;4720&lt;/EventID&gt;&lt;Version&gt;0&lt;/Version&gt;&lt;Level&gt;0&lt;/Level&gt;&lt;Task&gt;13824&lt;/Task&gt;&lt;Opcode&gt;0&lt;/Opcode&gt;&lt;Keywords&gt;0x8020000000000000&lt;/Keywords&gt;&lt;TimeCreated SystemTime='2020-06-11T22:05:03.6905672Z'/&gt;&lt;EventRecordID&gt;4819&lt;/EventRecordID&gt;&lt;Correlation ActivityID='{d0a5cb6e-403a-0001-29cc-a5d03a40d601}'/&gt;&lt;Execution ProcessID='740' ThreadID='788'/&gt;&lt;Channel&gt;Security&lt;/Channel&gt;&lt;Computer&gt;DESKTOP-I1T2G01&lt;/Computer&gt;&lt;Security/&gt;&lt;/System&gt;&lt;EventData&gt;&lt;Data Name='TargetUserName'&gt;Jonathan&lt;/Data&gt;&lt;Data Name='TargetDomainName'&gt;DESKTOP-I1T2G01&lt;/Data&gt;&lt;Data Name='TargetSid'&gt;S-1-5-21-4235200151-4210980811-2443358387-1129&lt;/Data&gt;&lt;Data Name='SubjectUserSid'&gt;S-1-5-21-4235200151-4210980811-2443358387-1000&lt;/Data&gt;&lt;Data Name='SubjectUserName'&gt;adhd&lt;/Data&gt;&lt;Data Name='SubjectDomainName'&gt;DESKTOP-I1T2G01&lt;/Data&gt;&lt;Data Name='SubjectLogonId'&gt;0x1c5da&lt;/Data&gt;&lt;Data Name='PrivilegeList'&gt;-&lt;/Data&gt;&lt;Data Name='SamAccountName'&gt;Jonathan&lt;/Data&gt;&lt;Data Name='DisplayName'&gt;%%1793&lt;/Data&gt;&lt;Data Name='UserPrincipalName'&gt;-&lt;/Data&gt;&lt;Data Name='HomeDirectory'&gt;%%1793&lt;/Data&gt;&lt;Data Name='HomePath'&gt;%%1793&lt;/Data&gt;&lt;Data Name='ScriptPath'&gt;%%1793&lt;/Data&gt;&lt;Data Name='ProfilePath'&gt;%%1793&lt;/Data&gt;&lt;Data Name='UserWorkstations'&gt;%%1793&lt;/Data&gt;&lt;Data Name='PasswordLastSet'&gt;%%1794&lt;/Data&gt;&lt;Data Name='AccountExpires'&gt;%%1794&lt;/Data&gt;&lt;Data Name='PrimaryGroupId'&gt;513&lt;/Data&gt;&lt;Data Name='AllowedToDelegateTo'&gt;-&lt;/Data&gt;&lt;Data Name='OldUacValue'&gt;0x0&lt;/Data&gt;&lt;Data Name='NewUacValue'&gt;0x15&lt;/Data&gt;&lt;Data Name='UserAccountControl'&gt;
		%%2080
		%%2082
		%%2084&lt;/Data&gt;&lt;Data Name='UserParameters'&gt;%%1793&lt;/Data&gt;&lt;Data Name='SidHistory'&gt;-&lt;/Data&gt;&lt;Data Name='LogonHours'&gt;%%1797&lt;/Data&gt;&lt;/EventData&gt;&lt;/Event&gt;</raw>
            <TargetUserName>Jonathan</TargetUserName>
            <SubjectUserName>adhd</SubjectUserName>
        </detection>
        <detection type="Event">
            <id>4720</id>
            <recordid>4813</recordid>
            <time>2020-06-11 22:05:03.594471200Z</time>
            <channel>Security</channel>
            <raw>&lt;Event xmlns='http://schemas.microsoft.com/win/2004/08/events/event'&gt;&lt;System&gt;&lt;Provider Name='Microsoft-Windows-Security-Auditing' Guid='{54849625-5478-4994-a5ba-3e3b0328c30d}'/&gt;&lt;EventID&gt;4720&lt;/EventID&gt;&lt;Version&gt;0&lt;/Version&gt;&lt;Level&gt;0&lt;/Level&gt;&lt;Task&gt;13824&lt;/Task&gt;&lt;Opcode&gt;0&lt;/Opcode&gt;&lt;Keywords&gt;0x8020000000000000&lt;/Keywords&gt;&lt;TimeCreated SystemTime='2020-06-11T22:05:03.5944712Z'/&gt;&lt;EventRecordID&gt;4813&lt;/EventRecordID&gt;&lt;Correlation ActivityID='{d0a5cb6e-403a-0001-29cc-a5d03a40d601}'/&gt;&lt;Execution ProcessID='740' ThreadID='792'/&gt;&lt;Channel&gt;Security&lt;/Channel&gt;&lt;Computer&gt;DESKTOP-I1T2G01&lt;/Computer&gt;&lt;Security/&gt;&lt;/System&gt;&lt;EventData&gt;&lt;Data Name='TargetUserName'&gt;Judith&lt;/Data&gt;&lt;Data Name='TargetDomainName'&gt;DESKTOP-I1T2G01&lt;/Data&gt;&lt;Data Name='TargetSid'&gt;S-1-5-21-4235200151-4210980811-2443358387-1128&lt;/Data&gt;&lt;Data Name='SubjectUserSid'&gt;S-1-5-21-4235200151-4210980811-2443358387-1000&lt;/Data&gt;&lt;Data Name='SubjectUserName'&gt;adhd&lt;/Data&gt;&lt;Data Name='SubjectDomainName'&gt;DESKTOP-I1T2G01&lt;/Data&gt;&lt;Data Name='SubjectLogonId'&gt;0x1c5da&lt;/Data&gt;&lt;Data Name='PrivilegeList'&gt;-&lt;/Data&gt;&lt;Data Name='SamAccountName'&gt;Judith&lt;/Data&gt;&lt;Data Name='DisplayName'&gt;%%1793&lt;/Data&gt;&lt;Data Name='UserPrincipalName'&gt;-&lt;/Data&gt;&lt;Data Name='HomeDirectory'&gt;%%1793&lt;/Data&gt;&lt;Data Name='HomePath'&gt;%%1793&lt;/Data&gt;&lt;Data Name='ScriptPath'&gt;%%1793&lt;/Data&gt;&lt;Data Name='ProfilePath'&gt;%%1793&lt;/Data&gt;&lt;Data Name='UserWorkstations'&gt;%%1793&lt;/Data&gt;&lt;Data Name='PasswordLastSet'&gt;%%1794&lt;/Data&gt;&lt;Data Name='AccountExpires'&gt;%%1794&lt;/Data&gt;&lt;Data Name='PrimaryGroupId'&gt;513&lt;/Data&gt;&lt;Data Name='AllowedToDelegateTo'&gt;-&lt;/Data&gt;&lt;Data Name='OldUacValue'&gt;0x0&lt;/Data&gt;&lt;Data Name='NewUacValue'&gt;0x15&lt;/Data&gt;&lt;Data Name='UserAccountControl'&gt;
		%%2080
		%%2082
		%%2084&lt;/Data&gt;&lt;Data Name='UserParameters'&gt;%%1793&lt;/Data&gt;&lt;Data Name='SidHistory'&gt;-&lt;/Data&gt;&lt;Data Name='LogonHours'&gt;%%1797&lt;/Data&gt;&lt;/EventData&gt;&lt;/Event&gt;</raw>
            <TargetUserName>Judith</TargetUserName>
            <SubjectUserName>adhd</SubjectUserName>
        </detection>
        <detection type="Event">
            <id>4720</id>
            <recordid>4807</recordid>
            <time>2020-06-11 22:05:03.505363700Z</time>
            <channel>Security</channel>
            <raw>&lt;Event xmlns='http://schemas.microsoft.com/win/2004/08/events/event'&gt;&lt;System&gt;&lt;Provider Name='Microsoft-Windows-Security-Auditing' Guid='{54849625-5478-4994-a5ba-3e3b0328c30d}'/&gt;&lt;EventID&gt;4720&lt;/EventID&gt;&lt;Version&gt;0&lt;/Version&gt;&lt;Level&gt;0&lt;/Level&gt;&lt;Task&gt;13824&lt;/Task&gt;&lt;Opcode&gt;0&lt;/Opcode&gt;&lt;Keywords&gt;0x8020000000000000&lt;/Keywords&gt;&lt;TimeCreated SystemTime='2020-06-11T22:05:03.5053637Z'/&gt;&lt;EventRecordID&gt;4807&lt;/EventRecordID&gt;&lt;Correlation ActivityID='{d0a5cb6e-403a-0001-29cc-a5d03a40d601}'/&gt;&lt;Execution ProcessID='740' ThreadID='792'/&gt;&lt;Channel&gt;Security&lt;/Channel&gt;&lt;Computer&gt;DESKTOP-I1T2G01&lt;/Computer&gt;&lt;Security/&gt;&lt;/System&gt;&lt;EventData&gt;&lt;Data Name='TargetUserName'&gt;Christine&lt;/Data&gt;&lt;Data Name='TargetDomainName'&gt;DESKTOP-I1T2G01&lt;/Data&gt;&lt;Data Name='TargetSid'&gt;S-1-5-21-4235200151-4210980811-2443358387-1127&lt;/Data&gt;&lt;Data Name='SubjectUserSid'&gt;S-1-5-21-4235200151-4210980811-2443358387-1000&lt;/Data&gt;&lt;Data Name='SubjectUserName'&gt;adhd&lt;/Data&gt;&lt;Data Name='SubjectDomainName'&gt;DESKTOP-I1T2G01&lt;/Data&gt;&lt;Data Name='SubjectLogonId'&gt;0x1c5da&lt;/Data&gt;&lt;Data Name='PrivilegeList'&gt;-&lt;/Data&gt;&lt;Data Name='SamAccountName'&gt;Christine&lt;/Data&gt;&lt;Data Name='DisplayName'&gt;%%1793&lt;/Data&gt;&lt;Data Name='UserPrincipalName'&gt;-&lt;/Data&gt;&lt;Data Name='HomeDirectory'&gt;%%1793&lt;/Data&gt;&lt;Data Name='HomePath'&gt;%%1793&lt;/Data&gt;&lt;Data Name='ScriptPath'&gt;%%1793&lt;/Data&gt;&lt;Data Name='ProfilePath'&gt;%%1793&lt;/Data&gt;&lt;Data Name='UserWorkstations'&gt;%%1793&lt;/Data&gt;&lt;Data Name='PasswordLastSet'&gt;%%1794&lt;/Data&gt;&lt;Data Name='AccountExpires'&gt;%%1794&lt;/Data&gt;&lt;Data Name='PrimaryGroupId'&gt;513&lt;/Data&gt;&lt;Data Name='AllowedToDelegateTo'&gt;-&lt;/Data&gt;&lt;Data Name='OldUacValue'&gt;0x0&lt;/Data&gt;&lt;Data Name='NewUacValue'&gt;0x15&lt;/Data&gt;&lt;Data Name='UserAccountControl'&gt;
		%%2080
		%%2082
		%%2084&lt;/Data&gt;&lt;Data Name='UserParameters'&gt;%%1793&lt;/Data&gt;&lt;Data Name='SidHistory'&gt;-&lt;/Data&gt;&lt;Data Name='LogonHours'&gt;%%1797&lt;/Data&gt;&lt;/EventData&gt;&lt;/Event&gt;</raw>
            <TargetUserName>Christine</TargetUserName>
            <SubjectUserName>adhd</SubjectUserName>
        </detection>
        <detection type="Event">
            <id>4720</id>
            <recordid>4801</recordid>
            <time>2020-06-11 22:05:03.414115100Z</time>
            <channel>Security</channel>
            <raw>&lt;Event xmlns='http://schemas.microsoft.com/win/2004/08/events/event'&gt;&lt;System&gt;&lt;Provider Name='Microsoft-Windows-Security-Auditing' Guid='{54849625-5478-4994-a5ba-3e3b0328c30d}'/&gt;&lt;EventID&gt;4720&lt;/EventID&gt;&lt;Version&gt;0&lt;/Version&gt;&lt;Level&gt;0&lt;/Level&gt;&lt;Task&gt;13824&lt;/Task&gt;&lt;Opcode&gt;0&lt;/Opcode&gt;&lt;Keywords&gt;0x8020000000000000&lt;/Keywords&gt;&lt;TimeCreated SystemTime='2020-06-11T22:05:03.4141151Z'/&gt;&lt;EventRecordID&gt;4801&lt;/EventRecordID&gt;&lt;Correlation ActivityID='{d0a5cb6e-403a-0001-29cc-a5d03a40d601}'/&gt;&lt;Execution ProcessID='740' ThreadID='788'/&gt;&lt;Channel&gt;Security&lt;/Channel&gt;&lt;Computer&gt;DESKTOP-I1T2G01&lt;/Computer&gt;&lt;Security/&gt;&lt;/System&gt;&lt;EventData&gt;&lt;Data Name='TargetUserName'&gt;Kathleen&lt;/Data&gt;&lt;Data Name='TargetDomainName'&gt;DESKTOP-I1T2G01&lt;/Data&gt;&lt;Data Name='TargetSid'&gt;S-1-5-21-4235200151-4210980811-2443358387-1126&lt;/Data&gt;&lt;Data Name='SubjectUserSid'&gt;S-1-5-21-4235200151-4210980811-2443358387-1000&lt;/Data&gt;&lt;Data Name='SubjectUserName'&gt;adhd&lt;/Data&gt;&lt;Data Name='SubjectDomainName'&gt;DESKTOP-I1T2G01&lt;/Data&gt;&lt;Data Name='SubjectLogonId'&gt;0x1c5da&lt;/Data&gt;&lt;Data Name='PrivilegeList'&gt;-&lt;/Data&gt;&lt;Data Name='SamAccountName'&gt;Kathleen&lt;/Data&gt;&lt;Data Name='DisplayName'&gt;%%1793&lt;/Data&gt;&lt;Data Name='UserPrincipalName'&gt;-&lt;/Data&gt;&lt;Data Name='HomeDirectory'&gt;%%1793&lt;/Data&gt;&lt;Data Name='HomePath'&gt;%%1793&lt;/Data&gt;&lt;Data Name='ScriptPath'&gt;%%1793&lt;/Data&gt;&lt;Data Name='ProfilePath'&gt;%%1793&lt;/Data&gt;&lt;Data Name='UserWorkstations'&gt;%%1793&lt;/Data&gt;&lt;Data Name='PasswordLastSet'&gt;%%1794&lt;/Data&gt;&lt;Data Name='AccountExpires'&gt;%%1794&lt;/Data&gt;&lt;Data Name='PrimaryGroupId'&gt;513&lt;/Data&gt;&lt;Data Name='AllowedToDelegateTo'&gt;-&lt;/Data&gt;&lt;Data Name='OldUacValue'&gt;0x0&lt;/Data&gt;&lt;Data Name='NewUacValue'&gt;0x15&lt;/Data&gt;&lt;Data Name='UserAccountControl'&gt;
		%%2080
		%%2082
		%%2084&lt;/Data&gt;&lt;Data Name='UserParameters'&gt;%%1793&lt;/Data&gt;&lt;Data Name='SidHistory'&gt;-&lt;/Data&gt;&lt;Data Name='LogonHours'&gt;%%1797&lt;/Data&gt;&lt;/EventData&gt;&lt;/Event&gt;</raw>
            <TargetUserName>Kathleen</TargetUserName>
            <SubjectUserName>adhd</SubjectUserName>
        </detection>
        <detection type="Event">
            <id>4720</id>
            <recordid>4795</recordid>
            <time>2020-06-11 22:05:03.331585500Z</time>
            <channel>Security</channel>
            <raw>&lt;Event xmlns='http://schemas.microsoft.com/win/2004/08/events/event'&gt;&lt;System&gt;&lt;Provider Name='Microsoft-Windows-Security-Auditing' Guid='{54849625-5478-4994-a5ba-3e3b0328c30d}'/&gt;&lt;EventID&gt;4720&lt;/EventID&gt;&lt;Version&gt;0&lt;/Version&gt;&lt;Level&gt;0&lt;/Level&gt;&lt;Task&gt;13824&lt;/Task&gt;&lt;Opcode&gt;0&lt;/Opcode&gt;&lt;Keywords&gt;0x8020000000000000&lt;/Keywords&gt;&lt;TimeCreated SystemTime='2020-06-11T22:05:03.3315855Z'/&gt;&lt;EventRecordID&gt;4795&lt;/EventRecordID&gt;&lt;Correlation ActivityID='{d0a5cb6e-403a-0001-29cc-a5d03a40d601}'/&gt;&lt;Execution ProcessID='740' ThreadID='8088'/&gt;&lt;Channel&gt;Security&lt;/Channel&gt;&lt;Computer&gt;DESKTOP-I1T2G01&lt;/Computer&gt;&lt;Security/&gt;&lt;/System&gt;&lt;EventData&gt;&lt;Data Name='TargetUserName'&gt;Kathy&lt;/Data&gt;&lt;Data Name='TargetDomainName'&gt;DESKTOP-I1T2G01&lt;/Data&gt;&lt;Data Name='TargetSid'&gt;S-1-5-21-4235200151-4210980811-2443358387-1125&lt;/Data&gt;&lt;Data Name='SubjectUserSid'&gt;S-1-5-21-4235200151-4210980811-2443358387-1000&lt;/Data&gt;&lt;Data Name='SubjectUserName'&gt;adhd&lt;/Data&gt;&lt;Data Name='SubjectDomainName'&gt;DESKTOP-I1T2G01&lt;/Data&gt;&lt;Data Name='SubjectLogonId'&gt;0x1c5da&lt;/Data&gt;&lt;Data Name='PrivilegeList'&gt;-&lt;/Data&gt;&lt;Data Name='SamAccountName'&gt;Kathy&lt;/Data&gt;&lt;Data Name='DisplayName'&gt;%%1793&lt;/Data&gt;&lt;Data Name='UserPrincipalName'&gt;-&lt;/Data&gt;&lt;Data Name='HomeDirectory'&gt;%%1793&lt;/Data&gt;&lt;Data Name='HomePath'&gt;%%1793&lt;/Data&gt;&lt;Data Name='ScriptPath'&gt;%%1793&lt;/Data&gt;&lt;Data Name='ProfilePath'&gt;%%1793&lt;/Data&gt;&lt;Data Name='UserWorkstations'&gt;%%1793&lt;/Data&gt;&lt;Data Name='PasswordLastSet'&gt;%%1794&lt;/Data&gt;&lt;Data Name='AccountExpires'&gt;%%1794&lt;/Data&gt;&lt;Data Name='PrimaryGroupId'&gt;513&lt;/Data&gt;&lt;Data Name='AllowedToDelegateTo'&gt;-&lt;/Data&gt;&lt;Data Name='OldUacValue'&gt;0x0&lt;/Data&gt;&lt;Data Name='NewUacValue'&gt;0x15&lt;/Data&gt;&lt;Data Name='UserAccountControl'&gt;
		%%2080
		%%2082
		%%2084&lt;/Data&gt;&lt;Data Name='UserParameters'&gt;%%1793&lt;/Data&gt;&lt;Data Name='SidHistory'&gt;-&lt;/Data&gt;&lt;Data Name='LogonHours'&gt;%%1797&lt;/Data&gt;&lt;/EventData&gt;&lt;/Event&gt;</raw>
            <TargetUserName>Kathy</TargetUserName>
            <SubjectUserName>adhd</SubjectUserName>
        </detection>
        <detection type="Event">
            <id>4720</id>
            <recordid>4789</recordid>
            <time>2020-06-11 22:05:03.245201100Z</time>
            <channel>Security</channel>
            <raw>&lt;Event xmlns='http://schemas.microsoft.com/win/2004/08/events/event'&gt;&lt;System&gt;&lt;Provider Name='Microsoft-Windows-Security-Auditing' Guid='{54849625-5478-4994-a5ba-3e3b0328c30d}'/&gt;&lt;EventID&gt;4720&lt;/EventID&gt;&lt;Version&gt;0&lt;/Version&gt;&lt;Level&gt;0&lt;/Level&gt;&lt;Task&gt;13824&lt;/Task&gt;&lt;Opcode&gt;0&lt;/Opcode&gt;&lt;Keywords&gt;0x8020000000000000&lt;/Keywords&gt;&lt;TimeCreated SystemTime='2020-06-11T22:05:03.2452011Z'/&gt;&lt;EventRecordID&gt;4789&lt;/EventRecordID&gt;&lt;Correlation ActivityID='{d0a5cb6e-403a-0001-29cc-a5d03a40d601}'/&gt;&lt;Execution ProcessID='740' ThreadID='788'/&gt;&lt;Channel&gt;Security&lt;/Channel&gt;&lt;Computer&gt;DESKTOP-I1T2G01&lt;/Computer&gt;&lt;Security/&gt;&lt;/System&gt;&lt;EventData&gt;&lt;Data Name='TargetUserName'&gt;Anna&lt;/Data&gt;&lt;Data Name='TargetDomainName'&gt;DESKTOP-I1T2G01&lt;/Data&gt;&lt;Data Name='TargetSid'&gt;S-1-5-21-4235200151-4210980811-2443358387-1124&lt;/Data&gt;&lt;Data Name='SubjectUserSid'&gt;S-1-5-21-4235200151-4210980811-2443358387-1000&lt;/Data&gt;&lt;Data Name='SubjectUserName'&gt;adhd&lt;/Data&gt;&lt;Data Name='SubjectDomainName'&gt;DESKTOP-I1T2G01&lt;/Data&gt;&lt;Data Name='SubjectLogonId'&gt;0x1c5da&lt;/Data&gt;&lt;Data Name='PrivilegeList'&gt;-&lt;/Data&gt;&lt;Data Name='SamAccountName'&gt;Anna&lt;/Data&gt;&lt;Data Name='DisplayName'&gt;%%1793&lt;/Data&gt;&lt;Data Name='UserPrincipalName'&gt;-&lt;/Data&gt;&lt;Data Name='HomeDirectory'&gt;%%1793&lt;/Data&gt;&lt;Data Name='HomePath'&gt;%%1793&lt;/Data&gt;&lt;Data Name='ScriptPath'&gt;%%1793&lt;/Data&gt;&lt;Data Name='ProfilePath'&gt;%%1793&lt;/Data&gt;&lt;Data Name='UserWorkstations'&gt;%%1793&lt;/Data&gt;&lt;Data Name='PasswordLastSet'&gt;%%1794&lt;/Data&gt;&lt;Data Name='AccountExpires'&gt;%%1794&lt;/Data&gt;&lt;Data Name='PrimaryGroupId'&gt;513&lt;/Data&gt;&lt;Data Name='AllowedToDelegateTo'&gt;-&lt;/Data&gt;&lt;Data Name='OldUacValue'&gt;0x0&lt;/Data&gt;&lt;Data Name='NewUacValue'&gt;0x15&lt;/Data&gt;&lt;Data Name='UserAccountControl'&gt;
		%%2080
		%%2082
		%%2084&lt;/Data&gt;&lt;Data Name='UserParameters'&gt;%%1793&lt;/Data&gt;&lt;Data Name='SidHistory'&gt;-&lt;/Data&gt;&lt;Data Name='LogonHours'&gt;%%1797&lt;/Data&gt;&lt;/EventData&gt;&lt;/Event&gt;</raw>
            <TargetUserName>Anna</TargetUserName>
            <SubjectUserName>adhd</SubjectUserName>
        </detection>
        <detection type="Event">
            <id>4720</id>
            <recordid>4783</recordid>
            <time>2020-06-11 22:05:03.105209900Z</time>
            <channel>Security</channel>
            <raw>&lt;Event xmlns='http://schemas.microsoft.com/win/2004/08/events/event'&gt;&lt;System&gt;&lt;Provider Name='Microsoft-Windows-Security-Auditing' Guid='{54849625-5478-4994-a5ba-3e3b0328c30d}'/&gt;&lt;EventID&gt;4720&lt;/EventID&gt;&lt;Version&gt;0&lt;/Version&gt;&lt;Level&gt;0&lt;/Level&gt;&lt;Task&gt;13824&lt;/Task&gt;&lt;Opcode&gt;0&lt;/Opcode&gt;&lt;Keywords&gt;0x8020000000000000&lt;/Keywords&gt;&lt;TimeCreated SystemTime='2020-06-11T22:05:03.1052099Z'/&gt;&lt;EventRecordID&gt;4783&lt;/EventRecordID&gt;&lt;Correlation ActivityID='{d0a5cb6e-403a-0001-29cc-a5d03a40d601}'/&gt;&lt;Execution ProcessID='740' ThreadID='8088'/&gt;&lt;Channel&gt;Security&lt;/Channel&gt;&lt;Computer&gt;DESKTOP-I1T2G01&lt;/Computer&gt;&lt;Security/&gt;&lt;/System&gt;&lt;EventData&gt;&lt;Data Name='TargetUserName'&gt;Rebecca&lt;/Data&gt;&lt;Data Name='TargetDomainName'&gt;DESKTOP-I1T2G01&lt;/Data&gt;&lt;Data Name='TargetSid'&gt;S-1-5-21-4235200151-4210980811-2443358387-1123&lt;/Data&gt;&lt;Data Name='SubjectUserSid'&gt;S-1-5-21-4235200151-4210980811-2443358387-1000&lt;/Data&gt;&lt;Data Name='SubjectUserName'&gt;adhd&lt;/Data&gt;&lt;Data Name='SubjectDomainName'&gt;DESKTOP-I1T2G01&lt;/Data&gt;&lt;Data Name='SubjectLogonId'&gt;0x1c5da&lt;/Data&gt;&lt;Data Name='PrivilegeList'&gt;-&lt;/Data&gt;&lt;Data Name='SamAccountName'&gt;Rebecca&lt;/Data&gt;&lt;Data Name='DisplayName'&gt;%%1793&lt;/Data&gt;&lt;Data Name='UserPrincipalName'&gt;-&lt;/Data&gt;&lt;Data Name='HomeDirectory'&gt;%%1793&lt;/Data&gt;&lt;Data Name='HomePath'&gt;%%1793&lt;/Data&gt;&lt;Data Name='ScriptPath'&gt;%%1793&lt;/Data&gt;&lt;Data Name='ProfilePath'&gt;%%1793&lt;/Data&gt;&lt;Data Name='UserWorkstations'&gt;%%1793&lt;/Data&gt;&lt;Data Name='PasswordLastSet'&gt;%%1794&lt;/Data&gt;&lt;Data Name='AccountExpires'&gt;%%1794&lt;/Data&gt;&lt;Data Name='PrimaryGroupId'&gt;513&lt;/Data&gt;&lt;Data Name='AllowedToDelegateTo'&gt;-&lt;/Data&gt;&lt;Data Name='OldUacValue'&gt;0x0&lt;/Data&gt;&lt;Data Name='NewUacValue'&gt;0x15&lt;/Data&gt;&lt;Data Name='UserAccountControl'&gt;
		%%2080
		%%2082
		%%2084&lt;/Data&gt;&lt;Data Name='UserParameters'&gt;%%1793&lt;/Data&gt;&lt;Data Name='SidHistory'&gt;-&lt;/Data&gt;&lt;Data Name='LogonHours'&gt;%%1797&lt;/Data&gt;&lt;/EventData&gt;&lt;/Event&gt;</raw>
            <TargetUserName>Rebecca</TargetUserName>
            <SubjectUserName>adhd</SubjectUserName>
        </detection>
        <detection type="Event">
            <id>4720</id>
            <recordid>4777</recordid>
            <time>2020-06-11 22:05:03.21654200Z</time>
            <channel>Security</channel>
            <raw>&lt;Event xmlns='http://schemas.microsoft.com/win/2004/08/events/event'&gt;&lt;System&gt;&lt;Provider Name='Microsoft-Windows-Security-Auditing' Guid='{54849625-5478-4994-a5ba-3e3b0328c30d}'/&gt;&lt;EventID&gt;4720&lt;/EventID&gt;&lt;Version&gt;0&lt;/Version&gt;&lt;Level&gt;0&lt;/Level&gt;&lt;Task&gt;13824&lt;/Task&gt;&lt;Opcode&gt;0&lt;/Opcode&gt;&lt;Keywords&gt;0x8020000000000000&lt;/Keywords&gt;&lt;TimeCreated SystemTime='2020-06-11T22:05:03.0216542Z'/&gt;&lt;EventRecordID&gt;4777&lt;/EventRecordID&gt;&lt;Correlation ActivityID='{d0a5cb6e-403a-0001-29cc-a5d03a40d601}'/&gt;&lt;Execution ProcessID='740' ThreadID='792'/&gt;&lt;Channel&gt;Security&lt;/Channel&gt;&lt;Computer&gt;DESKTOP-I1T2G01&lt;/Computer&gt;&lt;Security/&gt;&lt;/System&gt;&lt;EventData&gt;&lt;Data Name='TargetUserName'&gt;Rachel&lt;/Data&gt;&lt;Data Name='TargetDomainName'&gt;DESKTOP-I1T2G01&lt;/Data&gt;&lt;Data Name='TargetSid'&gt;S-1-5-21-4235200151-4210980811-2443358387-1122&lt;/Data&gt;&lt;Data Name='SubjectUserSid'&gt;S-1-5-21-4235200151-4210980811-2443358387-1000&lt;/Data&gt;&lt;Data Name='SubjectUserName'&gt;adhd&lt;/Data&gt;&lt;Data Name='SubjectDomainName'&gt;DESKTOP-I1T2G01&lt;/Data&gt;&lt;Data Name='SubjectLogonId'&gt;0x1c5da&lt;/Data&gt;&lt;Data Name='PrivilegeList'&gt;-&lt;/Data&gt;&lt;Data Name='SamAccountName'&gt;Rachel&lt;/Data&gt;&lt;Data Name='DisplayName'&gt;%%1793&lt;/Data&gt;&lt;Data Name='UserPrincipalName'&gt;-&lt;/Data&gt;&lt;Data Name='HomeDirectory'&gt;%%1793&lt;/Data&gt;&lt;Data Name='HomePath'&gt;%%1793&lt;/Data&gt;&lt;Data Name='ScriptPath'&gt;%%1793&lt;/Data&gt;&lt;Data Name='ProfilePath'&gt;%%1793&lt;/Data&gt;&lt;Data Name='UserWorkstations'&gt;%%1793&lt;/Data&gt;&lt;Data Name='PasswordLastSet'&gt;%%1794&lt;/Data&gt;&lt;Data Name='AccountExpires'&gt;%%1794&lt;/Data&gt;&lt;Data Name='PrimaryGroupId'&gt;513&lt;/Data&gt;&lt;Data Name='AllowedToDelegateTo'&gt;-&lt;/Data&gt;&lt;Data Name='OldUacValue'&gt;0x0&lt;/Data&gt;&lt;Data Name='NewUacValue'&gt;0x15&lt;/Data&gt;&lt;Data Name='UserAccountControl'&gt;
		%%2080
		%%2082
		%%2084&lt;/Data&gt;&lt;Data Name='UserParameters'&gt;%%1793&lt;/Data&gt;&lt;Data Name='SidHistory'&gt;-&lt;/Data&gt;&lt;Data Name='LogonHours'&gt;%%1797&lt;/Data&gt;&lt;/EventData&gt;&lt;/Event&gt;</raw>
            <TargetUserName>Rachel</TargetUserName>
            <SubjectUserName>adhd</SubjectUserName>
        </detection>
        <detection type="Event">
            <id>4720</id>
            <recordid>4771</recordid>
            <time>2020-06-11 22:05:02.931007000Z</time>
            <channel>Security</channel>
            <raw>&lt;Event xmlns='http://schemas.microsoft.com/win/2004/08/events/event'&gt;&lt;System&gt;&lt;Provider Name='Microsoft-Windows-Security-Auditing' Guid='{54849625-5478-4994-a5ba-3e3b0328c30d}'/&gt;&lt;EventID&gt;4720&lt;/EventID&gt;&lt;Version&gt;0&lt;/Version&gt;&lt;Level&gt;0&lt;/Level&gt;&lt;Task&gt;13824&lt;/Task&gt;&lt;Opcode&gt;0&lt;/Opcode&gt;&lt;Keywords&gt;0x8020000000000000&lt;/Keywords&gt;&lt;TimeCreated SystemTime='2020-06-11T22:05:02.9310070Z'/&gt;&lt;EventRecordID&gt;4771&lt;/EventRecordID&gt;&lt;Correlation ActivityID='{d0a5cb6e-403a-0001-29cc-a5d03a40d601}'/&gt;&lt;Execution ProcessID='740' ThreadID='8284'/&gt;&lt;Channel&gt;Security&lt;/Channel&gt;&lt;Computer&gt;DESKTOP-I1T2G01&lt;/Computer&gt;&lt;Security/&gt;&lt;/System&gt;&lt;EventData&gt;&lt;Data Name='TargetUserName'&gt;Aaron&lt;/Data&gt;&lt;Data Name='TargetDomainName'&gt;DESKTOP-I1T2G01&lt;/Data&gt;&lt;Data Name='TargetSid'&gt;S-1-5-21-4235200151-4210980811-2443358387-1121&lt;/Data&gt;&lt;Data Name='SubjectUserSid'&gt;S-1-5-21-4235200151-4210980811-2443358387-1000&lt;/Data&gt;&lt;Data Name='SubjectUserName'&gt;adhd&lt;/Data&gt;&lt;Data Name='SubjectDomainName'&gt;DESKTOP-I1T2G01&lt;/Data&gt;&lt;Data Name='SubjectLogonId'&gt;0x1c5da&lt;/Data&gt;&lt;Data Name='PrivilegeList'&gt;-&lt;/Data&gt;&lt;Data Name='SamAccountName'&gt;Aaron&lt;/Data&gt;&lt;Data Name='DisplayName'&gt;%%1793&lt;/Data&gt;&lt;Data Name='UserPrincipalName'&gt;-&lt;/Data&gt;&lt;Data Name='HomeDirectory'&gt;%%1793&lt;/Data&gt;&lt;Data Name='HomePath'&gt;%%1793&lt;/Data&gt;&lt;Data Name='ScriptPath'&gt;%%1793&lt;/Data&gt;&lt;Data Name='ProfilePath'&gt;%%1793&lt;/Data&gt;&lt;Data Name='UserWorkstations'&gt;%%1793&lt;/Data&gt;&lt;Data Name='PasswordLastSet'&gt;%%1794&lt;/Data&gt;&lt;Data Name='AccountExpires'&gt;%%1794&lt;/Data&gt;&lt;Data Name='PrimaryGroupId'&gt;513&lt;/Data&gt;&lt;Data Name='AllowedToDelegateTo'&gt;-&lt;/Data&gt;&lt;Data Name='OldUacValue'&gt;0x0&lt;/Data&gt;&lt;Data Name='NewUacValue'&gt;0x15&lt;/Data&gt;&lt;Data Name='UserAccountControl'&gt;
		%%2080
		%%2082
		%%2084&lt;/Data&gt;&lt;Data Name='UserParameters'&gt;%%1793&lt;/Data&gt;&lt;Data Name='SidHistory'&gt;-&lt;/Data&gt;&lt;Data Name='LogonHours'&gt;%%1797&lt;/Data&gt;&lt;/EventData&gt;&lt;/Event&gt;</raw>
            <TargetUserName>Aaron</TargetUserName>
            <SubjectUserName>adhd</SubjectUserName>
        </detection>
        <detection type="Event">
            <id>4720</id>
            <recordid>4765</recordid>
            <time>2020-06-11 22:05:02.717343400Z</time>
            <channel>Security</channel>
            <raw>&lt;Event xmlns='http://schemas.microsoft.com/win/2004/08/events/event'&gt;&lt;System&gt;&lt;Provider Name='Microsoft-Windows-Security-Auditing' Guid='{54849625-5478-4994-a5ba-3e3b0328c30d}'/&gt;&lt;EventID&gt;4720&lt;/EventID&gt;&lt;Version&gt;0&lt;/Version&gt;&lt;Level&gt;0&lt;/Level&gt;&lt;Task&gt;13824&lt;/Task&gt;&lt;Opcode&gt;0&lt;/Opcode&gt;&lt;Keywords&gt;0x8020000000000000&lt;/Keywords&gt;&lt;TimeCreated SystemTime='2020-06-11T22:05:02.7173434Z'/&gt;&lt;EventRecordID&gt;4765&lt;/EventRecordID&gt;&lt;Correlation ActivityID='{d0a5cb6e-403a-0001-29cc-a5d03a40d601}'/&gt;&lt;Execution ProcessID='740' ThreadID='792'/&gt;&lt;Channel&gt;Security&lt;/Channel&gt;&lt;Computer&gt;DESKTOP-I1T2G01&lt;/Computer&gt;&lt;Security/&gt;&lt;/System&gt;&lt;EventData&gt;&lt;Data Name='TargetUserName'&gt;Alexander&lt;/Data&gt;&lt;Data Name='TargetDomainName'&gt;DESKTOP-I1T2G01&lt;/Data&gt;&lt;Data Name='TargetSid'&gt;S-1-5-21-4235200151-4210980811-2443358387-1120&lt;/Data&gt;&lt;Data Name='SubjectUserSid'&gt;S-1-5-21-4235200151-4210980811-2443358387-1000&lt;/Data&gt;&lt;Data Name='SubjectUserName'&gt;adhd&lt;/Data&gt;&lt;Data Name='SubjectDomainName'&gt;DESKTOP-I1T2G01&lt;/Data&gt;&lt;Data Name='SubjectLogonId'&gt;0x1c5da&lt;/Data&gt;&lt;Data Name='PrivilegeList'&gt;-&lt;/Data&gt;&lt;Data Name='SamAccountName'&gt;Alexander&lt;/Data&gt;&lt;Data Name='DisplayName'&gt;%%1793&lt;/Data&gt;&lt;Data Name='UserPrincipalName'&gt;-&lt;/Data&gt;&lt;Data Name='HomeDirectory'&gt;%%1793&lt;/Data&gt;&lt;Data Name='HomePath'&gt;%%1793&lt;/Data&gt;&lt;Data Name='ScriptPath'&gt;%%1793&lt;/Data&gt;&lt;Data Name='ProfilePath'&gt;%%1793&lt;/Data&gt;&lt;Data Name='UserWorkstations'&gt;%%1793&lt;/Data&gt;&lt;Data Name='PasswordLastSet'&gt;%%1794&lt;/Data&gt;&lt;Data Name='AccountExpires'&gt;%%1794&lt;/Data&gt;&lt;Data Name='PrimaryGroupId'&gt;513&lt;/Data&gt;&lt;Data Name='AllowedToDelegateTo'&gt;-&lt;/Data&gt;&lt;Data Name='OldUacValue'&gt;0x0&lt;/Data&gt;&lt;Data Name='NewUacValue'&gt;0x15&lt;/Data&gt;&lt;Data Name='UserAccountControl'&gt;
		%%2080
		%%2082
		%%2084&lt;/Data&gt;&lt;Data Name='UserParameters'&gt;%%1793&lt;/Data&gt;&lt;Data Name='SidHistory'&gt;-&lt;/Data&gt;&lt;Data Name='LogonHours'&gt;%%1797&lt;/Data&gt;&lt;/EventData&gt;&lt;/Event&gt;</raw>
            <TargetUserName>Alexander</TargetUserName>
            <SubjectUserName>adhd</SubjectUserName>
        </detection>
        <detection type="Event">
            <id>4720</id>
            <recordid>4759</recordid>
            <time>2020-06-11 22:05:02.625358900Z</time>
            <channel>Security</channel>
            <raw>&lt;Event xmlns='http://schemas.microsoft.com/win/2004/08/events/event'&gt;&lt;System&gt;&lt;Provider Name='Microsoft-Windows-Security-Auditing' Guid='{54849625-5478-4994-a5ba-3e3b0328c30d}'/&gt;&lt;EventID&gt;4720&lt;/EventID&gt;&lt;Version&gt;0&lt;/Version&gt;&lt;Level&gt;0&lt;/Level&gt;&lt;Task&gt;13824&lt;/Task&gt;&lt;Opcode&gt;0&lt;/Opcode&gt;&lt;Keywords&gt;0x8020000000000000&lt;/Keywords&gt;&lt;TimeCreated SystemTime='2020-06-11T22:05:02.6253589Z'/&gt;&lt;EventRecordID&gt;4759&lt;/EventRecordID&gt;&lt;Correlation ActivityID='{d0a5cb6e-403a-0001-29cc-a5d03a40d601}'/&gt;&lt;Execution ProcessID='740' ThreadID='792'/&gt;&lt;Channel&gt;Security&lt;/Channel&gt;&lt;Computer&gt;DESKTOP-I1T2G01&lt;/Computer&gt;&lt;Security/&gt;&lt;/System&gt;&lt;EventData&gt;&lt;Data Name='TargetUserName'&gt;Daniel&lt;/Data&gt;&lt;Data Name='TargetDomainName'&gt;DESKTOP-I1T2G01&lt;/Data&gt;&lt;Data Name='TargetSid'&gt;S-1-5-21-4235200151-4210980811-2443358387-1119&lt;/Data&gt;&lt;Data Name='SubjectUserSid'&gt;S-1-5-21-4235200151-4210980811-2443358387-1000&lt;/Data&gt;&lt;Data Name='SubjectUserName'&gt;adhd&lt;/Data&gt;&lt;Data Name='SubjectDomainName'&gt;DESKTOP-I1T2G01&lt;/Data&gt;&lt;Data Name='SubjectLogonId'&gt;0x1c5da&lt;/Data&gt;&lt;Data Name='PrivilegeList'&gt;-&lt;/Data&gt;&lt;Data Name='SamAccountName'&gt;Daniel&lt;/Data&gt;&lt;Data Name='DisplayName'&gt;%%1793&lt;/Data&gt;&lt;Data Name='UserPrincipalName'&gt;-&lt;/Data&gt;&lt;Data Name='HomeDirectory'&gt;%%1793&lt;/Data&gt;&lt;Data Name='HomePath'&gt;%%1793&lt;/Data&gt;&lt;Data Name='ScriptPath'&gt;%%1793&lt;/Data&gt;&lt;Data Name='ProfilePath'&gt;%%1793&lt;/Data&gt;&lt;Data Name='UserWorkstations'&gt;%%1793&lt;/Data&gt;&lt;Data Name='PasswordLastSet'&gt;%%1794&lt;/Data&gt;&lt;Data Name='AccountExpires'&gt;%%1794&lt;/Data&gt;&lt;Data Name='PrimaryGroupId'&gt;513&lt;/Data&gt;&lt;Data Name='AllowedToDelegateTo'&gt;-&lt;/Data&gt;&lt;Data Name='OldUacValue'&gt;0x0&lt;/Data&gt;&lt;Data Name='NewUacValue'&gt;0x15&lt;/Data&gt;&lt;Data Name='UserAccountControl'&gt;
		%%2080
		%%2082
		%%2084&lt;/Data&gt;&lt;Data Name='UserParameters'&gt;%%1793&lt;/Data&gt;&lt;Data Name='SidHistory'&gt;-&lt;/Data&gt;&lt;Data Name='LogonHours'&gt;%%1797&lt;/Data&gt;&lt;/EventData&gt;&lt;/Event&gt;</raw>
            <TargetUserName>Daniel</TargetUserName>
            <SubjectUserName>adhd</SubjectUserName>
        </detection>
        <detection type="Event">
            <id>4720</id>
            <recordid>4753</recordid>
            <time>2020-06-11 22:05:02.542258900Z</time>
            <channel>Security</channel>
            <raw>&lt;Event xmlns='http://schemas.microsoft.com/win/2004/08/events/event'&gt;&lt;System&gt;&lt;Provider Name='Microsoft-Windows-Security-Auditing' Guid='{54849625-5478-4994-a5ba-3e3b0328c30d}'/&gt;&lt;EventID&gt;4720&lt;/EventID&gt;&lt;Version&gt;0&lt;/Version&gt;&lt;Level&gt;0&lt;/Level&gt;&lt;Task&gt;13824&lt;/Task&gt;&lt;Opcode&gt;0&lt;/Opcode&gt;&lt;Keywords&gt;0x8020000000000000&lt;/Keywords&gt;&lt;TimeCreated SystemTime='2020-06-11T22:05:02.5422589Z'/&gt;&lt;EventRecordID&gt;4753&lt;/EventRecordID&gt;&lt;Correlation ActivityID='{d0a5cb6e-403a-0001-29cc-a5d03a40d601}'/&gt;&lt;Execution ProcessID='740' ThreadID='8284'/&gt;&lt;Channel&gt;Security&lt;/Channel&gt;&lt;Computer&gt;DESKTOP-I1T2G01&lt;/Computer&gt;&lt;Security/&gt;&lt;/System&gt;&lt;EventData&gt;&lt;Data Name='TargetUserName'&gt;James&lt;/Data&gt;&lt;Data Name='TargetDomainName'&gt;DESKTOP-I1T2G01&lt;/Data&gt;&lt;Data Name='TargetSid'&gt;S-1-5-21-4235200151-4210980811-2443358387-1118&lt;/Data&gt;&lt;Data Name='SubjectUserSid'&gt;S-1-5-21-4235200151-4210980811-2443358387-1000&lt;/Data&gt;&lt;Data Name='SubjectUserName'&gt;adhd&lt;/Data&gt;&lt;Data Name='SubjectDomainName'&gt;DESKTOP-I1T2G01&lt;/Data&gt;&lt;Data Name='SubjectLogonId'&gt;0x1c5da&lt;/Data&gt;&lt;Data Name='PrivilegeList'&gt;-&lt;/Data&gt;&lt;Data Name='SamAccountName'&gt;James&lt;/Data&gt;&lt;Data Name='DisplayName'&gt;%%1793&lt;/Data&gt;&lt;Data Name='UserPrincipalName'&gt;-&lt;/Data&gt;&lt;Data Name='HomeDirectory'&gt;%%1793&lt;/Data&gt;&lt;Data Name='HomePath'&gt;%%1793&lt;/Data&gt;&lt;Data Name='ScriptPath'&gt;%%1793&lt;/Data&gt;&lt;Data Name='ProfilePath'&gt;%%1793&lt;/Data&gt;&lt;Data Name='UserWorkstations'&gt;%%1793&lt;/Data&gt;&lt;Data Name='PasswordLastSet'&gt;%%1794&lt;/Data&gt;&lt;Data Name='AccountExpires'&gt;%%1794&lt;/Data&gt;&lt;Data Name='PrimaryGroupId'&gt;513&lt;/Data&gt;&lt;Data Name='AllowedToDelegateTo'&gt;-&lt;/Data&gt;&lt;Data Name='OldUacValue'&gt;0x0&lt;/Data&gt;&lt;Data Name='NewUacValue'&gt;0x15&lt;/Data&gt;&lt;Data Name='UserAccountControl'&gt;
		%%2080
		%%2082
		%%2084&lt;/Data&gt;&lt;Data Name='UserParameters'&gt;%%1793&lt;/Data&gt;&lt;Data Name='SidHistory'&gt;-&lt;/Data&gt;&lt;Data Name='LogonHours'&gt;%%1797&lt;/Data&gt;&lt;/EventData&gt;&lt;/Event&gt;</raw>
            <TargetUserName>James</TargetUserName>
            <SubjectUserName>adhd</SubjectUserName>
        </detection>
        <detection type="Event">
            <id>4720</id>
            <recordid>4747</recordid>
            <time>2020-06-11 22:05:02.462460600Z</time>
            <channel>Security</channel>
            <raw>&lt;Event xmlns='http://schemas.microsoft.com/win/2004/08/events/event'&gt;&lt;System&gt;&lt;Provider Name='Microsoft-Windows-Security-Auditing' Guid='{54849625-5478-4994-a5ba-3e3b0328c30d}'/&gt;&lt;EventID&gt;4720&lt;/EventID&gt;&lt;Version&gt;0&lt;/Version&gt;&lt;Level&gt;0&lt;/Level&gt;&lt;Task&gt;13824&lt;/Task&gt;&lt;Opcode&gt;0&lt;/Opcode&gt;&lt;Keywords&gt;0x8020000000000000&lt;/Keywords&gt;&lt;TimeCreated SystemTime='2020-06-11T22:05:02.4624606Z'/&gt;&lt;EventRecordID&gt;4747&lt;/EventRecordID&gt;&lt;Correlation ActivityID='{d0a5cb6e-403a-0001-29cc-a5d03a40d601}'/&gt;&lt;Execution ProcessID='740' ThreadID='8284'/&gt;&lt;Channel&gt;Security&lt;/Channel&gt;&lt;Computer&gt;DESKTOP-I1T2G01&lt;/Computer&gt;&lt;Security/&gt;&lt;/System&gt;&lt;EventData&gt;&lt;Data Name='TargetUserName'&gt;Thomas&lt;/Data&gt;&lt;Data Name='TargetDomainName'&gt;DESKTOP-I1T2G01&lt;/Data&gt;&lt;Data Name='TargetSid'&gt;S-1-5-21-4235200151-4210980811-2443358387-1117&lt;/Data&gt;&lt;Data Name='SubjectUserSid'&gt;S-1-5-21-4235200151-4210980811-2443358387-1000&lt;/Data&gt;&lt;Data Name='SubjectUserName'&gt;adhd&lt;/Data&gt;&lt;Data Name='SubjectDomainName'&gt;DESKTOP-I1T2G01&lt;/Data&gt;&lt;Data Name='SubjectLogonId'&gt;0x1c5da&lt;/Data&gt;&lt;Data Name='PrivilegeList'&gt;-&lt;/Data&gt;&lt;Data Name='SamAccountName'&gt;Thomas&lt;/Data&gt;&lt;Data Name='DisplayName'&gt;%%1793&lt;/Data&gt;&lt;Data Name='UserPrincipalName'&gt;-&lt;/Data&gt;&lt;Data Name='HomeDirectory'&gt;%%1793&lt;/Data&gt;&lt;Data Name='HomePath'&gt;%%1793&lt;/Data&gt;&lt;Data Name='ScriptPath'&gt;%%1793&lt;/Data&gt;&lt;Data Name='ProfilePath'&gt;%%1793&lt;/Data&gt;&lt;Data Name='UserWorkstations'&gt;%%1793&lt;/Data&gt;&lt;Data Name='PasswordLastSet'&gt;%%1794&lt;/Data&gt;&lt;Data Name='AccountExpires'&gt;%%1794&lt;/Data&gt;&lt;Data Name='PrimaryGroupId'&gt;513&lt;/Data&gt;&lt;Data Name='AllowedToDelegateTo'&gt;-&lt;/Data&gt;&lt;Data Name='OldUacValue'&gt;0x0&lt;/Data&gt;&lt;Data Name='NewUacValue'&gt;0x15&lt;/Data&gt;&lt;Data Name='UserAccountControl'&gt;
		%%2080
		%%2082
		%%2084&lt;/Data&gt;&lt;Data Name='UserParameters'&gt;%%1793&lt;/Data&gt;&lt;Data Name='SidHistory'&gt;-&lt;/Data&gt;&lt;Data Name='LogonHours'&gt;%%1797&lt;/Data&gt;&lt;/EventData&gt;&lt;/Event&gt;</raw>
            <TargetUserName>Thomas</TargetUserName>
            <SubjectUserName>adhd</SubjectUserName>
        </detection>
        <detection type="Event">
            <id>4720</id>
            <recordid>4741</recordid>
            <time>2020-06-11 22:05:02.363556800Z</time>
            <channel>Security</channel>
            <raw>&lt;Event xmlns='http://schemas.microsoft.com/win/2004/08/events/event'&gt;&lt;System&gt;&lt;Provider Name='Microsoft-Windows-Security-Auditing' Guid='{54849625-5478-4994-a5ba-3e3b0328c30d}'/&gt;&lt;EventID&gt;4720&lt;/EventID&gt;&lt;Version&gt;0&lt;/Version&gt;&lt;Level&gt;0&lt;/Level&gt;&lt;Task&gt;13824&lt;/Task&gt;&lt;Opcode&gt;0&lt;/Opcode&gt;&lt;Keywords&gt;0x8020000000000000&lt;/Keywords&gt;&lt;TimeCreated SystemTime='2020-06-11T22:05:02.3635568Z'/&gt;&lt;EventRecordID&gt;4741&lt;/EventRecordID&gt;&lt;Correlation ActivityID='{d0a5cb6e-403a-0001-29cc-a5d03a40d601}'/&gt;&lt;Execution ProcessID='740' ThreadID='8284'/&gt;&lt;Channel&gt;Security&lt;/Channel&gt;&lt;Computer&gt;DESKTOP-I1T2G01&lt;/Computer&gt;&lt;Security/&gt;&lt;/System&gt;&lt;EventData&gt;&lt;Data Name='TargetUserName'&gt;William&lt;/Data&gt;&lt;Data Name='TargetDomainName'&gt;DESKTOP-I1T2G01&lt;/Data&gt;&lt;Data Name='TargetSid'&gt;S-1-5-21-4235200151-4210980811-2443358387-1116&lt;/Data&gt;&lt;Data Name='SubjectUserSid'&gt;S-1-5-21-4235200151-4210980811-2443358387-1000&lt;/Data&gt;&lt;Data Name='SubjectUserName'&gt;adhd&lt;/Data&gt;&lt;Data Name='SubjectDomainName'&gt;DESKTOP-I1T2G01&lt;/Data&gt;&lt;Data Name='SubjectLogonId'&gt;0x1c5da&lt;/Data&gt;&lt;Data Name='PrivilegeList'&gt;-&lt;/Data&gt;&lt;Data Name='SamAccountName'&gt;William&lt;/Data&gt;&lt;Data Name='DisplayName'&gt;%%1793&lt;/Data&gt;&lt;Data Name='UserPrincipalName'&gt;-&lt;/Data&gt;&lt;Data Name='HomeDirectory'&gt;%%1793&lt;/Data&gt;&lt;Data Name='HomePath'&gt;%%1793&lt;/Data&gt;&lt;Data Name='ScriptPath'&gt;%%1793&lt;/Data&gt;&lt;Data Name='ProfilePath'&gt;%%1793&lt;/Data&gt;&lt;Data Name='UserWorkstations'&gt;%%1793&lt;/Data&gt;&lt;Data Name='PasswordLastSet'&gt;%%1794&lt;/Data&gt;&lt;Data Name='AccountExpires'&gt;%%1794&lt;/Data&gt;&lt;Data Name='PrimaryGroupId'&gt;513&lt;/Data&gt;&lt;Data Name='AllowedToDelegateTo'&gt;-&lt;/Data&gt;&lt;Data Name='OldUacValue'&gt;0x0&lt;/Data&gt;&lt;Data Name='NewUacValue'&gt;0x15&lt;/Data&gt;&lt;Data Name='UserAccountControl'&gt;
		%%2080
		%%2082
		%%2084&lt;/Data&gt;&lt;Data Name='UserParameters'&gt;%%1793&lt;/Data&gt;&lt;Data Name='SidHistory'&gt;-&lt;/Data&gt;&lt;Data Name='LogonHours'&gt;%%1797&lt;/Data&gt;&lt;/EventData&gt;&lt;/Event&gt;</raw>
            <TargetUserName>William</TargetUserName>
            <SubjectUserName>adhd</SubjectUserName>
        </detection>
        <detection type="Event">
            <id>4720</id>
            <recordid>4735</recordid>
            <time>2020-06-11 22:05:02.260673900Z</time>
            <channel>Security</channel>
            <raw>&lt;Event xmlns='http://schemas.microsoft.com/win/2004/08/events/event'&gt;&lt;System&gt;&lt;Provider Name='Microsoft-Windows-Security-Auditing' Guid='{54849625-5478-4994-a5ba-3e3b0328c30d}'/&gt;&lt;EventID&gt;4720&lt;/EventID&gt;&lt;Version&gt;0&lt;/Version&gt;&lt;Level&gt;0&lt;/Level&gt;&lt;Task&gt;13824&lt;/Task&gt;&lt;Opcode&gt;0&lt;/Opcode&gt;&lt;Keywords&gt;0x8020000000000000&lt;/Keywords&gt;&lt;TimeCreated SystemTime='2020-06-11T22:05:02.2606739Z'/&gt;&lt;EventRecordID&gt;4735&lt;/EventRecordID&gt;&lt;Correlation ActivityID='{d0a5cb6e-403a-0001-29cc-a5d03a40d601}'/&gt;&lt;Execution ProcessID='740' ThreadID='8088'/&gt;&lt;Channel&gt;Security&lt;/Channel&gt;&lt;Computer&gt;DESKTOP-I1T2G01&lt;/Computer&gt;&lt;Security/&gt;&lt;/System&gt;&lt;EventData&gt;&lt;Data Name='TargetUserName'&gt;Carol&lt;/Data&gt;&lt;Data Name='TargetDomainName'&gt;DESKTOP-I1T2G01&lt;/Data&gt;&lt;Data Name='TargetSid'&gt;S-1-5-21-4235200151-4210980811-2443358387-1115&lt;/Data&gt;&lt;Data Name='SubjectUserSid'&gt;S-1-5-21-4235200151-4210980811-2443358387-1000&lt;/Data&gt;&lt;Data Name='SubjectUserName'&gt;adhd&lt;/Data&gt;&lt;Data Name='SubjectDomainName'&gt;DESKTOP-I1T2G01&lt;/Data&gt;&lt;Data Name='SubjectLogonId'&gt;0x1c5da&lt;/Data&gt;&lt;Data Name='PrivilegeList'&gt;-&lt;/Data&gt;&lt;Data Name='SamAccountName'&gt;Carol&lt;/Data&gt;&lt;Data Name='DisplayName'&gt;%%1793&lt;/Data&gt;&lt;Data Name='UserPrincipalName'&gt;-&lt;/Data&gt;&lt;Data Name='HomeDirectory'&gt;%%1793&lt;/Data&gt;&lt;Data Name='HomePath'&gt;%%1793&lt;/Data&gt;&lt;Data Name='ScriptPath'&gt;%%1793&lt;/Data&gt;&lt;Data Name='ProfilePath'&gt;%%1793&lt;/Data&gt;&lt;Data Name='UserWorkstations'&gt;%%1793&lt;/Data&gt;&lt;Data Name='PasswordLastSet'&gt;%%1794&lt;/Data&gt;&lt;Data Name='AccountExpires'&gt;%%1794&lt;/Data&gt;&lt;Data Name='PrimaryGroupId'&gt;513&lt;/Data&gt;&lt;Data Name='AllowedToDelegateTo'&gt;-&lt;/Data&gt;&lt;Data Name='OldUacValue'&gt;0x0&lt;/Data&gt;&lt;Data Name='NewUacValue'&gt;0x15&lt;/Data&gt;&lt;Data Name='UserAccountControl'&gt;
		%%2080
		%%2082
		%%2084&lt;/Data&gt;&lt;Data Name='UserParameters'&gt;%%1793&lt;/Data&gt;&lt;Data Name='SidHistory'&gt;-&lt;/Data&gt;&lt;Data Name='LogonHours'&gt;%%1797&lt;/Data&gt;&lt;/EventData&gt;&lt;/Event&gt;</raw>
            <TargetUserName>Carol</TargetUserName>
            <SubjectUserName>adhd</SubjectUserName>
        </detection>
        <detection type="Event">
            <id>4720</id>
            <recordid>4729</recordid>
            <time>2020-06-11 22:05:02.187883800Z</time>
            <channel>Security</channel>
            <raw>&lt;Event xmlns='http://schemas.microsoft.com/win/2004/08/events/event'&gt;&lt;System&gt;&lt;Provider Name='Microsoft-Windows-Security-Auditing' Guid='{54849625-5478-4994-a5ba-3e3b0328c30d}'/&gt;&lt;EventID&gt;4720&lt;/EventID&gt;&lt;Version&gt;0&lt;/Version&gt;&lt;Level&gt;0&lt;/Level&gt;&lt;Task&gt;13824&lt;/Task&gt;&lt;Opcode&gt;0&lt;/Opcode&gt;&lt;Keywords&gt;0x8020000000000000&lt;/Keywords&gt;&lt;TimeCreated SystemTime='2020-06-11T22:05:02.1878838Z'/&gt;&lt;EventRecordID&gt;4729&lt;/EventRecordID&gt;&lt;Correlation ActivityID='{d0a5cb6e-403a-0001-29cc-a5d03a40d601}'/&gt;&lt;Execution ProcessID='740' ThreadID='8284'/&gt;&lt;Channel&gt;Security&lt;/Channel&gt;&lt;Computer&gt;DESKTOP-I1T2G01&lt;/Computer&gt;&lt;Security/&gt;&lt;/System&gt;&lt;EventData&gt;&lt;Data Name='TargetUserName'&gt;Charles&lt;/Data&gt;&lt;Data Name='TargetDomainName'&gt;DESKTOP-I1T2G01&lt;/Data&gt;&lt;Data Name='TargetSid'&gt;S-1-5-21-4235200151-4210980811-2443358387-1114&lt;/Data&gt;&lt;Data Name='SubjectUserSid'&gt;S-1-5-21-4235200151-4210980811-2443358387-1000&lt;/Data&gt;&lt;Data Name='SubjectUserName'&gt;adhd&lt;/Data&gt;&lt;Data Name='SubjectDomainName'&gt;DESKTOP-I1T2G01&lt;/Data&gt;&lt;Data Name='SubjectLogonId'&gt;0x1c5da&lt;/Data&gt;&lt;Data Name='PrivilegeList'&gt;-&lt;/Data&gt;&lt;Data Name='SamAccountName'&gt;Charles&lt;/Data&gt;&lt;Data Name='DisplayName'&gt;%%1793&lt;/Data&gt;&lt;Data Name='UserPrincipalName'&gt;-&lt;/Data&gt;&lt;Data Name='HomeDirectory'&gt;%%1793&lt;/Data&gt;&lt;Data Name='HomePath'&gt;%%1793&lt;/Data&gt;&lt;Data Name='ScriptPath'&gt;%%1793&lt;/Data&gt;&lt;Data Name='ProfilePath'&gt;%%1793&lt;/Data&gt;&lt;Data Name='UserWorkstations'&gt;%%1793&lt;/Data&gt;&lt;Data Name='PasswordLastSet'&gt;%%1794&lt;/Data&gt;&lt;Data Name='AccountExpires'&gt;%%1794&lt;/Data&gt;&lt;Data Name='PrimaryGroupId'&gt;513&lt;/Data&gt;&lt;Data Name='AllowedToDelegateTo'&gt;-&lt;/Data&gt;&lt;Data Name='OldUacValue'&gt;0x0&lt;/Data&gt;&lt;Data Name='NewUacValue'&gt;0x15&lt;/Data&gt;&lt;Data Name='UserAccountControl'&gt;
		%%2080
		%%2082
		%%2084&lt;/Data&gt;&lt;Data Name='UserParameters'&gt;%%1793&lt;/Data&gt;&lt;Data Name='SidHistory'&gt;-&lt;/Data&gt;&lt;Data Name='LogonHours'&gt;%%1797&lt;/Data&gt;&lt;/EventData&gt;&lt;/Event&gt;</raw>
            <TargetUserName>Charles</TargetUserName>
            <SubjectUserName>adhd</SubjectUserName>
        </detection>
        <detection type="Event">
            <id>4720</id>
            <recordid>4723</recordid>
            <time>2020-06-11 22:05:02.60882500Z</time>
            <channel>Security</channel>
            <raw>&lt;Event xmlns='http://schemas.microsoft.com/win/2004/08/events/event'&gt;&lt;System&gt;&lt;Provider Name='Microsoft-Windows-Security-Auditing' Guid='{54849625-5478-4994-a5ba-3e3b0328c30d}'/&gt;&lt;EventID&gt;4720&lt;/EventID&gt;&lt;Version&gt;0&lt;/Version&gt;&lt;Level&gt;0&lt;/Level&gt;&lt;Task&gt;13824&lt;/Task&gt;&lt;Opcode&gt;0&lt;/Opcode&gt;&lt;Keywords&gt;0x8020000000000000&lt;/Keywords&gt;&lt;TimeCreated SystemTime='2020-06-11T22:05:02.0608825Z'/&gt;&lt;EventRecordID&gt;4723&lt;/EventRecordID&gt;&lt;Correlation ActivityID='{d0a5cb6e-403a-0001-29cc-a5d03a40d601}'/&gt;&lt;Execution ProcessID='740' ThreadID='792'/&gt;&lt;Channel&gt;Security&lt;/Channel&gt;&lt;Computer&gt;DESKTOP-I1T2G01&lt;/Computer&gt;&lt;Security/&gt;&lt;/System&gt;&lt;EventData&gt;&lt;Data Name='TargetUserName'&gt;Joseph&lt;/Data&gt;&lt;Data Name='TargetDomainName'&gt;DESKTOP-I1T2G01&lt;/Data&gt;&lt;Data Name='TargetSid'&gt;S-1-5-21-4235200151-4210980811-2443358387-1113&lt;/Data&gt;&lt;Data Name='SubjectUserSid'&gt;S-1-5-21-4235200151-4210980811-2443358387-1000&lt;/Data&gt;&lt;Data Name='SubjectUserName'&gt;adhd&lt;/Data&gt;&lt;Data Name='SubjectDomainName'&gt;DESKTOP-I1T2G01&lt;/Data&gt;&lt;Data Name='SubjectLogonId'&gt;0x1c5da&lt;/Data&gt;&lt;Data Name='PrivilegeList'&gt;-&lt;/Data&gt;&lt;Data Name='SamAccountName'&gt;Joseph&lt;/Data&gt;&lt;Data Name='DisplayName'&gt;%%1793&lt;/Data&gt;&lt;Data Name='UserPrincipalName'&gt;-&lt;/Data&gt;&lt;Data Name='HomeDirectory'&gt;%%1793&lt;/Data&gt;&lt;Data Name='HomePath'&gt;%%1793&lt;/Data&gt;&lt;Data Name='ScriptPath'&gt;%%1793&lt;/Data&gt;&lt;Data Name='ProfilePath'&gt;%%1793&lt;/Data&gt;&lt;Data Name='UserWorkstations'&gt;%%1793&lt;/Data&gt;&lt;Data Name='PasswordLastSet'&gt;%%1794&lt;/Data&gt;&lt;Data Name='AccountExpires'&gt;%%1794&lt;/Data&gt;&lt;Data Name='PrimaryGroupId'&gt;513&lt;/Data&gt;&lt;Data Name='AllowedToDelegateTo'&gt;-&lt;/Data&gt;&lt;Data Name='OldUacValue'&gt;0x0&lt;/Data&gt;&lt;Data Name='NewUacValue'&gt;0x15&lt;/Data&gt;&lt;Data Name='UserAccountControl'&gt;
		%%2080
		%%2082
		%%2084&lt;/Data&gt;&lt;Data Name='UserParameters'&gt;%%1793&lt;/Data&gt;&lt;Data Name='SidHistory'&gt;-&lt;/Data&gt;&lt;Data Name='LogonHours'&gt;%%1797&lt;/Data&gt;&lt;/EventData&gt;&lt;/Event&gt;</raw>
            <TargetUserName>Joseph</TargetUserName>
            <SubjectUserName>adhd</SubjectUserName>
        </detection>
        <detection type="Event">
            <id>4720</id>
            <recordid>4717</recordid>
            <time>2020-06-11 22:05:01.962210900Z</time>
            <channel>Security</channel>
            <raw>&lt;Event xmlns='http://schemas.microsoft.com/win/2004/08/events/event'&gt;&lt;System&gt;&lt;Provider Name='Microsoft-Windows-Security-Auditing' Guid='{54849625-5478-4994-a5ba-3e3b0328c30d}'/&gt;&lt;EventID&gt;4720&lt;/EventID&gt;&lt;Version&gt;0&lt;/Version&gt;&lt;Level&gt;0&lt;/Level&gt;&lt;Task&gt;13824&lt;/Task&gt;&lt;Opcode&gt;0&lt;/Opcode&gt;&lt;Keywords&gt;0x8020000000000000&lt;/Keywords&gt;&lt;TimeCreated SystemTime='2020-06-11T22:05:01.9622109Z'/&gt;&lt;EventRecordID&gt;4717&lt;/EventRecordID&gt;&lt;Correlation ActivityID='{d0a5cb6e-403a-0001-29cc-a5d03a40d601}'/&gt;&lt;Execution ProcessID='740' ThreadID='8284'/&gt;&lt;Channel&gt;Security&lt;/Channel&gt;&lt;Computer&gt;DESKTOP-I1T2G01&lt;/Computer&gt;&lt;Security/&gt;&lt;/System&gt;&lt;EventData&gt;&lt;Data Name='TargetUserName'&gt;Benjamin&lt;/Data&gt;&lt;Data Name='TargetDomainName'&gt;DESKTOP-I1T2G01&lt;/Data&gt;&lt;Data Name='TargetSid'&gt;S-1-5-21-4235200151-4210980811-2443358387-1112&lt;/Data&gt;&lt;Data Name='SubjectUserSid'&gt;S-1-5-21-4235200151-4210980811-2443358387-1000&lt;/Data&gt;&lt;Data Name='SubjectUserName'&gt;adhd&lt;/Data&gt;&lt;Data Name='SubjectDomainName'&gt;DESKTOP-I1T2G01&lt;/Data&gt;&lt;Data Name='SubjectLogonId'&gt;0x1c5da&lt;/Data&gt;&lt;Data Name='PrivilegeList'&gt;-&lt;/Data&gt;&lt;Data Name='SamAccountName'&gt;Benjamin&lt;/Data&gt;&lt;Data Name='DisplayName'&gt;%%1793&lt;/Data&gt;&lt;Data Name='UserPrincipalName'&gt;-&lt;/Data&gt;&lt;Data Name='HomeDirectory'&gt;%%1793&lt;/Data&gt;&lt;Data Name='HomePath'&gt;%%1793&lt;/Data&gt;&lt;Data Name='ScriptPath'&gt;%%1793&lt;/Data&gt;&lt;Data Name='ProfilePath'&gt;%%1793&lt;/Data&gt;&lt;Data Name='UserWorkstations'&gt;%%1793&lt;/Data&gt;&lt;Data Name='PasswordLastSet'&gt;%%1794&lt;/Data&gt;&lt;Data Name='AccountExpires'&gt;%%1794&lt;/Data&gt;&lt;Data Name='PrimaryGroupId'&gt;513&lt;/Data&gt;&lt;Data Name='AllowedToDelegateTo'&gt;-&lt;/Data&gt;&lt;Data Name='OldUacValue'&gt;0x0&lt;/Data&gt;&lt;Data Name='NewUacValue'&gt;0x15&lt;/Data&gt;&lt;Data Name='UserAccountControl'&gt;
		%%2080
		%%2082
		%%2084&lt;/Data&gt;&lt;Data Name='UserParameters'&gt;%%1793&lt;/Data&gt;&lt;Data Name='SidHistory'&gt;-&lt;/Data&gt;&lt;Data Name='LogonHours'&gt;%%1797&lt;/Data&gt;&lt;/EventData&gt;&lt;/Event&gt;</raw>
            <TargetUserName>Benjamin</TargetUserName>
            <SubjectUserName>adhd</SubjectUserName>
        </detection>
        <detection type="Event">
            <id>4720</id>
            <recordid>4711</recordid>
            <time>2020-06-11 22:05:01.885457000Z</time>
            <channel>Security</channel>
            <raw>&lt;Event xmlns='http://schemas.microsoft.com/win/2004/08/events/event'&gt;&lt;System&gt;&lt;Provider Name='Microsoft-Windows-Security-Auditing' Guid='{54849625-5478-4994-a5ba-3e3b0328c30d}'/&gt;&lt;EventID&gt;4720&lt;/EventID&gt;&lt;Version&gt;0&lt;/Version&gt;&lt;Level&gt;0&lt;/Level&gt;&lt;Task&gt;13824&lt;/Task&gt;&lt;Opcode&gt;0&lt;/Opcode&gt;&lt;Keywords&gt;0x8020000000000000&lt;/Keywords&gt;&lt;TimeCreated SystemTime='2020-06-11T22:05:01.8854570Z'/&gt;&lt;EventRecordID&gt;4711&lt;/EventRecordID&gt;&lt;Correlation ActivityID='{d0a5cb6e-403a-0001-29cc-a5d03a40d601}'/&gt;&lt;Execution ProcessID='740' ThreadID='8284'/&gt;&lt;Channel&gt;Security&lt;/Channel&gt;&lt;Computer&gt;DESKTOP-I1T2G01&lt;/Computer&gt;&lt;Security/&gt;&lt;/System&gt;&lt;EventData&gt;&lt;Data Name='TargetUserName'&gt;Johnny&lt;/Data&gt;&lt;Data Name='TargetDomainName'&gt;DESKTOP-I1T2G01&lt;/Data&gt;&lt;Data Name='TargetSid'&gt;S-1-5-21-4235200151-4210980811-2443358387-1111&lt;/Data&gt;&lt;Data Name='SubjectUserSid'&gt;S-1-5-21-4235200151-4210980811-2443358387-1000&lt;/Data&gt;&lt;Data Name='SubjectUserName'&gt;adhd&lt;/Data&gt;&lt;Data Name='SubjectDomainName'&gt;DESKTOP-I1T2G01&lt;/Data&gt;&lt;Data Name='SubjectLogonId'&gt;0x1c5da&lt;/Data&gt;&lt;Data Name='PrivilegeList'&gt;-&lt;/Data&gt;&lt;Data Name='SamAccountName'&gt;Johnny&lt;/Data&gt;&lt;Data Name='DisplayName'&gt;%%1793&lt;/Data&gt;&lt;Data Name='UserPrincipalName'&gt;-&lt;/Data&gt;&lt;Data Name='HomeDirectory'&gt;%%1793&lt;/Data&gt;&lt;Data Name='HomePath'&gt;%%1793&lt;/Data&gt;&lt;Data Name='ScriptPath'&gt;%%1793&lt;/Data&gt;&lt;Data Name='ProfilePath'&gt;%%1793&lt;/Data&gt;&lt;Data Name='UserWorkstations'&gt;%%1793&lt;/Data&gt;&lt;Data Name='PasswordLastSet'&gt;%%1794&lt;/Data&gt;&lt;Data Name='AccountExpires'&gt;%%1794&lt;/Data&gt;&lt;Data Name='PrimaryGroupId'&gt;513&lt;/Data&gt;&lt;Data Name='AllowedToDelegateTo'&gt;-&lt;/Data&gt;&lt;Data Name='OldUacValue'&gt;0x0&lt;/Data&gt;&lt;Data Name='NewUacValue'&gt;0x15&lt;/Data&gt;&lt;Data Name='UserAccountControl'&gt;
		%%2080
		%%2082
		%%2084&lt;/Data&gt;&lt;Data Name='UserParameters'&gt;%%1793&lt;/Data&gt;&lt;Data Name='SidHistory'&gt;-&lt;/Data&gt;&lt;Data Name='LogonHours'&gt;%%1797&lt;/Data&gt;&lt;/EventData&gt;&lt;/Event&gt;