</raw>
            <TargetUserName>Elizabeth</TargetUserName>
            <SubjectUserName>adhd</SubjectUserName>
        </detection>
        <detection type="Event">
            <id>4720</id>
            <recordid>4933</recordid>
            <time>2020-06-11 22:05:05.467816600Z</time>
            <channel>Security</channel>
            <raw>&lt;Event xmlns='http://schemas.microsoft.com/win/2004/08/events/event'&gt;&lt;System&gt;&lt;Provider Name='Microsoft-Windows-Security-Auditing' Guid='{54849625-5478-4994-a5ba-3e3b0328c30d}'/&gt;&lt;EventID&gt;4720&lt;/EventID&gt;&lt;Version&gt;0&lt;/Version&gt;&lt;Level&gt;0&lt;/Level&gt;&lt;Task&gt;13824&lt;/Task&gt;&lt;Opcode&gt;0&lt;/Opcode&gt;&lt;Keywords&gt;0x8020000000000000&lt;/Keywords&gt;&lt;TimeCreated SystemTime='2020-06-11T22:05:05.4678166Z'/&gt;&lt;EventRecordID&gt;4933&lt;/EventRecordID&gt;&lt;Correlation ActivityID='{d0a5cb6e-403a-0001-29cc-a5d03a40d601}'/&gt;&lt;Execution ProcessID='740' ThreadID='8088'/&gt;&lt;Channel&gt;Security&lt;/Channel&gt;&lt;Computer&gt;DESKTOP-I1T2G01&lt;/Computer&gt;&lt;Security/&gt;&lt;/System&gt;&lt;EventData&gt;&lt;Data Name='TargetUserName'&gt;Melissa&lt;/Data&gt;&lt;Data Name='TargetDomainName'&gt;DESKTOP-I1T2G01&lt;/Data&gt;&lt;Data Name='TargetSid'&gt;S-1-5-21-4235200151-4210980811-2443358387-1148&lt;/Data&gt;&lt;Data Name='SubjectUserSid'&gt;S-1-5-21-4235200151-4210980811-2443358387-1000&lt;/Data&gt;&lt;Data Name='SubjectUserName'&gt;adhd&lt;/Data&gt;&lt;Data Name='SubjectDomainName'&gt;DESKTOP-I1T2G01&lt;/Data&gt;&lt;Data Name='SubjectLogonId'&gt;0x1c5da&lt;/Data&gt;&lt;Data Name='PrivilegeList'&gt;-&lt;/Data&gt;&lt;Data Name='SamAccountName'&gt;Melissa&lt;/Data&gt;&lt;Data Name='DisplayName'&gt;%%1793&lt;/Data&gt;&lt;Data Name='UserPrincipalName'&gt;-&lt;/Data&gt;&lt;Data Name='HomeDirectory'&gt;%%1793&lt;/Data&gt;&lt;Data Name='HomePath'&gt;%%1793&lt;/Data&gt;&lt;Data Name='ScriptPath'&gt;%%1793&lt;/Data&gt;&lt;Data Name='ProfilePath'&gt;%%1793&lt;/Data&gt;&lt;Data Name='UserWorkstations'&gt;%%1793&lt;/Data&gt;&lt;Data Name='PasswordLastSet'&gt;%%1794&lt;/Data&gt;&lt;Data Name='AccountExpires'&gt;%%1794&lt;/Data&gt;&lt;Data Name='PrimaryGroupId'&gt;513&lt;/Data&gt;&lt;Data Name='AllowedToDelegateTo'&gt;-&lt;/Data&gt;&lt;Data Name='OldUacValue'&gt;0x0&lt;/Data&gt;&lt;Data Name='NewUacValue'&gt;0x15&lt;/Data&gt;&lt;Data Name='UserAccountControl'&gt;
		%%2080
		%%2082
		%%2084&lt;/Data&gt;&lt;Data Name='UserParameters'&gt;%%1793&lt;/Data&gt;&lt;Data Name='SidHistory'&gt;-&lt;/Data&gt;&lt;Data Name='LogonHours'&gt;%%1797&lt;/Data&gt;&lt;/EventData&gt;&lt;/Event&gt;</raw>
            <TargetUserName>Melissa</TargetUserName>
            <SubjectUserName>adhd</SubjectUserName>
        </detection>
        <detection type="Event">
            <id>4720</id>
            <recordid>4927</recordid>
            <time>2020-06-11 22:05:05.376550300Z</time>
            <channel>Security</channel>
            <raw>&lt;Event xmlns='http://schemas.microsoft.com/win/2004/08/events/event'&gt;&lt;System&gt;&lt;Provider Name='Microsoft-Windows-Security-Auditing' Guid='{54849625-5478-4994-a5ba-3e3b0328c30d}'/&gt;&lt;EventID&gt;4720&lt;/EventID&gt;&lt;Version&gt;0&lt;/Version&gt;&lt;Level&gt;0&lt;/Level&gt;&lt;Task&gt;13824&lt;/Task&gt;&lt;Opcode&gt;0&lt;/Opcode&gt;&lt;Keywords&gt;0x8020000000000000&lt;/Keywords&gt;&lt;TimeCreated SystemTime='2020-06-11T22:05:05.3765503Z'/&gt;&lt;EventRecordID&gt;4927&lt;/EventRecordID&gt;&lt;Correlation ActivityID='{d0a5cb6e-403a-0001-29cc-a5d03a40d601}'/&gt;&lt;Execution ProcessID='740' ThreadID='8088'/&gt;&lt;Channel&gt;Security&lt;/Channel&gt;&lt;Computer&gt;DESKTOP-I1T2G01&lt;/Computer&gt;&lt;Security/&gt;&lt;/System&gt;&lt;EventData&gt;&lt;Data Name='TargetUserName'&gt;Carolyn&lt;/Data&gt;&lt;Data Name='TargetDomainName'&gt;DESKTOP-I1T2G01&lt;/Data&gt;&lt;Data Name='TargetSid'&gt;S-1-5-21-4235200151-4210980811-2443358387-1147&lt;/Data&gt;&lt;Data Name='SubjectUserSid'&gt;S-1-5-21-4235200151-4210980811-2443358387-1000&lt;/Data&gt;&lt;Data Name='SubjectUserName'&gt;adhd&lt;/Data&gt;&lt;Data Name='SubjectDomainName'&gt;DESKTOP-I1T2G01&lt;/Data&gt;&lt;Data Name='SubjectLogonId'&gt;0x1c5da&lt;/Data&gt;&lt;Data Name='PrivilegeList'&gt;-&lt;/Data&gt;&lt;Data Name='SamAccountName'&gt;Carolyn&lt;/Data&gt;&lt;Data Name='DisplayName'&gt;%%1793&lt;/Data&gt;&lt;Data Name='UserPrincipalName'&gt;-&lt;/Data&gt;&lt;Data Name='HomeDirectory'&gt;%%1793&lt;/Data&gt;&lt;Data Name='HomePath'&gt;%%1793&lt;/Data&gt;&lt;Data Name='ScriptPath'&gt;%%1793&lt;/Data&gt;&lt;Data Name='ProfilePath'&gt;%%1793&lt;/Data&gt;&lt;Data Name='UserWorkstations'&gt;%%1793&lt;/Data&gt;&lt;Data Name='PasswordLastSet'&gt;%%1794&lt;/Data&gt;&lt;Data Name='AccountExpires'&gt;%%1794&lt;/Data&gt;&lt;Data Name='PrimaryGroupId'&gt;513&lt;/Data&gt;&lt;Data Name='AllowedToDelegateTo'&gt;-&lt;/Data&gt;&lt;Data Name='OldUacValue'&gt;0x0&lt;/Data&gt;&lt;Data Name='NewUacValue'&gt;0x15&lt;/Data&gt;&lt;Data Name='UserAccountControl'&gt;
		%%2080
		%%2082
		%%2084&lt;/Data&gt;&lt;Data Name='UserParameters'&gt;%%1793&lt;/Data&gt;&lt;Data Name='SidHistory'&gt;-&lt;/Data&gt;&lt;Data Name='LogonHours'&gt;%%1797&lt;/Data&gt;&lt;/EventData&gt;&lt;/Event&gt;</raw>
            <TargetUserName>Carolyn</TargetUserName>
            <SubjectUserName>adhd</SubjectUserName>
        </detection>
        <detection type="Event">
            <id>4720</id>
            <recordid>4921</recordid>
            <time>2020-06-11 22:05:05.294921600Z</time>
            <channel>Security</channel>
            <raw>&lt;Event xmlns='http://schemas.microsoft.com/win/2004/08/events/event'&gt;&lt;System&gt;&lt;Provider Name='Microsoft-Windows-Security-Auditing' Guid='{54849625-5478-4994-a5ba-3e3b0328c30d}'/&gt;&lt;EventID&gt;4720&lt;/EventID&gt;&lt;Version&gt;0&lt;/Version&gt;&lt;Level&gt;0&lt;/Level&gt;&lt;Task&gt;13824&lt;/Task&gt;&lt;Opcode&gt;0&lt;/Opcode&gt;&lt;Keywords&gt;0x8020000000000000&lt;/Keywords&gt;&lt;TimeCreated SystemTime='2020-06-11T22:05:05.2949216Z'/&gt;&lt;EventRecordID&gt;4921&lt;/EventRecordID&gt;&lt;Correlation ActivityID='{d0a5cb6e-403a-0001-29cc-a5d03a40d601}'/&gt;&lt;Execution ProcessID='740' ThreadID='788'/&gt;&lt;Channel&gt;Security&lt;/Channel&gt;&lt;Computer&gt;DESKTOP-I1T2G01&lt;/Computer&gt;&lt;Security/&gt;&lt;/System&gt;&lt;EventData&gt;&lt;Data Name='TargetUserName'&gt;Paul&lt;/Data&gt;&lt;Data Name='TargetDomainName'&gt;DESKTOP-I1T2G01&lt;/Data&gt;&lt;Data Name='TargetSid'&gt;S-1-5-21-4235200151-4210980811-2443358387-1146&lt;/Data&gt;&lt;Data Name='SubjectUserSid'&gt;S-1-5-21-4235200151-4210980811-2443358387-1000&lt;/Data&gt;&lt;Data Name='SubjectUserName'&gt;adhd&lt;/Data&gt;&lt;Data Name='SubjectDomainName'&gt;DESKTOP-I1T2G01&lt;/Data&gt;&lt;Data Name='SubjectLogonId'&gt;0x1c5da&lt;/Data&gt;&lt;Data Name='PrivilegeList'&gt;-&lt;/Data&gt;&lt;Data Name='SamAccountName'&gt;Paul&lt;/Data&gt;&lt;Data Name='DisplayName'&gt;%%1793&lt;/Data&gt;&lt;Data Name='UserPrincipalName'&gt;-&lt;/Data&gt;&lt;Data Name='HomeDirectory'&gt;%%1793&lt;/Data&gt;&lt;Data Name='HomePath'&gt;%%1793&lt;/Data&gt;&lt;Data Name='ScriptPath'&gt;%%1793&lt;/Data&gt;&lt;Data Name='ProfilePath'&gt;%%1793&lt;/Data&gt;&lt;Data Name='UserWorkstations'&gt;%%1793&lt;/Data&gt;&lt;Data Name='PasswordLastSet'&gt;%%1794&lt;/Data&gt;&lt;Data Name='AccountExpires'&gt;%%1794&lt;/Data&gt;&lt;Data Name='PrimaryGroupId'&gt;513&lt;/Data&gt;&lt;Data Name='AllowedToDelegateTo'&gt;-&lt;/Data&gt;&lt;Data Name='OldUacValue'&gt;0x0&lt;/Data&gt;&lt;Data Name='NewUacValue'&gt;0x15&lt;/Data&gt;&lt;Data Name='UserAccountControl'&gt;
		%%2080
		%%2082
		%%2084&lt;/Data&gt;&lt;Data Name='UserParameters'&gt;%%1793&lt;/Data&gt;&lt;Data Name='SidHistory'&gt;-&lt;/Data&gt;&lt;Data Name='LogonHours'&gt;%%1797&lt;/Data&gt;&lt;/EventData&gt;&lt;/Event&gt;</raw>
            <TargetUserName>Paul</TargetUserName>
            <SubjectUserName>adhd</SubjectUserName>
        </detection>
        <detection type="Event">
            <id>4720</id>
            <recordid>4915</recordid>
            <time>2020-06-11 22:05:05.194865700Z</time>
            <channel>Security</channel>
            <raw>&lt;Event xmlns='http://schemas.microsoft.com/win/2004/08/events/event'&gt;&lt;System&gt;&lt;Provider Name='Microsoft-Windows-Security-Auditing' Guid='{54849625-5478-4994-a5ba-3e3b0328c30d}'/&gt;&lt;EventID&gt;4720&lt;/EventID&gt;&lt;Version&gt;0&lt;/Version&gt;&lt;Level&gt;0&lt;/Level&gt;&lt;Task&gt;13824&lt;/Task&gt;&lt;Opcode&gt;0&lt;/Opcode&gt;&lt;Keywords&gt;0x8020000000000000&lt;/Keywords&gt;&lt;TimeCreated SystemTime='2020-06-11T22:05:05.1948657Z'/&gt;&lt;EventRecordID&gt;4915&lt;/EventRecordID&gt;&lt;Correlation ActivityID='{d0a5cb6e-403a-0001-29cc-a5d03a40d601}'/&gt;&lt;Execution ProcessID='740' ThreadID='8088'/&gt;&lt;Channel&gt;Security&lt;/Channel&gt;&lt;Computer&gt;DESKTOP-I1T2G01&lt;/Computer&gt;&lt;Security/&gt;&lt;/System&gt;&lt;EventData&gt;&lt;Data Name='TargetUserName'&gt;Doris&lt;/Data&gt;&lt;Data Name='TargetDomainName'&gt;DESKTOP-I1T2G01&lt;/Data&gt;&lt;Data Name='TargetSid'&gt;S-1-5-21-4235200151-4210980811-2443358387-1145&lt;/Data&gt;&lt;Data Name='SubjectUserSid'&gt;S-1-5-21-4235200151-4210980811-2443358387-1000&lt;/Data&gt;&lt;Data Name='SubjectUserName'&gt;adhd&lt;/Data&gt;&lt;Data Name='SubjectDomainName'&gt;DESKTOP-I1T2G01&lt;/Data&gt;&lt;Data Name='SubjectLogonId'&gt;0x1c5da&lt;/Data&gt;&lt;Data Name='PrivilegeList'&gt;-&lt;/Data&gt;&lt;Data Name='SamAccountName'&gt;Doris&lt;/Data&gt;&lt;Data Name='DisplayName'&gt;%%1793&lt;/Data&gt;&lt;Data Name='UserPrincipalName'&gt;-&lt;/Data&gt;&lt;Data Name='HomeDirectory'&gt;%%1793&lt;/Data&gt;&lt;Data Name='HomePath'&gt;%%1793&lt;/Data&gt;&lt;Data Name='ScriptPath'&gt;%%1793&lt;/Data&gt;&lt;Data Name='ProfilePath'&gt;%%1793&lt;/Data&gt;&lt;Data Name='UserWorkstations'&gt;%%1793&lt;/Data&gt;&lt;Data Name='PasswordLastSet'&gt;%%1794&lt;/Data&gt;&lt;Data Name='AccountExpires'&gt;%%1794&lt;/Data&gt;&lt;Data Name='PrimaryGroupId'&gt;513&lt;/Data&gt;&lt;Data Name='AllowedToDelegateTo'&gt;-&lt;/Data&gt;&lt;Data Name='OldUacValue'&gt;0x0&lt;/Data&gt;&lt;Data Name='NewUacValue'&gt;0x15&lt;/Data&gt;&lt;Data Name='UserAccountControl'&gt;
		%%2080
		%%2082
		%%2084&lt;/Data&gt;&lt;Data Name='UserParameters'&gt;%%1793&lt;/Data&gt;&lt;Data Name='SidHistory'&gt;-&lt;/Data&gt;&lt;Data Name='LogonHours'&gt;%%1797&lt;/Data&gt;&lt;/EventData&gt;&lt;/Event&gt;</raw>
            <TargetUserName>Doris</TargetUserName>
            <SubjectUserName>adhd</SubjectUserName>
        </detection>
        <detection type="Event">
            <id>4720</id>
            <recordid>4909</recordid>
            <time>2020-06-11 22:05:05.46866100Z</time>
            <channel>Security</channel>
            <raw>&lt;Event xmlns='http://schemas.microsoft.com/win/2004/08/events/event'&gt;&lt;System&gt;&lt;Provider Name='Microsoft-Windows-Security-Auditing' Guid='{54849625-5478-4994-a5ba-3e3b0328c30d}'/&gt;&lt;EventID&gt;4720&lt;/EventID&gt;&lt;Version&gt;0&lt;/Version&gt;&lt;Level&gt;0&lt;/Level&gt;&lt;Task&gt;13824&lt;/Task&gt;&lt;Opcode&gt;0&lt;/Opcode&gt;&lt;Keywords&gt;0x8020000000000000&lt;/Keywords&gt;&lt;TimeCreated SystemTime='2020-06-11T22:05:05.0468661Z'/&gt;&lt;EventRecordID&gt;4909&lt;/EventRecordID&gt;&lt;Correlation ActivityID='{d0a5cb6e-403a-0001-29cc-a5d03a40d601}'/&gt;&lt;Execution ProcessID='740' ThreadID='8088'/&gt;&lt;Channel&gt;Security&lt;/Channel&gt;&lt;Computer&gt;DESKTOP-I1T2G01&lt;/Computer&gt;&lt;Security/&gt;&lt;/System&gt;&lt;EventData&gt;&lt;Data Name='TargetUserName'&gt;Janet&lt;/Data&gt;&lt;Data Name='TargetDomainName'&gt;DESKTOP-I1T2G01&lt;/Data&gt;&lt;Data Name='TargetSid'&gt;S-1-5-21-4235200151-4210980811-2443358387-1144&lt;/Data&gt;&lt;Data Name='SubjectUserSid'&gt;S-1-5-21-4235200151-4210980811-2443358387-1000&lt;/Data&gt;&lt;Data Name='SubjectUserName'&gt;adhd&lt;/Data&gt;&lt;Data Name='SubjectDomainName'&gt;DESKTOP-I1T2G01&lt;/Data&gt;&lt;Data Name='SubjectLogonId'&gt;0x1c5da&lt;/Data&gt;&lt;Data Name='PrivilegeList'&gt;-&lt;/Data&gt;&lt;Data Name='SamAccountName'&gt;Janet&lt;/Data&gt;&lt;Data Name='DisplayName'&gt;%%1793&lt;/Data&gt;&lt;Data Name='UserPrincipalName'&gt;-&lt;/Data&gt;&lt;Data Name='HomeDirectory'&gt;%%1793&lt;/Data&gt;&lt;Data Name='HomePath'&gt;%%1793&lt;/Data&gt;&lt;Data Name='ScriptPath'&gt;%%1793&lt;/Data&gt;&lt;Data Name='ProfilePath'&gt;%%1793&lt;/Data&gt;&lt;Data Name='UserWorkstations'&gt;%%1793&lt;/Data&gt;&lt;Data Name='PasswordLastSet'&gt;%%1794&lt;/Data&gt;&lt;Data Name='AccountExpires'&gt;%%1794&lt;/Data&gt;&lt;Data Name='PrimaryGroupId'&gt;513&lt;/Data&gt;&lt;Data Name='AllowedToDelegateTo'&gt;-&lt;/Data&gt;&lt;Data Name='OldUacValue'&gt;0x0&lt;/Data&gt;&lt;Data Name='NewUacValue'&gt;0x15&lt;/Data&gt;&lt;Data Name='UserAccountControl'&gt;
		%%2080
		%%2082
		%%2084&lt;/Data&gt;&lt;Data Name='UserParameters'&gt;%%1793&lt;/Data&gt;&lt;Data Name='SidHistory'&gt;-&lt;/Data&gt;&lt;Data Name='LogonHours'&gt;%%1797&lt;/Data&gt;&lt;/EventData&gt;&lt;/Event&gt;</raw>
            <TargetUserName>Janet</TargetUserName>
            <SubjectUserName>adhd</SubjectUserName>
        </detection>
        <detection type="Event">
            <id>4720</id>
            <recordid>4903</recordid>
            <time>2020-06-11 22:05:04.946612100Z</time>
            <channel>Security</channel>
            <raw>&lt;Event xmlns='http://schemas.microsoft.com/win/2004/08/events/event'&gt;&lt;System&gt;&lt;Provider Name='Microsoft-Windows-Security-Auditing' Guid='{54849625-5478-4994-a5ba-3e3b0328c30d}'/&gt;&lt;EventID&gt;4720&lt;/EventID&gt;&lt;Version&gt;0&lt;/Version&gt;&lt;Level&gt;0&lt;/Level&gt;&lt;Task&gt;13824&lt;/Task&gt;&lt;Opcode&gt;0&lt;/Opcode&gt;&lt;Keywords&gt;0x8020000000000000&lt;/Keywords&gt;&lt;TimeCreated SystemTime='2020-06-11T22:05:04.9466121Z'/&gt;&lt;EventRecordID&gt;4903&lt;/EventRecordID&gt;&lt;Correlation ActivityID='{d0a5cb6e-403a-0001-29cc-a5d03a40d601}'/&gt;&lt;Execution ProcessID='740' ThreadID='8284'/&gt;&lt;Channel&gt;Security&lt;/Channel&gt;&lt;Computer&gt;DESKTOP-I1T2G01&lt;/Computer&gt;&lt;Security/&gt;&lt;/System&gt;&lt;EventData&gt;&lt;Data Name='TargetUserName'&gt;Samuel&lt;/Data&gt;&lt;Data Name='TargetDomainName'&gt;DESKTOP-I1T2G01&lt;/Data&gt;&lt;Data Name='TargetSid'&gt;S-1-5-21-4235200151-4210980811-2443358387-1143&lt;/Data&gt;&lt;Data Name='SubjectUserSid'&gt;S-1-5-21-4235200151-4210980811-2443358387-1000&lt;/Data&gt;&lt;Data Name='SubjectUserName'&gt;adhd&lt;/Data&gt;&lt;Data Name='SubjectDomainName'&gt;DESKTOP-I1T2G01&lt;/Data&gt;&lt;Data Name='SubjectLogonId'&gt;0x1c5da&lt;/Data&gt;&lt;Data Name='PrivilegeList'&gt;-&lt;/Data&gt;&lt;Data Name='SamAccountName'&gt;Samuel&lt;/Data&gt;&lt;Data Name='DisplayName'&gt;%%1793&lt;/Data&gt;&lt;Data Name='UserPrincipalName'&gt;-&lt;/Data&gt;&lt;Data Name='HomeDirectory'&gt;%%1793&lt;/Data&gt;&lt;Data Name='HomePath'&gt;%%1793&lt;/Data&gt;&lt;Data Name='ScriptPath'&gt;%%1793&lt;/Data&gt;&lt;Data Name='ProfilePath'&gt;%%1793&lt;/Data&gt;&lt;Data Name='UserWorkstations'&gt;%%1793&lt;/Data&gt;&lt;Data Name='PasswordLastSet'&gt;%%1794&lt;/Data&gt;&lt;Data Name='AccountExpires'&gt;%%1794&lt;/Data&gt;&lt;Data Name='PrimaryGroupId'&gt;513&lt;/Data&gt;&lt;Data Name='AllowedToDelegateTo'&gt;-&lt;/Data&gt;&lt;Data Name='OldUacValue'&gt;0x0&lt;/Data&gt;&lt;Data Name='NewUacValue'&gt;0x15&lt;/Data&gt;&lt;Data Name='UserAccountControl'&gt;
		%%2080
		%%2082
		%%2084&lt;/Data&gt;&lt;Data Name='UserParameters'&gt;%%1793&lt;/Data&gt;&lt;Data Name='SidHistory'&gt;-&lt;/Data&gt;&lt;Data Name='LogonHours'&gt;%%1797&lt;/Data&gt;&lt;/EventData&gt;&lt;/Event&gt;</raw>
            <TargetUserName>Samuel</TargetUserName>
            <SubjectUserName>adhd</SubjectUserName>
        </detection>
        <detection type="Event">
            <id>4720</id>
            <recordid>4897</recordid>
            <time>2020-06-11 22:05:04.860667100Z</time>
            <channel>Security</channel>
            <raw>&lt;Event xmlns='http://schemas.microsoft.com/win/2004/08/events/event'&gt;&lt;System&gt;&lt;Provider Name='Microsoft-Windows-Security-Auditing' Guid='{54849625-5478-4994-a5ba-3e3b0328c30d}'/&gt;&lt;EventID&gt;4720&lt;/EventID&gt;&lt;Version&gt;0&lt;/Version&gt;&lt;Level&gt;0&lt;/Level&gt;&lt;Task&gt;13824&lt;/Task&gt;&lt;Opcode&gt;0&lt;/Opcode&gt;&lt;Keywords&gt;0x8020000000000000&lt;/Keywords&gt;&lt;TimeCreated SystemTime='2020-06-11T22:05:04.8606671Z'/&gt;&lt;EventRecordID&gt;4897&lt;/EventRecordID&gt;&lt;Correlation ActivityID='{d0a5cb6e-403a-0001-29cc-a5d03a40d601}'/&gt;&lt;Execution ProcessID='740' ThreadID='8284'/&gt;&lt;Channel&gt;Security&lt;/Channel&gt;&lt;Computer&gt;DESKTOP-I1T2G01&lt;/Computer&gt;&lt;Security/&gt;&lt;/System&gt;&lt;EventData&gt;&lt;Data Name='TargetUserName'&gt;Dylan&lt;/Data&gt;&lt;Data Name='TargetDomainName'&gt;DESKTOP-I1T2G01&lt;/Data&gt;&lt;Data Name='TargetSid'&gt;S-1-5-21-4235200151-4210980811-2443358387-1142&lt;/Data&gt;&lt;Data Name='SubjectUserSid'&gt;S-1-5-21-4235200151-4210980811-2443358387-1000&lt;/Data&gt;&lt;Data Name='SubjectUserName'&gt;adhd&lt;/Data&gt;&lt;Data Name='SubjectDomainName'&gt;DESKTOP-I1T2G01&lt;/Data&gt;&lt;Data Name='SubjectLogonId'&gt;0x1c5da&lt;/Data&gt;&lt;Data Name='PrivilegeList'&gt;-&lt;/Data&gt;&lt;Data Name='SamAccountName'&gt;Dylan&lt;/Data&gt;&lt;Data Name='DisplayName'&gt;%%1793&lt;/Data&gt;&lt;Data Name='UserPrincipalName'&gt;-&lt;/Data&gt;&lt;Data Name='HomeDirectory'&gt;%%1793&lt;/Data&gt;&lt;Data Name='HomePath'&gt;%%1793&lt;/Data&gt;&lt;Data Name='ScriptPath'&gt;%%1793&lt;/Data&gt;&lt;Data Name='ProfilePath'&gt;%%1793&lt;/Data&gt;&lt;Data Name='UserWorkstations'&gt;%%1793&lt;/Data&gt;&lt;Data Name='PasswordLastSet'&gt;%%1794&lt;/Data&gt;&lt;Data Name='AccountExpires'&gt;%%1794&lt;/Data&gt;&lt;Data Name='PrimaryGroupId'&gt;513&lt;/Data&gt;&lt;Data Name='AllowedToDelegateTo'&gt;-&lt;/Data&gt;&lt;Data Name='OldUacValue'&gt;0x0&lt;/Data&gt;&lt;Data Name='NewUacValue'&gt;0x15&lt;/Data&gt;&lt;Data Name='UserAccountControl'&gt;
		%%2080
		%%2082
		%%2084&lt;/Data&gt;&lt;Data Name='UserParameters'&gt;%%1793&lt;/Data&gt;&lt;Data Name='SidHistory'&gt;-&lt;/Data&gt;&lt;Data Name='LogonHours'&gt;%%1797&lt;/Data&gt;&lt;/EventData&gt;&lt;/Event&gt;</raw>
            <TargetUserName>Dylan</TargetUserName>
            <SubjectUserName>adhd</SubjectUserName>
        </detection>
        <detection type="Event">
            <id>4720</id>
            <recordid>4891</recordid>
            <time>2020-06-11 22:05:04.784894500Z</time>
            <channel>Security</channel>
            <raw>&lt;Event xmlns='http://schemas.microsoft.com/win/2004/08/events/event'&gt;&lt;System&gt;&lt;Provider Name='Microsoft-Windows-Security-Auditing' Guid='{54849625-5478-4994-a5ba-3e3b0328c30d}'/&gt;&lt;EventID&gt;4720&lt;/EventID&gt;&lt;Version&gt;0&lt;/Version&gt;&lt;Level&gt;0&lt;/Level&gt;&lt;Task&gt;13824&lt;/Task&gt;&lt;Opcode&gt;0&lt;/Opcode&gt;&lt;Keywords&gt;0x8020000000000000&lt;/Keywords&gt;&lt;TimeCreated SystemTime='2020-06-11T22:05:04.7848945Z'/&gt;&lt;EventRecordID&gt;4891&lt;/EventRecordID&gt;&lt;Correlation ActivityID='{d0a5cb6e-403a-0001-29cc-a5d03a40d601}'/&gt;&lt;Execution ProcessID='740' ThreadID='788'/&gt;&lt;Channel&gt;Security&lt;/Channel&gt;&lt;Computer&gt;DESKTOP-I1T2G01&lt;/Computer&gt;&lt;Security/&gt;&lt;/System&gt;&lt;EventData&gt;&lt;Data Name='TargetUserName'&gt;Jordan&lt;/Data&gt;&lt;Data Name='TargetDomainName'&gt;DESKTOP-I1T2G01&lt;/Data&gt;&lt;Data Name='TargetSid'&gt;S-1-5-21-4235200151-4210980811-2443358387-1141&lt;/Data&gt;&lt;Data Name='SubjectUserSid'&gt;S-1-5-21-4235200151-4210980811-2443358387-1000&lt;/Data&gt;&lt;Data Name='SubjectUserName'&gt;adhd&lt;/Data&gt;&lt;Data Name='SubjectDomainName'&gt;DESKTOP-I1T2G01&lt;/Data&gt;&lt;Data Name='SubjectLogonId'&gt;0x1c5da&lt;/Data&gt;&lt;Data Name='PrivilegeList'&gt;-&lt;/Data&gt;&lt;Data Name='SamAccountName'&gt;Jordan&lt;/Data&gt;&lt;Data Name='DisplayName'&gt;%%1793&lt;/Data&gt;&lt;Data Name='UserPrincipalName'&gt;-&lt;/Data&gt;&lt;Data Name='HomeDirectory'&gt;%%1793&lt;/Data&gt;&lt;Data Name='HomePath'&gt;%%1793&lt;/Data&gt;&lt;Data Name='ScriptPath'&gt;%%1793&lt;/Data&gt;&lt;Data Name='ProfilePath'&gt;%%1793&lt;/Data&gt;&lt;Data Name='UserWorkstations'&gt;%%1793&lt;/Data&gt;&lt;Data Name='PasswordLastSet'&gt;%%1794&lt;/Data&gt;&lt;Data Name='AccountExpires'&gt;%%1794&lt;/Data&gt;&lt;Data Name='PrimaryGroupId'&gt;513&lt;/Data&gt;&lt;Data Name='AllowedToDelegateTo'&gt;-&lt;/Data&gt;&lt;Data Name='OldUacValue'&gt;0x0&lt;/Data&gt;&lt;Data Name='NewUacValue'&gt;0x15&lt;/Data&gt;&lt;Data Name='UserAccountControl'&gt;
		%%2080
		%%2082
		%%2084&lt;/Data&gt;&lt;Data Name='UserParameters'&gt;%%1793&lt;/Data&gt;&lt;Data Name='SidHistory'&gt;-&lt;/Data&gt;&lt;Data Name='LogonHours'&gt;%%1797&lt;/Data&gt;&lt;/EventData&gt;&lt;/Event&gt;</raw>
            <TargetUserName>Jordan</TargetUserName>
            <SubjectUserName>adhd</SubjectUserName>
        </detection>
        <detection type="Event">
            <id>4720</id>
            <recordid>4885</recordid>
            <time>2020-06-11 22:05:04.685115700Z</time>
            <channel>Security</channel>
            <raw>&lt;Event xmlns='http://schemas.microsoft.com/win/2004/08/events/event'&gt;&lt;System&gt;&lt;Provider Name='Microsoft-Windows-Security-Auditing' Guid='{54849625-5478-4994-a5ba-3e3b0328c30d}'/&gt;&lt;EventID&gt;4720&lt;/EventID&gt;&lt;Version&gt;0&lt;/Version&gt;&lt;Level&gt;0&lt;/Level&gt;&lt;Task&gt;13824&lt;/Task&gt;&lt;Opcode&gt;0&lt;/Opcode&gt;&lt;Keywords&gt;0x8020000000000000&lt;/Keywords&gt;&lt;TimeCreated SystemTime='2020-06-11T22:05:04.6851157Z'/&gt;&lt;EventRecordID&gt;4885&lt;/EventRecordID&gt;&lt;Correlation ActivityID='{d0a5cb6e-403a-0001-29cc-a5d03a40d601}'/&gt;&lt;Execution ProcessID='740' ThreadID='8284'/&gt;&lt;Channel&gt;Security&lt;/Channel&gt;&lt;Computer&gt;DESKTOP-I1T2G01&lt;/Computer&gt;&lt;Security/&gt;&lt;/System&gt;&lt;EventData&gt;&lt;Data Name='TargetUserName'&gt;Janice&lt;/Data&gt;&lt;Data Name='TargetDomainName'&gt;DESKTOP-I1T2G01&lt;/Data&gt;&lt;Data Name='TargetSid'&gt;S-1-5-21-4235200151-4210980811-2443358387-1140&lt;/Data&gt;&lt;Data Name='SubjectUserSid'&gt;S-1-5-21-4235200151-4210980811-2443358387-1000&lt;/Data&gt;&lt;Data Name='SubjectUserName'&gt;adhd&lt;/Data&gt;&lt;Data Name='SubjectDomainName'&gt;DESKTOP-I1T2G01&lt;/Data&gt;&lt;Data Name='SubjectLogonId'&gt;0x1c5da&lt;/Data&gt;&lt;Data Name='PrivilegeList'&gt;-&lt;/Data&gt;&lt;Data Name='SamAccountName'&gt;Janice&lt;/Data&gt;&lt;Data Name='DisplayName'&gt;%%1793&lt;/Data&gt;&lt;Data Name='UserPrincipalName'&gt;-&lt;/Data&gt;&lt;Data Name='HomeDirectory'&gt;%%1793&lt;/Data&gt;&lt;Data Name='HomePath'&gt;%%1793&lt;/Data&gt;&lt;Data Name='ScriptPath'&gt;%%1793&lt;/Data&gt;&lt;Data Name='ProfilePath'&gt;%%1793&lt;/Data&gt;&lt;Data Name='UserWorkstations'&gt;%%1793&lt;/Data&gt;&lt;Data Name='PasswordLastSet'&gt;%%1794&lt;/Data&gt;&lt;Data Name='AccountExpires'&gt;%%1794&lt;/Data&gt;&lt;Data Name='PrimaryGroupId'&gt;513&lt;/Data&gt;&lt;Data Name='AllowedToDelegateTo'&gt;-&lt;/Data&gt;&lt;Data Name='OldUacValue'&gt;0x0&lt;/Data&gt;&lt;Data Name='NewUacValue'&gt;0x15&lt;/Data&gt;&lt;Data Name='UserAccountControl'&gt;
		%%2080
		%%2082
		%%2084&lt;/Data&gt;&lt;Data Name='UserParameters'&gt;%%1793&lt;/Data&gt;&lt;Data Name='SidHistory'&gt;-&lt;/Data&gt;&lt;Data Name='LogonHours'&gt;%%1797&lt;/Data&gt;&lt;/EventData&gt;&lt;/Event&gt;</raw>
            <TargetUserName>Janice</TargetUserName>
            <SubjectUserName>adhd</SubjectUserName>
        </detection>
        <detection type="Event">
            <id>4720</id>
            <recordid>4879</recordid>
            <time>2020-06-11 22:05:04.607083400Z</time>
            <channel>Security</channel>
            <raw>&lt;Event xmlns='http://schemas.microsoft.com/win/2004/08/events/event'&gt;&lt;System&gt;&lt;Provider Name='Microsoft-Windows-Security-Auditing' Guid='{54849625-5478-4994-a5ba-3e3b0328c30d}'/&gt;&lt;EventID&gt;4720&lt;/EventID&gt;&lt;Version&gt;0&lt;/Version&gt;&lt;Level&gt;0&lt;/Level&gt;&lt;Task&gt;13824&lt;/Task&gt;&lt;Opcode&gt;0&lt;/Opcode&gt;&lt;Keywords&gt;0x8020000000000000&lt;/Keywords&gt;&lt;TimeCreated SystemTime='2020-06-11T22:05:04.6070834Z'/&gt;&lt;EventRecordID&gt;4879&lt;/EventRecordID&gt;&lt;Correlation ActivityID='{d0a5cb6e-403a-0001-29cc-a5d03a40d601}'/&gt;&lt;Execution ProcessID='740' ThreadID='8088'/&gt;&lt;Channel&gt;Security&lt;/Channel&gt;&lt;Computer&gt;DESKTOP-I1T2G01&lt;/Computer&gt;&lt;Security/&gt;&lt;/System&gt;&lt;EventData&gt;&lt;Data Name='TargetUserName'&gt;Angela&lt;/Data&gt;&lt;Data Name='TargetDomainName'&gt;DESKTOP-I1T2G01&lt;/Data&gt;&lt;Data Name='TargetSid'&gt;S-1-5-21-4235200151-4210980811-2443358387-1139&lt;/Data&gt;&lt;Data Name='SubjectUserSid'&gt;S-1-5-21-4235200151-4210980811-2443358387-1000&lt;/Data&gt;&lt;Data Name='SubjectUserName'&gt;adhd&lt;/Data&gt;&lt;Data Name='SubjectDomainName'&gt;DESKTOP-I1T2G01&lt;/Data&gt;&lt;Data Name='SubjectLogonId'&gt;0x1c5da&lt;/Data&gt;&lt;Data Name='PrivilegeList'&gt;-&lt;/Data&gt;&lt;Data Name='SamAccountName'&gt;Angela&lt;/Data&gt;&lt;Data Name='DisplayName'&gt;%%1793&lt;/Data&gt;&lt;Data Name='UserPrincipalName'&gt;-&lt;/Data&gt;&lt;Data Name='HomeDirectory'&gt;%%1793&lt;/Data&gt;&lt;Data Name='HomePath'&gt;%%1793&lt;/Data&gt;&lt;Data Name='ScriptPath'&gt;%%1793&lt;/Data&gt;&lt;Data Name='ProfilePath'&gt;%%1793&lt;/Data&gt;&lt;Data Name='UserWorkstations'&gt;%%1793&lt;/Data&gt;&lt;Data Name='PasswordLastSet'&gt;%%1794&lt;/Data&gt;&lt;Data Name='AccountExpires'&gt;%%1794&lt;/Data&gt;&lt;Data Name='PrimaryGroupId'&gt;513&lt;/Data&gt;&lt;Data Name='AllowedToDelegateTo'&gt;-&lt;/Data&gt;&lt;Data Name='OldUacValue'&gt;0x0&lt;/Data&gt;&lt;Data Name='NewUacValue'&gt;0x15&lt;/Data&gt;&lt;Data Name='UserAccountControl'&gt;
		%%2080
		%%2082
		%%2084&lt;/Data&gt;&lt;Data Name='UserParameters'&gt;%%1793&lt;/Data&gt;&lt;Data Name='SidHistory'&gt;-&lt;/Data&gt;&lt;Data Name='LogonHours'&gt;%%1797&lt;/Data&gt;&lt;/EventData&gt;&lt;/Event&gt;</raw>
            <TargetUserName>Angela</TargetUserName>
            <SubjectUserName>adhd</SubjectUserName>
        </detection>
        <detection type="Event">
            <id>4720</id>
            <recordid>4873</recordid>
            <time>2020-06-11 22:05:04.524242000Z</time>
            <channel>Security</channel>
            <raw>&lt;Event xmlns='http://schemas.microsoft.com/win/2004/08/events/event'&gt;&lt;System&gt;&lt;Provider Name='Microsoft-Windows-Security-Auditing' Guid='{54849625-5478-4994-a5ba-3e3b0328c30d}'/&gt;&lt;EventID&gt;4720&lt;/EventID&gt;&lt;Version&gt;0&lt;/Version&gt;&lt;Level&gt;0&lt;/Level&gt;&lt;Task&gt;13824&lt;/Task&gt;&lt;Opcode&gt;0&lt;/Opcode&gt;&lt;Keywords&gt;0x8020000000000000&lt;/Keywords&gt;&lt;TimeCreated SystemTime='2020-06-11T22:05:04.5242420Z'/&gt;&lt;EventRecordID&gt;4873&lt;/EventRecordID&gt;&lt;Correlation ActivityID='{d0a5cb6e-403a-0001-29cc-a5d03a40d601}'/&gt;&lt;Execution ProcessID='740' ThreadID='8284'/&gt;&lt;Channel&gt;Security&lt;/Channel&gt;&lt;Computer&gt;DESKTOP-I1T2G01&lt;/Computer&gt;&lt;Security/&gt;&lt;/System&gt;&lt;EventData&gt;&lt;Data Name='TargetUserName'&gt;Marie&lt;/Data&gt;&lt;Data Name='TargetDomainName'&gt;DESKTOP-I1T2G01&lt;/Data&gt;&lt;Data Name='TargetSid'&gt;S-1-5-21-4235200151-4210980811-2443358387-1138&lt;/Data&gt;&lt;Data Name='SubjectUserSid'&gt;S-1-5-21-4235200151-4210980811-2443358387-1000&lt;/Data&gt;&lt;Data Name='SubjectUserName'&gt;adhd&lt;/Data&gt;&lt;Data Name='SubjectDomainName'&gt;DESKTOP-I1T2G01&lt;/Data&gt;&lt;Data Name='SubjectLogonId'&gt;0x1c5da&lt;/Data&gt;&lt;Data Name='PrivilegeList'&gt;-&lt;/Data&gt;&lt;Data Name='SamAccountName'&gt;Marie&lt;/Data&gt;&lt;Data Name='DisplayName'&gt;%%1793&lt;/Data&gt;&lt;Data Name='UserPrincipalName'&gt;-&lt;/Data&gt;&lt;Data Name='HomeDirectory'&gt;%%1793&lt;/Data&gt;&lt;Data Name='HomePath'&gt;%%1793&lt;/Data&gt;&lt;Data Name='ScriptPath'&gt;%%1793&lt;/Data&gt;&lt;Data Name='ProfilePath'&gt;%%1793&lt;/Data&gt;&lt;Data Name='UserWorkstations'&gt;%%1793&lt;/Data&gt;&lt;Data Name='PasswordLastSet'&gt;%%1794&lt;/Data&gt;&lt;Data Name='AccountExpires'&gt;%%1794&lt;/Data&gt;&lt;Data Name='PrimaryGroupId'&gt;513&lt;/Data&gt;&lt;Data Name='AllowedToDelegateTo'&gt;-&lt;/Data&gt;&lt;Data Name='OldUacValue'&gt;0x0&lt;/Data&gt;&lt;Data Name='NewUacValue'&gt;0x15&lt;/Data&gt;&lt;Data Name='UserAccountControl'&gt;
		%%2080
		%%2082
		%%2084&lt;/Data&gt;&lt;Data Name='UserParameters'&gt;%%1793&lt;/Data&gt;&lt;Data Name='SidHistory'&gt;-&lt;/Data&gt;&lt;Data Name='LogonHours'&gt;%%1797&lt;/Data&gt;&lt;/EventData&gt;&lt;/Event&gt;</raw>
            <TargetUserName>Marie</TargetUserName>
            <SubjectUserName>adhd</SubjectUserName>
        </detection>
        <detection type="Event">
            <id>4720</id>
            <recordid>4867</recordid>
            <time>2020-06-11 22:05:04.450190500Z</time>
            <channel>Security</channel>
            <raw>&lt;Event xmlns='http://schemas.microsoft.com/win/2004/08/events/event'&gt;&lt;System&gt;&lt;Provider Name='Microsoft-Windows-Security-Auditing' Guid='{54849625-5478-4994-a5ba-3e3b0328c30d}'/&gt;&lt;EventID&gt;4720&lt;/EventID&gt;&lt;Version&gt;0&lt;/Version&gt;&lt;Level&gt;0&lt;/Level&gt;&lt;Task&gt;13824&lt;/Task&gt;&lt;Opcode&gt;0&lt;/Opcode&gt;&lt;Keywords&gt;0x8020000000000000&lt;/Keywords&gt;&lt;TimeCreated SystemTime='2020-06-11T22:05:04.4501905Z'/&gt;&lt;EventRecordID&gt;4867&lt;/EventRecordID&gt;&lt;Correlation ActivityID='{d0a5cb6e-403a-0001-29cc-a5d03a40d601}'/&gt;&lt;Execution ProcessID='740' ThreadID='8284'/&gt;&lt;Channel&gt;Security&lt;/Channel&gt;&lt;Computer&gt;DESKTOP-I1T2G01&lt;/Computer&gt;&lt;Security/&gt;&lt;/System&gt;&lt;EventData&gt;&lt;Data Name='TargetUserName'&gt;Richard&lt;/Data&gt;&lt;Data Name='TargetDomainName'&gt;DESKTOP-I1T2G01&lt;/Data&gt;&lt;Data Name='TargetSid'&gt;S-1-5-21-4235200151-4210980811-2443358387-1137&lt;/Data&gt;&lt;Data Name='SubjectUserSid'&gt;S-1-5-21-4235200151-4210980811-2443358387-1000&lt;/Data&gt;&lt;Data Name='SubjectUserName'&gt;adhd&lt;/Data&gt;&lt;Data Name='SubjectDomainName'&gt;DESKTOP-I1T2G01&lt;/Data&gt;&lt;Data Name='SubjectLogonId'&gt;0x1c5da&lt;/Data&gt;&lt;Data Name='PrivilegeList'&gt;-&lt;/Data&gt;&lt;Data Name='SamAccountName'&gt;Richard&lt;/Data&gt;&lt;Data Name='DisplayName'&gt;%%1793&lt;/Data&gt;&lt;Data Name='UserPrincipalName'&gt;-&lt;/Data&gt;&lt;Data Name='HomeDirectory'&gt;%%1793&lt;/Data&gt;&lt;Data Name='HomePath'&gt;%%1793&lt;/Data&gt;&lt;Data Name='ScriptPath'&gt;%%1793&lt;/Data&gt;&lt;Data Name='ProfilePath'&gt;%%1793&lt;/Data&gt;&lt;Data Name='UserWorkstations'&gt;%%1793&lt;/Data&gt;&lt;Data Name='PasswordLastSet'&gt;%%1794&lt;/Data&gt;&lt;Data Name='AccountExpires'&gt;%%1794&lt;/Data&gt;&lt;Data Name='PrimaryGroupId'&gt;513&lt;/Data&gt;&lt;Data Name='AllowedToDelegateTo'&gt;-&lt;/Data&gt;&lt;Data Name='OldUacValue'&gt;0x0&lt;/Data&gt;&lt;Data Name='NewUacValue'&gt;0x15&lt;/Data&gt;&lt;Data Name='UserAccountControl'&gt;
		%%2080
		%%2082
		%%2084&lt;/Data&gt;&lt;Data Name='UserParameters'&gt;%%1793&lt;/Data&gt;&lt;Data Name='SidHistory'&gt;-&lt;/Data&gt;&lt;Data Name='LogonHours'&gt;%%1797&lt;/Data&gt;&lt;/EventData&gt;&lt;/Event&gt;</raw>
            <TargetUserName>Richard</TargetUserName>
            <SubjectUserName>adhd</SubjectUserName>
        </detection>
        <detection type="Event">
            <id>4720</id>
            <recordid>4861</recordid>
            <time>2020-06-11 22:05:04.365748900Z</time>
            <channel>Security</channel>
            <raw>&lt;Event xmlns='http://schemas.microsoft.com/win/2004/08/events/event'&gt;&lt;System&gt;&lt;Provider Name='Microsoft-Windows-Security-Auditing' Guid='{54849625-5478-4994-a5ba-3e3b0328c30d}'/&gt;&lt;EventID&gt;4720&lt;/EventID&gt;&lt;Version&gt;0&lt;/Version&gt;&lt;Level&gt;0&lt;/Level&gt;&lt;Task&gt;13824&lt;/Task&gt;&lt;Opcode&gt;0&lt;/Opcode&gt;&lt;Keywords&gt;0x8020000000000000&lt;/Keywords&gt;&lt;TimeCreated SystemTime='2020-06-11T22:05:04.3657489Z'/&gt;&lt;EventRecordID&gt;4861&lt;/EventRecordID&gt;&lt;Correlation ActivityID='{d0a5cb6e-403a-0001-29cc-a5d03a40d601}'/&gt;&lt;Execution ProcessID='740' ThreadID='792'/&gt;&lt;Channel&gt;Security&lt;/Channel&gt;&lt;Computer&gt;DESKTOP-I1T2G01&lt;/Computer&gt;&lt;Security/&gt;&lt;/System&gt;&lt;EventData&gt;&lt;Data Name='TargetUserName'&gt;Dorothy&lt;/Data&gt;&lt;Data Name='TargetDomainName'&gt;DESKTOP-I1T2G01&lt;/Data&gt;&lt;Data Name='TargetSid'&gt;S-1-5-21-4235200151-4210980811-2443358387-1136&lt;/Data&gt;&lt;Data Name='SubjectUserSid'&gt;S-1-5-21-4235200151-4210980811-2443358387-1000&lt;/Data&gt;&lt;Data Name='SubjectUserName'&gt;adhd&lt;/Data&gt;&lt;Data Name='SubjectDomainName'&gt;DESKTOP-I1T2G01&lt;/Data&gt;&lt;Data Name='SubjectLogonId'&gt;0x1c5da&lt;/Data&gt;&lt;Data Name='PrivilegeList'&gt;-&lt;/Data&gt;&lt;Data Name='SamAccountName'&gt;Dorothy&lt;/Data&gt;&lt;Data Name='DisplayName'&gt;%%1793&lt;/Data&gt;&lt;Data Name='UserPrincipalName'&gt;-&lt;/Data&gt;&lt;Data Name='HomeDirectory'&gt;%%1793&lt;/Data&gt;&lt;Data Name='HomePath'&gt;%%1793&lt;/Data&gt;&lt;Data Name='ScriptPath'&gt;%%1793&lt;/Data&gt;&lt;Data Name='ProfilePath'&gt;%%1793&lt;/Data&gt;&lt;Data Name='UserWorkstations'&gt;%%1793&lt;/Data&gt;&lt;Data Name='PasswordLastSet'&gt;%%1794&lt;/Data&gt;&lt;Data Name='AccountExpires'&gt;%%1794&lt;/Data&gt;&lt;Data Name='PrimaryGroupId'&gt;513&lt;/Data&gt;&lt;Data Name='AllowedToDelegateTo'&gt;-&lt;/Data&gt;&lt;Data Name='OldUacValue'&gt;0x0&lt;/Data&gt;&lt;Data Name='NewUacValue'&gt;0x15&lt;/Data&gt;&lt;Data Name='UserAccountControl'&gt;
		%%2080
		%%2082
		%%2084&lt;/Data&gt;&lt;Data Name='UserParameters'&gt;%%1793&lt;/Data&gt;&lt;Data Name='SidHistory'&gt;-&lt;/Data&gt;&lt;Data Name='LogonHours'&gt;%%1797&lt;/Data&gt;&lt;/EventData&gt;&lt;/Event&gt;</raw>
            <TargetUserName>Dorothy</TargetUserName>
            <SubjectUserName>adhd</SubjectUserName>
        </detection>
        <detection type="Event">
            <id>4720</id>
            <recordid>4855</recordid>
            <time>2020-06-11 22:05:04.286082800Z</time>
            <channel>Security</channel>
            <raw>&lt;Event xmlns='http://schemas.microsoft.com/win/2004/08/events/event'&gt;&lt;System&gt;&lt;Provider Name='Microsoft-Windows-Security-Auditing' Guid='{54849625-5478-4994-a5ba-3e3b0328c30d}'/&gt;&lt;EventID&gt;4720&lt;/EventID&gt;&lt;Version&gt;0&lt;/Version&gt;&lt;Level&gt;0&lt;/Level&gt;&lt;Task&gt;13824&lt;/Task&gt;&lt;Opcode&gt;0&lt;/Opcode&gt;&lt;Keywords&gt;0x8020000000000000&lt;/Keywords&gt;&lt;TimeCreated SystemTime='2020-06-11T22:05:04.2860828Z'/&gt;&lt;EventRecordID&gt;4855&lt;/EventRecordID&gt;&lt;Correlation ActivityID='{d0a5cb6e-403a-0001-29cc-a5d03a40d601}'/&gt;&lt;Execution ProcessID='740' ThreadID='8088'/&gt;&lt;Channel&gt;Security&lt;/Channel&gt;&lt;Computer&gt;DESKTOP-I1T2G01&lt;/Computer&gt;&lt;Security/&gt;&lt;/System&gt;&lt;EventData&gt;&lt;Data Name='TargetUserName'&gt;Ryan&lt;/Data&gt;&lt;Data Name='TargetDomainName'&gt;DESKTOP-I1T2G01&lt;/Data&gt;&lt;Data Name='TargetSid'&gt;S-1-5-21-4235200151-4210980811-2443358387-1135&lt;/Data&gt;&lt;Data Name='SubjectUserSid'&gt;S-1-5-21-4235200151-4210980811-2443358387-1000&lt;/Data&gt;&lt;Data Name='SubjectUserName'&gt;adhd&lt;/Data&gt;&lt;Data Name='SubjectDomainName'&gt;DESKTOP-I1T2G01&lt;/Data&gt;&lt;Data Name='SubjectLogonId'&gt;0x1c5da&lt;/Data&gt;&lt;Data Name='PrivilegeList'&gt;-&lt;/Data&gt;&lt;Data Name='SamAccountName'&gt;Ryan&lt;/Data&gt;&lt;Data Name='DisplayName'&gt;%%1793&lt;/Data&gt;&lt;Data Name='UserPrincipalName'&gt;-&lt;/Data&gt;&lt;Data Name='HomeDirectory'&gt;%%1793&lt;/Data&gt;&lt;Data Name='HomePath'&gt;%%1793&lt;/Data&gt;&lt;Data Name='ScriptPath'&gt;%%1793&lt;/Data&gt;&lt;Data Name='ProfilePath'&gt;%%1793&lt;/Data&gt;&lt;Data Name='UserWorkstations'&gt;%%1793&lt;/Data&gt;&lt;Data Name='PasswordLastSet'&gt;%%1794&lt;/Data&gt;&lt;Data Name='AccountExpires'&gt;%%1794&lt;/Data&gt;&lt;Data Name='PrimaryGroupId'&gt;513&lt;/Data&gt;&lt;Data Name='AllowedToDelegateTo'&gt;-&lt;/Data&gt;&lt;Data Name='OldUacValue'&gt;0x0&lt;/Data&gt;&lt;Data Name='NewUacValue'&gt;0x15&lt;/Data&gt;&lt;Data Name='UserAccountControl'&gt;
		%%2080
		%%2082
		%%2084&lt;/Data&gt;&lt;Data Name='UserParameters'&gt;%%1793&lt;/Data&gt;&lt;Data Name='SidHistory'&gt;-&lt;/Data&gt;&lt;Data Name='LogonHours'&gt;%%1797&lt;/Data&gt;&lt;/EventData&gt;&lt;/Event&gt;</raw>
            <TargetUserName>Ryan</TargetUserName>
            <SubjectUserName>adhd</SubjectUserName>
        </detection>
        <detection type="Event">
            <id>4720</id>
            <recordid>4849</recordid>
            <time>2020-06-11 22:05:04.116019500Z</time>
            <channel>Security</channel>
            <raw>&lt;Event xmlns='http://schemas.microsoft.com/win/2004/08/events/event'&gt;&lt;System&gt;&lt;Provider Name='Microsoft-Windows-Security-Auditing' Guid='{54849625-5478-4994-a5ba-3e3b0328c30d}'/&gt;&lt;EventID&gt;4720&lt;/EventID&gt;&lt;Version&gt;0&lt;/Version&gt;&lt;Level&gt;0&lt;/Level&gt;&lt;Task&gt;13824&lt;/Task&gt;&lt;Opcode&gt;0&lt;/Opcode&gt;&lt;Keywords&gt;0x8020000000000000&lt;/Keywords&gt;&lt;TimeCreated SystemTime='2020-06-11T22:05:04.1160195Z'/&gt;&lt;EventRecordID&gt;4849&lt;/EventRecordID&gt;&lt;Correlation ActivityID='{d0a5cb6e-403a-0001-29cc-a5d03a40d601}'/&gt;&lt;Execution ProcessID='740' ThreadID='792'/&gt;&lt;Channel&gt;Security&lt;/Channel&gt;&lt;Computer&gt;DESKTOP-I1T2G01&lt;/Computer&gt;&lt;Security/&gt;&lt;/System&gt;&lt;EventData&gt;&lt;Data Name='TargetUserName'&gt;Abigail&lt;/Data&gt;&lt;Data Name='TargetDomainName'&gt;DESKTOP-I1T2G01&lt;/Data&gt;&lt;Data Name='TargetSid'&gt;S-1-5-21-4235200151-4210980811-2443358387-1134&lt;/Data&gt;&lt;Data Name='SubjectUserSid'&gt;S-1-5-21-4235200151-4210980811-2443358387-1000&lt;/Data&gt;&lt;Data Name='SubjectUserName'&gt;adhd&lt;/Data&gt;&lt;Data Name='SubjectDomainName'&gt;DESKTOP-I1T2G01&lt;/Data&gt;&lt;Data Name='SubjectLogonId'&gt;0x1c5da&lt;/Data&gt;&lt;Data Name='PrivilegeList'&gt;-&lt;/Data&gt;&lt;Data Name='SamAccountName'&gt;Abigail&lt;/Data&gt;&lt;Data Name='DisplayName'&gt;%%1793&lt;/Data&gt;&lt;Data Name='UserPrincipalName'&gt;-&lt;/Data&gt;&lt;Data Name='HomeDirectory'&gt;%%1793&lt;/Data&gt;&lt;Data Name='HomePath'&gt;%%1793&lt;/Data&gt;&lt;Data Name='ScriptPath'&gt;%%1793&lt;/Data&gt;&lt;Data Name='ProfilePath'&gt;%%1793&lt;/Data&gt;&lt;Data Name='UserWorkstations'&gt;%%1793&lt;/Data&gt;&lt;Data Name='PasswordLastSet'&gt;%%1794&lt;/Data&gt;&lt;Data Name='AccountExpires'&gt;%%1794&lt;/Data&gt;&lt;Data Name='PrimaryGroupId'&gt;513&lt;/Data&gt;&lt;Data Name='AllowedToDelegateTo'&gt;-&lt;/Data&gt;&lt;Data Name='OldUacValue'&gt;0x0&lt;/Data&gt;&lt;Data Name='NewUacValue'&gt;0x15&lt;/Data&gt;&lt;Data Name='UserAccountControl'&gt;
		%%2080
		%%2082
		%%2084&lt;/Data&gt;&lt;Data Name='UserParameters'&gt;%%1793&lt;/Data&gt;&lt;Data Name='SidHistory'&gt;-&lt;/Data&gt;&lt;Data Name='LogonHours'&gt;%%1797&lt;/Data&gt;&lt;/EventData&gt;&lt;/Event&gt;</raw>
            <TargetUserName>Abigail</TargetUserName>
            <SubjectUserName>adhd</SubjectUserName>
        </detection>
        <detection type="Event">
            <id>4720</id>
            <recordid>4843</recordid>
            <time>2020-06-11 22:05:04.19943600Z</time>
            <channel>Security</channel>
            <raw>&lt;Event xmlns='http://schemas.microsoft.com/win/2004/08/events/event'&gt;&lt;System&gt;&lt;Provider Name='Microsoft-Windows-Security-Auditing' Guid='{54849625-5478-4994-a5ba-3e3b0328c30d}'/&gt;&lt;EventID&gt;4720&lt;/EventID&gt;&lt;Version&gt;0&lt;/Version&gt;&lt;Level&gt;0&lt;/Level&gt;&lt;Task&gt;13824&lt;/Task&gt;&lt;Opcode&gt;0&lt;/Opcode&gt;&lt;Keywords&gt;0x8020000000000000&lt;/Keywords&gt;&lt;TimeCreated SystemTime='2020-06-11T22:05:04.0199436Z'/&gt;&lt;EventRecordID&gt;4843&lt;/EventRecordID&gt;&lt;Correlation ActivityID='{d0a5cb6e-403a-0001-29cc-a5d03a40d601}'/&gt;&lt;Execution ProcessID='740' ThreadID='8284'/&gt;&lt;Channel&gt;Security&lt;/Channel&gt;&lt;Computer&gt;DESKTOP-I1T2G01&lt;/Computer&gt;&lt;Security/&gt;&lt;/System&gt;&lt;EventData&gt;&lt;Data Name='TargetUserName'&gt;Philip&lt;/Data&gt;&lt;Data Name='TargetDomainName'&gt;DESKTOP-I1T2G01&lt;/Data&gt;&lt;Data Name='TargetSid'&gt;S-1-5-21-4235200151-4210980811-2443358387-1133&lt;/Data&gt;&lt;Data Name='SubjectUserSid'&gt;S-1-5-21-4235200151-4210980811-2443358387-1000&lt;/Data&gt;&lt;Data Name='SubjectUserName'&gt;adhd&lt;/Data&gt;&lt;Data Name='SubjectDomainName'&gt;DESKTOP-I1T2G01&lt;/Data&gt;&lt;Data Name='SubjectLogonId'&gt;0x1c5da&lt;/Data&gt;&lt;Data Name='PrivilegeList'&gt;-&lt;/Data&gt;&lt;Data Name='SamAccountName'&gt;Philip&lt;/Data&gt;&lt;Data Name='DisplayName'&gt;%%1793&lt;/Data&gt;&lt;Data Name='UserPrincipalName'&gt;-&lt;/Data&gt;&lt;Data Name='HomeDirectory'&gt;%%1793&lt;/Data&gt;&lt;Data Name='HomePath'&gt;%%1793&lt;/Data&gt;&lt;Data Name='ScriptPath'&gt;%%1793&lt;/Data&gt;&lt;Data Name='ProfilePath'&gt;%%1793&lt;/Data&gt;&lt;Data Name='UserWorkstations'&gt;%%1793&lt;/Data&gt;&lt;Data Name='PasswordLastSet'&gt;%%1794&lt;/Data&gt;&lt;Data Name='AccountExpires'&gt;%%1794&lt;/Data&gt;&lt;Data Name='PrimaryGroupId'&gt;513&lt;/Data&gt;&lt;Data Name='AllowedToDelegateTo'&gt;-&lt;/Data&gt;&lt;Data Name='OldUacValue'&gt;0x0&lt;/Data&gt;&lt;Data Name='NewUacValue'&gt;0x15&lt;/Data&gt;&lt;Data Name='UserAccountControl'&gt;
		%%2080
		%%2082
		%%2084&lt;/Data&gt;&lt;Data Name='UserParameters'&gt;%%1793&lt;/Data&gt;&lt;Data Name='SidHistory'&gt;-&lt;/Data&gt;&lt;Data Name='LogonHours'&gt;%%1797&lt;/Data&gt;&lt;/EventData&gt;&lt;/Event&gt;</raw>
            <TargetUserName>Philip</TargetUserName>
            <SubjectUserName>adhd</SubjectUserName>
        </detection>
        <detection type="Event">
            <id>4720</id>
            <recordid>4837</recordid>
            <time>2020-06-11 22:05:03.947118900Z</time>
            <channel>Security</channel>
            <raw>&lt;Event xmlns='http://schemas.microsoft.com/win/2004/08/events/event'&gt;&lt;System&gt;&lt;Provider Name='Microsoft-Windows-Security-Auditing' Guid='{54849625-5478-4994-a5ba-3e3b0328c30d}'/&gt;&lt;EventID&gt;4720&lt;/EventID&gt;&lt;Version&gt;0&lt;/Version&gt;&lt;Level&gt;0&lt;/Level&gt;&lt;Task&gt;13824&lt;/Task&gt;&lt;Opcode&gt;0&lt;/Opcode&gt;&lt;Keywords&gt;0x8020000000000000&lt;/Keywords&gt;&lt;TimeCreated SystemTime='2020-06-11T22:05:03.9471189Z'/&gt;&lt;EventRecordID&gt;4837&lt;/EventRecordID&gt;&lt;Correlation ActivityID='{d0a5cb6e-403a-0001-29cc-a5d03a40d601}'/&gt;&lt;Execution ProcessID='740' ThreadID='8088'/&gt;&lt;Channel&gt;Security&lt;/Channel&gt;&lt;Computer&gt;DESKTOP-I1T2G01&lt;/Computer&gt;&lt;Security/&gt;&lt;/System&gt;&lt;EventData&gt;&lt;Data Name='TargetUserName'&gt;Lori&lt;/Data&gt;&lt;Data Name='TargetDomainName'&gt;DESKTOP-I1T2G01&lt;/Data&gt;&lt;Data Name='TargetSid'&gt;S-1-5-21-4235200151-4210980811-2443358387-1132&lt;/Data&gt;&lt;Data Name='SubjectUserSid'&gt;S-1-5-21-4235200151-4210980811-2443358387-1000&lt;/Data&gt;&lt;Data Name='SubjectUserName'&gt;adhd&lt;/Data&gt;&lt;Data Name='SubjectDomainName'&gt;DESKTOP-I1T2G01&lt;/Data&gt;&lt;Data Name='SubjectLogonId'&gt;0x1c5da&lt;/Data&gt;&lt;Data Name='PrivilegeList'&gt;-&lt;/Data&gt;&lt;Data Name='SamAccountName'&gt;Lori&lt;/Data&gt;&lt;Data Name='DisplayName'&gt;%%1793&lt;/Data&gt;&lt;Data Name='UserPrincipalName'&gt;-&lt;/Data&gt;&lt;Data Name='HomeDirectory'&gt;%%1793&lt;/Data&gt;&lt;Data Name='HomePath'&gt;%%1793&lt;/Data&gt;&lt;Data Name='ScriptPath'&gt;%%1793&lt;/Data&gt;&lt;Data Name='ProfilePath'&gt;%%1793&lt;/Data&gt;&lt;Data Name='UserWorkstations'&gt;%%1793&lt;/Data&gt;&lt;Data Name='PasswordLastSet'&gt;%%1794&lt;/Data&gt;&lt;Data Name='AccountExpires'&gt;%%1794&lt;/Data&gt;&lt;Data Name='PrimaryGroupId'&gt;513&lt;/Data&gt;&lt;Data Name='AllowedToDelegateTo'&gt;-&lt;/Data&gt;&lt;Data Name='OldUacValue'&gt;0x0&lt;/Data&gt;&lt;Data Name='NewUacValue'&gt;0x15&lt;/Data&gt;&lt;Data Name='UserAccountControl'&gt;
		%%2080
		%%2082
		%%2084&lt;/Data&gt;&lt;Data Name='UserParameters'&gt;%%1793&lt;/Data&gt;&lt;Data Name='SidHistory'&gt;-&lt;/Data&gt;&lt;Data Name='LogonHours'&gt;%%1797&lt;/Data&gt;&lt;/EventData&gt;&lt;/Event&gt;</raw>
            <TargetUserName>Lori</TargetUserName>
            <SubjectUserName>adhd</SubjectUserName>
        </detection>
        <detection type="Event">
            <id>4720</id>
            <recordid>4831</recordid>
            <time>2020-06-11 22:05:03.862304200Z</time>
            <channel>Security</channel>
            <raw>&lt;Event xmlns='http://schemas.microsoft.com/win/2004/08/events/event'&gt;&lt;System&gt;&lt;Provider Name='Microsoft-Windows-Security-Auditing' Guid='{54849625-5478-4994-a5ba-3e3b0328c30d}'/&gt;&lt;EventID&gt;4720&lt;/EventID&gt;&lt;Version&gt;0&lt;/Version&gt;&lt;Level&gt;0&lt;/Level&gt;&lt;Task&gt;13824&lt;/Task&gt;&lt;Opcode&gt;0&lt;/Opcode&gt;&lt;Keywords&gt;0x8020000000000000&lt;/Keywords&gt;&lt;TimeCreated SystemTime='2020-06-11T22:05:03.8623042Z'/&gt;&lt;EventRecordID&gt;4831&lt;/EventRecordID&gt;&lt;Correlation ActivityID='{d0a5cb6e-403a-0001-29cc-a5d03a40d601}'/&gt;&lt;Execution ProcessID='740' ThreadID='792'/&gt;&lt;Channel&gt;Security&lt;/Channel&gt;&lt;Computer&gt;DESKTOP-I1T2G01&lt;/Computer&gt;&lt;Security/&gt;&lt;/System&gt;&lt;EventData&gt;&lt;Data Name='TargetUserName'&gt;Andrew&lt;/Data&gt;&lt;Data Name='TargetDomainName'&gt;DESKTOP-I1T2G01&lt;/Data&gt;&lt;Data Name='TargetSid'&gt;S-1-5-21-4235200151-4210980811-2443358387-1131&lt;/Data&gt;&lt;Data Name='SubjectUserSid'&gt;S-1-5-21-4235200151-4210980811-2443358387-1000&lt;/Data&gt;&lt;Data Name='SubjectUserName'&gt;adhd&lt;/Data&gt;&lt;Data Name='SubjectDomainName'&gt;DESKTOP-I1T2G01&lt;/Data&gt;&lt;Data Name='SubjectLogonId'&gt;0x1c5da&lt;/Data&gt;&lt;Data Name='PrivilegeList'&gt;-&lt;/Data&gt;&lt;Data Name='SamAccountName'&gt;Andrew&lt;/Data&gt;&lt;Data Name='DisplayName'&gt;%%1793&lt;/Data&gt;&lt;Data Name='UserPrincipalName'&gt;-&lt;/Data&gt;&lt;Data Name='HomeDirectory'&gt;%%1793&lt;/Data&gt;&lt;Data Name='HomePath'&gt;%%1793&lt;/Data&gt;&lt;Data Name='ScriptPath'&gt;%%1793&lt;/Data&gt;&lt;Data Name='ProfilePath'&gt;%%1793&lt;/Data&gt;&lt;Data Name='UserWorkstations'&gt;%%1793&lt;/Data&gt;&lt;Data Name='PasswordLastSet'&gt;%%1794&lt;/Data&gt;&lt;Data Name='AccountExpires'&gt;%%1794&lt;/Data&gt;&lt;Data Name='PrimaryGroupId'&gt;513&lt;/Data&gt;&lt;Data Name='AllowedToDelegateTo'&gt;-&lt;/Data&gt;&lt;Data Name='OldUacValue'&gt;0x0&lt;/Data&gt;&lt;Data Name='NewUacValue'&gt;0x15&lt;/Data&gt;&lt;Data Name='UserAccountControl'&gt;
		%%2080
		%%2082
		%%2084&lt;/Data&gt;&lt;Data Name='UserParameters'&gt;%%1793&lt;/Data&gt;&lt;Data Name='SidHistory'&gt;-&lt;/Data&gt;&lt;Data Name='LogonHours'&gt;%%1797&lt;/Data&gt;&lt;/EventData&gt;&lt;/Event&gt;</raw>
            <TargetUserName>Andrew</TargetUserName>
            <SubjectUserName>adhd</SubjectUserName>
        </detection>
        <detection type="Event">
            <id>4720</id>
            <recordid>4825</recordid>
            <time>2020-06-11 22:05:03.772439300Z</time>
            <channel>Security</channel>
            <raw>&lt;Event xmlns='http://schemas.microsoft.com/win/2004/08/events/event'&gt;&lt;System&gt;&lt;Provider Name='Microsoft-Windows-Security-Auditing' Guid='{54849625-5478-4994-a5ba-3e3b0328c30d}'/&gt;&lt;EventID&gt;4720&lt;/EventID&gt;&lt;Version&gt;0&lt;/Version&gt;&lt;Level&gt;0&lt;/Level&gt;&lt;Task&gt;13824&lt;/Task&gt;&lt;Opcode&gt;0&lt;/Opcode&gt;&lt;Keywords&gt;0x8020000000000000&lt;/Keywords&gt;&lt;TimeCreated SystemTime='2020-06-11T22:05:03.7724393Z'/&gt;&lt;EventRecordID&gt;4825&lt;/EventRecordID&gt;&lt;Correlation ActivityID='{d0a5cb6e-403a-0001-29cc-a5d03a40d601}'/&gt;&lt;Execution ProcessID='740' ThreadID='788'/&gt;&lt;Channel&gt;Security&lt;/Channel&gt;&lt;Computer&gt;DESKTOP-I1T2G01&lt;/Computer&gt;&lt;Security/&gt;&lt;/System&gt;&lt;EventData&gt;&lt;Data Name='TargetUserName'&gt;Stephanie&lt;/Data&gt;&lt;Data Name='TargetDomainName'&gt;DESKTOP-I1T2G01&lt;/Data&gt;&lt;Data Name='TargetSid'&gt;S-1-5-21-4235200151-4210980811-2443358387-1130&lt;/Data&gt;&lt;Data Name='SubjectUserSid'&gt;S-1-5-21-4235200151-4210980811-2443358387-1000&lt;/Data&gt;&lt;Data Name='SubjectUserName'&gt;adhd&lt;/Data&gt;&lt;Data Name='SubjectDomainName'&gt;DESKTOP-I1T2G01&lt;/Data&gt;&lt;Data Name='SubjectLogonId'&gt;0x1c5da&lt;/Data&gt;&lt;Data Name='PrivilegeList'&gt;-&lt;/Data&gt;&lt;Data Name='SamAccountName'&gt;Stephanie&lt;/Data&gt;&lt;Data Name='DisplayName'&gt;%%1793&lt;/Data&gt;&lt;Data Name='UserPrincipalName'&gt;-&lt;/Data&gt;&lt;Data Name='HomeDirectory'&gt;%%1793&lt;/Data&gt;&lt;Data Name='HomePath'&gt;%%1793&lt;/Data&gt;&lt;Data Name='ScriptPath'&gt;%%1793&lt;/Data&gt;&lt;Data Name='ProfilePath'&gt;%%1793&lt;/Data&gt;&lt;Data Name='UserWorkstations'&gt;%%1793&lt;/Data&gt;&lt;Data Name='PasswordLastSet'&gt;%%1794&lt;/Data&gt;&lt;Data Name='AccountExpires'&gt;%%1794&lt;/Data&gt;&lt;Data Name='PrimaryGroupId'&gt;513&lt;/Data&gt;&lt;Data Name='AllowedToDelegateTo'&gt;-&lt;/Data&gt;&lt;Data Name='OldUacValue'&gt;0x0&lt;/Data&gt;&lt;Data Name='NewUacValue'&gt;0x15&lt;/Data&gt;&lt;Data Name='UserAccountControl'&gt;
		%%2080
		%%2082
		%%2084&lt;/Data&gt;&lt;Data Name='UserParameters'&gt;%%1793&lt;/Data&gt;&lt;Data Name='SidHistory'&gt;-&lt;/Data&gt;&lt;Data Name='LogonHours'&gt;%%1797&lt;/Data&gt;&lt;/EventData&gt;&lt;/Event&gt;