</raw>
            <TargetUserName>Ethan</TargetUserName>
            <SubjectUserName>adhd</SubjectUserName>
        </detection>
        <detection type="Event">
            <id>4720</id>
            <recordid>5161</recordid>
            <time>2020-06-11 22:05:08.928664500Z</time>
            <channel>Security</channel>
            <raw>&lt;Event xmlns='http://schemas.microsoft.com/win/2004/08/events/event'&gt;&lt;System&gt;&lt;Provider Name='Microsoft-Windows-Security-Auditing' Guid='{54849625-5478-4994-a5ba-3e3b0328c30d}'/&gt;&lt;EventID&gt;4720&lt;/EventID&gt;&lt;Version&gt;0&lt;/Version&gt;&lt;Level&gt;0&lt;/Level&gt;&lt;Task&gt;13824&lt;/Task&gt;&lt;Opcode&gt;0&lt;/Opcode&gt;&lt;Keywords&gt;0x8020000000000000&lt;/Keywords&gt;&lt;TimeCreated SystemTime='2020-06-11T22:05:08.9286645Z'/&gt;&lt;EventRecordID&gt;5161&lt;/EventRecordID&gt;&lt;Correlation ActivityID='{d0a5cb6e-403a-0001-29cc-a5d03a40d601}'/&gt;&lt;Execution ProcessID='740' ThreadID='792'/&gt;&lt;Channel&gt;Security&lt;/Channel&gt;&lt;Computer&gt;DESKTOP-I1T2G01&lt;/Computer&gt;&lt;Security/&gt;&lt;/System&gt;&lt;EventData&gt;&lt;Data Name='TargetUserName'&gt;Katherine&lt;/Data&gt;&lt;Data Name='TargetDomainName'&gt;DESKTOP-I1T2G01&lt;/Data&gt;&lt;Data Name='TargetSid'&gt;S-1-5-21-4235200151-4210980811-2443358387-1186&lt;/Data&gt;&lt;Data Name='SubjectUserSid'&gt;S-1-5-21-4235200151-4210980811-2443358387-1000&lt;/Data&gt;&lt;Data Name='SubjectUserName'&gt;adhd&lt;/Data&gt;&lt;Data Name='SubjectDomainName'&gt;DESKTOP-I1T2G01&lt;/Data&gt;&lt;Data Name='SubjectLogonId'&gt;0x1c5da&lt;/Data&gt;&lt;Data Name='PrivilegeList'&gt;-&lt;/Data&gt;&lt;Data Name='SamAccountName'&gt;Katherine&lt;/Data&gt;&lt;Data Name='DisplayName'&gt;%%1793&lt;/Data&gt;&lt;Data Name='UserPrincipalName'&gt;-&lt;/Data&gt;&lt;Data Name='HomeDirectory'&gt;%%1793&lt;/Data&gt;&lt;Data Name='HomePath'&gt;%%1793&lt;/Data&gt;&lt;Data Name='ScriptPath'&gt;%%1793&lt;/Data&gt;&lt;Data Name='ProfilePath'&gt;%%1793&lt;/Data&gt;&lt;Data Name='UserWorkstations'&gt;%%1793&lt;/Data&gt;&lt;Data Name='PasswordLastSet'&gt;%%1794&lt;/Data&gt;&lt;Data Name='AccountExpires'&gt;%%1794&lt;/Data&gt;&lt;Data Name='PrimaryGroupId'&gt;513&lt;/Data&gt;&lt;Data Name='AllowedToDelegateTo'&gt;-&lt;/Data&gt;&lt;Data Name='OldUacValue'&gt;0x0&lt;/Data&gt;&lt;Data Name='NewUacValue'&gt;0x15&lt;/Data&gt;&lt;Data Name='UserAccountControl'&gt;
		%%2080
		%%2082
		%%2084&lt;/Data&gt;&lt;Data Name='UserParameters'&gt;%%1793&lt;/Data&gt;&lt;Data Name='SidHistory'&gt;-&lt;/Data&gt;&lt;Data Name='LogonHours'&gt;%%1797&lt;/Data&gt;&lt;/EventData&gt;&lt;/Event&gt;</raw>
            <TargetUserName>Katherine</TargetUserName>
            <SubjectUserName>adhd</SubjectUserName>
        </detection>
        <detection type="Event">
            <id>4720</id>
            <recordid>5155</recordid>
            <time>2020-06-11 22:05:08.848213800Z</time>
            <channel>Security</channel>
            <raw>&lt;Event xmlns='http://schemas.microsoft.com/win/2004/08/events/event'&gt;&lt;System&gt;&lt;Provider Name='Microsoft-Windows-Security-Auditing' Guid='{54849625-5478-4994-a5ba-3e3b0328c30d}'/&gt;&lt;EventID&gt;4720&lt;/EventID&gt;&lt;Version&gt;0&lt;/Version&gt;&lt;Level&gt;0&lt;/Level&gt;&lt;Task&gt;13824&lt;/Task&gt;&lt;Opcode&gt;0&lt;/Opcode&gt;&lt;Keywords&gt;0x8020000000000000&lt;/Keywords&gt;&lt;TimeCreated SystemTime='2020-06-11T22:05:08.8482138Z'/&gt;&lt;EventRecordID&gt;5155&lt;/EventRecordID&gt;&lt;Correlation ActivityID='{d0a5cb6e-403a-0001-29cc-a5d03a40d601}'/&gt;&lt;Execution ProcessID='740' ThreadID='8088'/&gt;&lt;Channel&gt;Security&lt;/Channel&gt;&lt;Computer&gt;DESKTOP-I1T2G01&lt;/Computer&gt;&lt;Security/&gt;&lt;/System&gt;&lt;EventData&gt;&lt;Data Name='TargetUserName'&gt;Catherine&lt;/Data&gt;&lt;Data Name='TargetDomainName'&gt;DESKTOP-I1T2G01&lt;/Data&gt;&lt;Data Name='TargetSid'&gt;S-1-5-21-4235200151-4210980811-2443358387-1185&lt;/Data&gt;&lt;Data Name='SubjectUserSid'&gt;S-1-5-21-4235200151-4210980811-2443358387-1000&lt;/Data&gt;&lt;Data Name='SubjectUserName'&gt;adhd&lt;/Data&gt;&lt;Data Name='SubjectDomainName'&gt;DESKTOP-I1T2G01&lt;/Data&gt;&lt;Data Name='SubjectLogonId'&gt;0x1c5da&lt;/Data&gt;&lt;Data Name='PrivilegeList'&gt;-&lt;/Data&gt;&lt;Data Name='SamAccountName'&gt;Catherine&lt;/Data&gt;&lt;Data Name='DisplayName'&gt;%%1793&lt;/Data&gt;&lt;Data Name='UserPrincipalName'&gt;-&lt;/Data&gt;&lt;Data Name='HomeDirectory'&gt;%%1793&lt;/Data&gt;&lt;Data Name='HomePath'&gt;%%1793&lt;/Data&gt;&lt;Data Name='ScriptPath'&gt;%%1793&lt;/Data&gt;&lt;Data Name='ProfilePath'&gt;%%1793&lt;/Data&gt;&lt;Data Name='UserWorkstations'&gt;%%1793&lt;/Data&gt;&lt;Data Name='PasswordLastSet'&gt;%%1794&lt;/Data&gt;&lt;Data Name='AccountExpires'&gt;%%1794&lt;/Data&gt;&lt;Data Name='PrimaryGroupId'&gt;513&lt;/Data&gt;&lt;Data Name='AllowedToDelegateTo'&gt;-&lt;/Data&gt;&lt;Data Name='OldUacValue'&gt;0x0&lt;/Data&gt;&lt;Data Name='NewUacValue'&gt;0x15&lt;/Data&gt;&lt;Data Name='UserAccountControl'&gt;
		%%2080
		%%2082
		%%2084&lt;/Data&gt;&lt;Data Name='UserParameters'&gt;%%1793&lt;/Data&gt;&lt;Data Name='SidHistory'&gt;-&lt;/Data&gt;&lt;Data Name='LogonHours'&gt;%%1797&lt;/Data&gt;&lt;/EventData&gt;&lt;/Event&gt;</raw>
            <TargetUserName>Catherine</TargetUserName>
            <SubjectUserName>adhd</SubjectUserName>
        </detection>
        <detection type="Event">
            <id>4720</id>
            <recordid>5149</recordid>
            <time>2020-06-11 22:05:08.763714900Z</time>
            <channel>Security</channel>
            <raw>&lt;Event xmlns='http://schemas.microsoft.com/win/2004/08/events/event'&gt;&lt;System&gt;&lt;Provider Name='Microsoft-Windows-Security-Auditing' Guid='{54849625-5478-4994-a5ba-3e3b0328c30d}'/&gt;&lt;EventID&gt;4720&lt;/EventID&gt;&lt;Version&gt;0&lt;/Version&gt;&lt;Level&gt;0&lt;/Level&gt;&lt;Task&gt;13824&lt;/Task&gt;&lt;Opcode&gt;0&lt;/Opcode&gt;&lt;Keywords&gt;0x8020000000000000&lt;/Keywords&gt;&lt;TimeCreated SystemTime='2020-06-11T22:05:08.7637149Z'/&gt;&lt;EventRecordID&gt;5149&lt;/EventRecordID&gt;&lt;Correlation ActivityID='{d0a5cb6e-403a-0001-29cc-a5d03a40d601}'/&gt;&lt;Execution ProcessID='740' ThreadID='792'/&gt;&lt;Channel&gt;Security&lt;/Channel&gt;&lt;Computer&gt;DESKTOP-I1T2G01&lt;/Computer&gt;&lt;Security/&gt;&lt;/System&gt;&lt;EventData&gt;&lt;Data Name='TargetUserName'&gt;Mary&lt;/Data&gt;&lt;Data Name='TargetDomainName'&gt;DESKTOP-I1T2G01&lt;/Data&gt;&lt;Data Name='TargetSid'&gt;S-1-5-21-4235200151-4210980811-2443358387-1184&lt;/Data&gt;&lt;Data Name='SubjectUserSid'&gt;S-1-5-21-4235200151-4210980811-2443358387-1000&lt;/Data&gt;&lt;Data Name='SubjectUserName'&gt;adhd&lt;/Data&gt;&lt;Data Name='SubjectDomainName'&gt;DESKTOP-I1T2G01&lt;/Data&gt;&lt;Data Name='SubjectLogonId'&gt;0x1c5da&lt;/Data&gt;&lt;Data Name='PrivilegeList'&gt;-&lt;/Data&gt;&lt;Data Name='SamAccountName'&gt;Mary&lt;/Data&gt;&lt;Data Name='DisplayName'&gt;%%1793&lt;/Data&gt;&lt;Data Name='UserPrincipalName'&gt;-&lt;/Data&gt;&lt;Data Name='HomeDirectory'&gt;%%1793&lt;/Data&gt;&lt;Data Name='HomePath'&gt;%%1793&lt;/Data&gt;&lt;Data Name='ScriptPath'&gt;%%1793&lt;/Data&gt;&lt;Data Name='ProfilePath'&gt;%%1793&lt;/Data&gt;&lt;Data Name='UserWorkstations'&gt;%%1793&lt;/Data&gt;&lt;Data Name='PasswordLastSet'&gt;%%1794&lt;/Data&gt;&lt;Data Name='AccountExpires'&gt;%%1794&lt;/Data&gt;&lt;Data Name='PrimaryGroupId'&gt;513&lt;/Data&gt;&lt;Data Name='AllowedToDelegateTo'&gt;-&lt;/Data&gt;&lt;Data Name='OldUacValue'&gt;0x0&lt;/Data&gt;&lt;Data Name='NewUacValue'&gt;0x15&lt;/Data&gt;&lt;Data Name='UserAccountControl'&gt;
		%%2080
		%%2082
		%%2084&lt;/Data&gt;&lt;Data Name='UserParameters'&gt;%%1793&lt;/Data&gt;&lt;Data Name='SidHistory'&gt;-&lt;/Data&gt;&lt;Data Name='LogonHours'&gt;%%1797&lt;/Data&gt;&lt;/EventData&gt;&lt;/Event&gt;</raw>
            <TargetUserName>Mary</TargetUserName>
            <SubjectUserName>adhd</SubjectUserName>
        </detection>
        <detection type="Event">
            <id>4720</id>
            <recordid>5143</recordid>
            <time>2020-06-11 22:05:08.689473900Z</time>
            <channel>Security</channel>
            <raw>&lt;Event xmlns='http://schemas.microsoft.com/win/2004/08/events/event'&gt;&lt;System&gt;&lt;Provider Name='Microsoft-Windows-Security-Auditing' Guid='{54849625-5478-4994-a5ba-3e3b0328c30d}'/&gt;&lt;EventID&gt;4720&lt;/EventID&gt;&lt;Version&gt;0&lt;/Version&gt;&lt;Level&gt;0&lt;/Level&gt;&lt;Task&gt;13824&lt;/Task&gt;&lt;Opcode&gt;0&lt;/Opcode&gt;&lt;Keywords&gt;0x8020000000000000&lt;/Keywords&gt;&lt;TimeCreated SystemTime='2020-06-11T22:05:08.6894739Z'/&gt;&lt;EventRecordID&gt;5143&lt;/EventRecordID&gt;&lt;Correlation ActivityID='{d0a5cb6e-403a-0001-29cc-a5d03a40d601}'/&gt;&lt;Execution ProcessID='740' ThreadID='8088'/&gt;&lt;Channel&gt;Security&lt;/Channel&gt;&lt;Computer&gt;DESKTOP-I1T2G01&lt;/Computer&gt;&lt;Security/&gt;&lt;/System&gt;&lt;EventData&gt;&lt;Data Name='TargetUserName'&gt;Martha&lt;/Data&gt;&lt;Data Name='TargetDomainName'&gt;DESKTOP-I1T2G01&lt;/Data&gt;&lt;Data Name='TargetSid'&gt;S-1-5-21-4235200151-4210980811-2443358387-1183&lt;/Data&gt;&lt;Data Name='SubjectUserSid'&gt;S-1-5-21-4235200151-4210980811-2443358387-1000&lt;/Data&gt;&lt;Data Name='SubjectUserName'&gt;adhd&lt;/Data&gt;&lt;Data Name='SubjectDomainName'&gt;DESKTOP-I1T2G01&lt;/Data&gt;&lt;Data Name='SubjectLogonId'&gt;0x1c5da&lt;/Data&gt;&lt;Data Name='PrivilegeList'&gt;-&lt;/Data&gt;&lt;Data Name='SamAccountName'&gt;Martha&lt;/Data&gt;&lt;Data Name='DisplayName'&gt;%%1793&lt;/Data&gt;&lt;Data Name='UserPrincipalName'&gt;-&lt;/Data&gt;&lt;Data Name='HomeDirectory'&gt;%%1793&lt;/Data&gt;&lt;Data Name='HomePath'&gt;%%1793&lt;/Data&gt;&lt;Data Name='ScriptPath'&gt;%%1793&lt;/Data&gt;&lt;Data Name='ProfilePath'&gt;%%1793&lt;/Data&gt;&lt;Data Name='UserWorkstations'&gt;%%1793&lt;/Data&gt;&lt;Data Name='PasswordLastSet'&gt;%%1794&lt;/Data&gt;&lt;Data Name='AccountExpires'&gt;%%1794&lt;/Data&gt;&lt;Data Name='PrimaryGroupId'&gt;513&lt;/Data&gt;&lt;Data Name='AllowedToDelegateTo'&gt;-&lt;/Data&gt;&lt;Data Name='OldUacValue'&gt;0x0&lt;/Data&gt;&lt;Data Name='NewUacValue'&gt;0x15&lt;/Data&gt;&lt;Data Name='UserAccountControl'&gt;
		%%2080
		%%2082
		%%2084&lt;/Data&gt;&lt;Data Name='UserParameters'&gt;%%1793&lt;/Data&gt;&lt;Data Name='SidHistory'&gt;-&lt;/Data&gt;&lt;Data Name='LogonHours'&gt;%%1797&lt;/Data&gt;&lt;/EventData&gt;&lt;/Event&gt;</raw>
            <TargetUserName>Martha</TargetUserName>
            <SubjectUserName>adhd</SubjectUserName>
        </detection>
        <detection type="Event">
            <id>4720</id>
            <recordid>5137</recordid>
            <time>2020-06-11 22:05:08.604417600Z</time>
            <channel>Security</channel>
            <raw>&lt;Event xmlns='http://schemas.microsoft.com/win/2004/08/events/event'&gt;&lt;System&gt;&lt;Provider Name='Microsoft-Windows-Security-Auditing' Guid='{54849625-5478-4994-a5ba-3e3b0328c30d}'/&gt;&lt;EventID&gt;4720&lt;/EventID&gt;&lt;Version&gt;0&lt;/Version&gt;&lt;Level&gt;0&lt;/Level&gt;&lt;Task&gt;13824&lt;/Task&gt;&lt;Opcode&gt;0&lt;/Opcode&gt;&lt;Keywords&gt;0x8020000000000000&lt;/Keywords&gt;&lt;TimeCreated SystemTime='2020-06-11T22:05:08.6044176Z'/&gt;&lt;EventRecordID&gt;5137&lt;/EventRecordID&gt;&lt;Correlation ActivityID='{d0a5cb6e-403a-0001-29cc-a5d03a40d601}'/&gt;&lt;Execution ProcessID='740' ThreadID='8088'/&gt;&lt;Channel&gt;Security&lt;/Channel&gt;&lt;Computer&gt;DESKTOP-I1T2G01&lt;/Computer&gt;&lt;Security/&gt;&lt;/System&gt;&lt;EventData&gt;&lt;Data Name='TargetUserName'&gt;Betty&lt;/Data&gt;&lt;Data Name='TargetDomainName'&gt;DESKTOP-I1T2G01&lt;/Data&gt;&lt;Data Name='TargetSid'&gt;S-1-5-21-4235200151-4210980811-2443358387-1182&lt;/Data&gt;&lt;Data Name='SubjectUserSid'&gt;S-1-5-21-4235200151-4210980811-2443358387-1000&lt;/Data&gt;&lt;Data Name='SubjectUserName'&gt;adhd&lt;/Data&gt;&lt;Data Name='SubjectDomainName'&gt;DESKTOP-I1T2G01&lt;/Data&gt;&lt;Data Name='SubjectLogonId'&gt;0x1c5da&lt;/Data&gt;&lt;Data Name='PrivilegeList'&gt;-&lt;/Data&gt;&lt;Data Name='SamAccountName'&gt;Betty&lt;/Data&gt;&lt;Data Name='DisplayName'&gt;%%1793&lt;/Data&gt;&lt;Data Name='UserPrincipalName'&gt;-&lt;/Data&gt;&lt;Data Name='HomeDirectory'&gt;%%1793&lt;/Data&gt;&lt;Data Name='HomePath'&gt;%%1793&lt;/Data&gt;&lt;Data Name='ScriptPath'&gt;%%1793&lt;/Data&gt;&lt;Data Name='ProfilePath'&gt;%%1793&lt;/Data&gt;&lt;Data Name='UserWorkstations'&gt;%%1793&lt;/Data&gt;&lt;Data Name='PasswordLastSet'&gt;%%1794&lt;/Data&gt;&lt;Data Name='AccountExpires'&gt;%%1794&lt;/Data&gt;&lt;Data Name='PrimaryGroupId'&gt;513&lt;/Data&gt;&lt;Data Name='AllowedToDelegateTo'&gt;-&lt;/Data&gt;&lt;Data Name='OldUacValue'&gt;0x0&lt;/Data&gt;&lt;Data Name='NewUacValue'&gt;0x15&lt;/Data&gt;&lt;Data Name='UserAccountControl'&gt;
		%%2080
		%%2082
		%%2084&lt;/Data&gt;&lt;Data Name='UserParameters'&gt;%%1793&lt;/Data&gt;&lt;Data Name='SidHistory'&gt;-&lt;/Data&gt;&lt;Data Name='LogonHours'&gt;%%1797&lt;/Data&gt;&lt;/EventData&gt;&lt;/Event&gt;</raw>
            <TargetUserName>Betty</TargetUserName>
            <SubjectUserName>adhd</SubjectUserName>
        </detection>
        <detection type="Event">
            <id>4720</id>
            <recordid>5131</recordid>
            <time>2020-06-11 22:05:08.512463900Z</time>
            <channel>Security</channel>
            <raw>&lt;Event xmlns='http://schemas.microsoft.com/win/2004/08/events/event'&gt;&lt;System&gt;&lt;Provider Name='Microsoft-Windows-Security-Auditing' Guid='{54849625-5478-4994-a5ba-3e3b0328c30d}'/&gt;&lt;EventID&gt;4720&lt;/EventID&gt;&lt;Version&gt;0&lt;/Version&gt;&lt;Level&gt;0&lt;/Level&gt;&lt;Task&gt;13824&lt;/Task&gt;&lt;Opcode&gt;0&lt;/Opcode&gt;&lt;Keywords&gt;0x8020000000000000&lt;/Keywords&gt;&lt;TimeCreated SystemTime='2020-06-11T22:05:08.5124639Z'/&gt;&lt;EventRecordID&gt;5131&lt;/EventRecordID&gt;&lt;Correlation ActivityID='{d0a5cb6e-403a-0001-29cc-a5d03a40d601}'/&gt;&lt;Execution ProcessID='740' ThreadID='792'/&gt;&lt;Channel&gt;Security&lt;/Channel&gt;&lt;Computer&gt;DESKTOP-I1T2G01&lt;/Computer&gt;&lt;Security/&gt;&lt;/System&gt;&lt;EventData&gt;&lt;Data Name='TargetUserName'&gt;Shirley&lt;/Data&gt;&lt;Data Name='TargetDomainName'&gt;DESKTOP-I1T2G01&lt;/Data&gt;&lt;Data Name='TargetSid'&gt;S-1-5-21-4235200151-4210980811-2443358387-1181&lt;/Data&gt;&lt;Data Name='SubjectUserSid'&gt;S-1-5-21-4235200151-4210980811-2443358387-1000&lt;/Data&gt;&lt;Data Name='SubjectUserName'&gt;adhd&lt;/Data&gt;&lt;Data Name='SubjectDomainName'&gt;DESKTOP-I1T2G01&lt;/Data&gt;&lt;Data Name='SubjectLogonId'&gt;0x1c5da&lt;/Data&gt;&lt;Data Name='PrivilegeList'&gt;-&lt;/Data&gt;&lt;Data Name='SamAccountName'&gt;Shirley&lt;/Data&gt;&lt;Data Name='DisplayName'&gt;%%1793&lt;/Data&gt;&lt;Data Name='UserPrincipalName'&gt;-&lt;/Data&gt;&lt;Data Name='HomeDirectory'&gt;%%1793&lt;/Data&gt;&lt;Data Name='HomePath'&gt;%%1793&lt;/Data&gt;&lt;Data Name='ScriptPath'&gt;%%1793&lt;/Data&gt;&lt;Data Name='ProfilePath'&gt;%%1793&lt;/Data&gt;&lt;Data Name='UserWorkstations'&gt;%%1793&lt;/Data&gt;&lt;Data Name='PasswordLastSet'&gt;%%1794&lt;/Data&gt;&lt;Data Name='AccountExpires'&gt;%%1794&lt;/Data&gt;&lt;Data Name='PrimaryGroupId'&gt;513&lt;/Data&gt;&lt;Data Name='AllowedToDelegateTo'&gt;-&lt;/Data&gt;&lt;Data Name='OldUacValue'&gt;0x0&lt;/Data&gt;&lt;Data Name='NewUacValue'&gt;0x15&lt;/Data&gt;&lt;Data Name='UserAccountControl'&gt;
		%%2080
		%%2082
		%%2084&lt;/Data&gt;&lt;Data Name='UserParameters'&gt;%%1793&lt;/Data&gt;&lt;Data Name='SidHistory'&gt;-&lt;/Data&gt;&lt;Data Name='LogonHours'&gt;%%1797&lt;/Data&gt;&lt;/EventData&gt;&lt;/Event&gt;</raw>
            <TargetUserName>Shirley</TargetUserName>
            <SubjectUserName>adhd</SubjectUserName>
        </detection>
        <detection type="Event">
            <id>4720</id>
            <recordid>5125</recordid>
            <time>2020-06-11 22:05:08.423919600Z</time>
            <channel>Security</channel>
            <raw>&lt;Event xmlns='http://schemas.microsoft.com/win/2004/08/events/event'&gt;&lt;System&gt;&lt;Provider Name='Microsoft-Windows-Security-Auditing' Guid='{54849625-5478-4994-a5ba-3e3b0328c30d}'/&gt;&lt;EventID&gt;4720&lt;/EventID&gt;&lt;Version&gt;0&lt;/Version&gt;&lt;Level&gt;0&lt;/Level&gt;&lt;Task&gt;13824&lt;/Task&gt;&lt;Opcode&gt;0&lt;/Opcode&gt;&lt;Keywords&gt;0x8020000000000000&lt;/Keywords&gt;&lt;TimeCreated SystemTime='2020-06-11T22:05:08.4239196Z'/&gt;&lt;EventRecordID&gt;5125&lt;/EventRecordID&gt;&lt;Correlation ActivityID='{d0a5cb6e-403a-0001-29cc-a5d03a40d601}'/&gt;&lt;Execution ProcessID='740' ThreadID='788'/&gt;&lt;Channel&gt;Security&lt;/Channel&gt;&lt;Computer&gt;DESKTOP-I1T2G01&lt;/Computer&gt;&lt;Security/&gt;&lt;/System&gt;&lt;EventData&gt;&lt;Data Name='TargetUserName'&gt;Joyce&lt;/Data&gt;&lt;Data Name='TargetDomainName'&gt;DESKTOP-I1T2G01&lt;/Data&gt;&lt;Data Name='TargetSid'&gt;S-1-5-21-4235200151-4210980811-2443358387-1180&lt;/Data&gt;&lt;Data Name='SubjectUserSid'&gt;S-1-5-21-4235200151-4210980811-2443358387-1000&lt;/Data&gt;&lt;Data Name='SubjectUserName'&gt;adhd&lt;/Data&gt;&lt;Data Name='SubjectDomainName'&gt;DESKTOP-I1T2G01&lt;/Data&gt;&lt;Data Name='SubjectLogonId'&gt;0x1c5da&lt;/Data&gt;&lt;Data Name='PrivilegeList'&gt;-&lt;/Data&gt;&lt;Data Name='SamAccountName'&gt;Joyce&lt;/Data&gt;&lt;Data Name='DisplayName'&gt;%%1793&lt;/Data&gt;&lt;Data Name='UserPrincipalName'&gt;-&lt;/Data&gt;&lt;Data Name='HomeDirectory'&gt;%%1793&lt;/Data&gt;&lt;Data Name='HomePath'&gt;%%1793&lt;/Data&gt;&lt;Data Name='ScriptPath'&gt;%%1793&lt;/Data&gt;&lt;Data Name='ProfilePath'&gt;%%1793&lt;/Data&gt;&lt;Data Name='UserWorkstations'&gt;%%1793&lt;/Data&gt;&lt;Data Name='PasswordLastSet'&gt;%%1794&lt;/Data&gt;&lt;Data Name='AccountExpires'&gt;%%1794&lt;/Data&gt;&lt;Data Name='PrimaryGroupId'&gt;513&lt;/Data&gt;&lt;Data Name='AllowedToDelegateTo'&gt;-&lt;/Data&gt;&lt;Data Name='OldUacValue'&gt;0x0&lt;/Data&gt;&lt;Data Name='NewUacValue'&gt;0x15&lt;/Data&gt;&lt;Data Name='UserAccountControl'&gt;
		%%2080
		%%2082
		%%2084&lt;/Data&gt;&lt;Data Name='UserParameters'&gt;%%1793&lt;/Data&gt;&lt;Data Name='SidHistory'&gt;-&lt;/Data&gt;&lt;Data Name='LogonHours'&gt;%%1797&lt;/Data&gt;&lt;/EventData&gt;&lt;/Event&gt;</raw>
            <TargetUserName>Joyce</TargetUserName>
            <SubjectUserName>adhd</SubjectUserName>
        </detection>
        <detection type="Event">
            <id>4720</id>
            <recordid>5119</recordid>
            <time>2020-06-11 22:05:08.331315700Z</time>
            <channel>Security</channel>
            <raw>&lt;Event xmlns='http://schemas.microsoft.com/win/2004/08/events/event'&gt;&lt;System&gt;&lt;Provider Name='Microsoft-Windows-Security-Auditing' Guid='{54849625-5478-4994-a5ba-3e3b0328c30d}'/&gt;&lt;EventID&gt;4720&lt;/EventID&gt;&lt;Version&gt;0&lt;/Version&gt;&lt;Level&gt;0&lt;/Level&gt;&lt;Task&gt;13824&lt;/Task&gt;&lt;Opcode&gt;0&lt;/Opcode&gt;&lt;Keywords&gt;0x8020000000000000&lt;/Keywords&gt;&lt;TimeCreated SystemTime='2020-06-11T22:05:08.3313157Z'/&gt;&lt;EventRecordID&gt;5119&lt;/EventRecordID&gt;&lt;Correlation ActivityID='{d0a5cb6e-403a-0001-29cc-a5d03a40d601}'/&gt;&lt;Execution ProcessID='740' ThreadID='788'/&gt;&lt;Channel&gt;Security&lt;/Channel&gt;&lt;Computer&gt;DESKTOP-I1T2G01&lt;/Computer&gt;&lt;Security/&gt;&lt;/System&gt;&lt;EventData&gt;&lt;Data Name='TargetUserName'&gt;Jerry&lt;/Data&gt;&lt;Data Name='TargetDomainName'&gt;DESKTOP-I1T2G01&lt;/Data&gt;&lt;Data Name='TargetSid'&gt;S-1-5-21-4235200151-4210980811-2443358387-1179&lt;/Data&gt;&lt;Data Name='SubjectUserSid'&gt;S-1-5-21-4235200151-4210980811-2443358387-1000&lt;/Data&gt;&lt;Data Name='SubjectUserName'&gt;adhd&lt;/Data&gt;&lt;Data Name='SubjectDomainName'&gt;DESKTOP-I1T2G01&lt;/Data&gt;&lt;Data Name='SubjectLogonId'&gt;0x1c5da&lt;/Data&gt;&lt;Data Name='PrivilegeList'&gt;-&lt;/Data&gt;&lt;Data Name='SamAccountName'&gt;Jerry&lt;/Data&gt;&lt;Data Name='DisplayName'&gt;%%1793&lt;/Data&gt;&lt;Data Name='UserPrincipalName'&gt;-&lt;/Data&gt;&lt;Data Name='HomeDirectory'&gt;%%1793&lt;/Data&gt;&lt;Data Name='HomePath'&gt;%%1793&lt;/Data&gt;&lt;Data Name='ScriptPath'&gt;%%1793&lt;/Data&gt;&lt;Data Name='ProfilePath'&gt;%%1793&lt;/Data&gt;&lt;Data Name='UserWorkstations'&gt;%%1793&lt;/Data&gt;&lt;Data Name='PasswordLastSet'&gt;%%1794&lt;/Data&gt;&lt;Data Name='AccountExpires'&gt;%%1794&lt;/Data&gt;&lt;Data Name='PrimaryGroupId'&gt;513&lt;/Data&gt;&lt;Data Name='AllowedToDelegateTo'&gt;-&lt;/Data&gt;&lt;Data Name='OldUacValue'&gt;0x0&lt;/Data&gt;&lt;Data Name='NewUacValue'&gt;0x15&lt;/Data&gt;&lt;Data Name='UserAccountControl'&gt;
		%%2080
		%%2082
		%%2084&lt;/Data&gt;&lt;Data Name='UserParameters'&gt;%%1793&lt;/Data&gt;&lt;Data Name='SidHistory'&gt;-&lt;/Data&gt;&lt;Data Name='LogonHours'&gt;%%1797&lt;/Data&gt;&lt;/EventData&gt;&lt;/Event&gt;</raw>
            <TargetUserName>Jerry</TargetUserName>
            <SubjectUserName>adhd</SubjectUserName>
        </detection>
        <detection type="Event">
            <id>4720</id>
            <recordid>5113</recordid>
            <time>2020-06-11 22:05:08.242848800Z</time>
            <channel>Security</channel>
            <raw>&lt;Event xmlns='http://schemas.microsoft.com/win/2004/08/events/event'&gt;&lt;System&gt;&lt;Provider Name='Microsoft-Windows-Security-Auditing' Guid='{54849625-5478-4994-a5ba-3e3b0328c30d}'/&gt;&lt;EventID&gt;4720&lt;/EventID&gt;&lt;Version&gt;0&lt;/Version&gt;&lt;Level&gt;0&lt;/Level&gt;&lt;Task&gt;13824&lt;/Task&gt;&lt;Opcode&gt;0&lt;/Opcode&gt;&lt;Keywords&gt;0x8020000000000000&lt;/Keywords&gt;&lt;TimeCreated SystemTime='2020-06-11T22:05:08.2428488Z'/&gt;&lt;EventRecordID&gt;5113&lt;/EventRecordID&gt;&lt;Correlation ActivityID='{d0a5cb6e-403a-0001-29cc-a5d03a40d601}'/&gt;&lt;Execution ProcessID='740' ThreadID='788'/&gt;&lt;Channel&gt;Security&lt;/Channel&gt;&lt;Computer&gt;DESKTOP-I1T2G01&lt;/Computer&gt;&lt;Security/&gt;&lt;/System&gt;&lt;EventData&gt;&lt;Data Name='TargetUserName'&gt;Dennis&lt;/Data&gt;&lt;Data Name='TargetDomainName'&gt;DESKTOP-I1T2G01&lt;/Data&gt;&lt;Data Name='TargetSid'&gt;S-1-5-21-4235200151-4210980811-2443358387-1178&lt;/Data&gt;&lt;Data Name='SubjectUserSid'&gt;S-1-5-21-4235200151-4210980811-2443358387-1000&lt;/Data&gt;&lt;Data Name='SubjectUserName'&gt;adhd&lt;/Data&gt;&lt;Data Name='SubjectDomainName'&gt;DESKTOP-I1T2G01&lt;/Data&gt;&lt;Data Name='SubjectLogonId'&gt;0x1c5da&lt;/Data&gt;&lt;Data Name='PrivilegeList'&gt;-&lt;/Data&gt;&lt;Data Name='SamAccountName'&gt;Dennis&lt;/Data&gt;&lt;Data Name='DisplayName'&gt;%%1793&lt;/Data&gt;&lt;Data Name='UserPrincipalName'&gt;-&lt;/Data&gt;&lt;Data Name='HomeDirectory'&gt;%%1793&lt;/Data&gt;&lt;Data Name='HomePath'&gt;%%1793&lt;/Data&gt;&lt;Data Name='ScriptPath'&gt;%%1793&lt;/Data&gt;&lt;Data Name='ProfilePath'&gt;%%1793&lt;/Data&gt;&lt;Data Name='UserWorkstations'&gt;%%1793&lt;/Data&gt;&lt;Data Name='PasswordLastSet'&gt;%%1794&lt;/Data&gt;&lt;Data Name='AccountExpires'&gt;%%1794&lt;/Data&gt;&lt;Data Name='PrimaryGroupId'&gt;513&lt;/Data&gt;&lt;Data Name='AllowedToDelegateTo'&gt;-&lt;/Data&gt;&lt;Data Name='OldUacValue'&gt;0x0&lt;/Data&gt;&lt;Data Name='NewUacValue'&gt;0x15&lt;/Data&gt;&lt;Data Name='UserAccountControl'&gt;
		%%2080
		%%2082
		%%2084&lt;/Data&gt;&lt;Data Name='UserParameters'&gt;%%1793&lt;/Data&gt;&lt;Data Name='SidHistory'&gt;-&lt;/Data&gt;&lt;Data Name='LogonHours'&gt;%%1797&lt;/Data&gt;&lt;/EventData&gt;&lt;/Event&gt;</raw>
            <TargetUserName>Dennis</TargetUserName>
            <SubjectUserName>adhd</SubjectUserName>
        </detection>
        <detection type="Event">
            <id>4720</id>
            <recordid>5107</recordid>
            <time>2020-06-11 22:05:08.126596200Z</time>
            <channel>Security</channel>
            <raw>&lt;Event xmlns='http://schemas.microsoft.com/win/2004/08/events/event'&gt;&lt;System&gt;&lt;Provider Name='Microsoft-Windows-Security-Auditing' Guid='{54849625-5478-4994-a5ba-3e3b0328c30d}'/&gt;&lt;EventID&gt;4720&lt;/EventID&gt;&lt;Version&gt;0&lt;/Version&gt;&lt;Level&gt;0&lt;/Level&gt;&lt;Task&gt;13824&lt;/Task&gt;&lt;Opcode&gt;0&lt;/Opcode&gt;&lt;Keywords&gt;0x8020000000000000&lt;/Keywords&gt;&lt;TimeCreated SystemTime='2020-06-11T22:05:08.1265962Z'/&gt;&lt;EventRecordID&gt;5107&lt;/EventRecordID&gt;&lt;Correlation ActivityID='{d0a5cb6e-403a-0001-29cc-a5d03a40d601}'/&gt;&lt;Execution ProcessID='740' ThreadID='8088'/&gt;&lt;Channel&gt;Security&lt;/Channel&gt;&lt;Computer&gt;DESKTOP-I1T2G01&lt;/Computer&gt;&lt;Security/&gt;&lt;/System&gt;&lt;EventData&gt;&lt;Data Name='TargetUserName'&gt;Jack&lt;/Data&gt;&lt;Data Name='TargetDomainName'&gt;DESKTOP-I1T2G01&lt;/Data&gt;&lt;Data Name='TargetSid'&gt;S-1-5-21-4235200151-4210980811-2443358387-1177&lt;/Data&gt;&lt;Data Name='SubjectUserSid'&gt;S-1-5-21-4235200151-4210980811-2443358387-1000&lt;/Data&gt;&lt;Data Name='SubjectUserName'&gt;adhd&lt;/Data&gt;&lt;Data Name='SubjectDomainName'&gt;DESKTOP-I1T2G01&lt;/Data&gt;&lt;Data Name='SubjectLogonId'&gt;0x1c5da&lt;/Data&gt;&lt;Data Name='PrivilegeList'&gt;-&lt;/Data&gt;&lt;Data Name='SamAccountName'&gt;Jack&lt;/Data&gt;&lt;Data Name='DisplayName'&gt;%%1793&lt;/Data&gt;&lt;Data Name='UserPrincipalName'&gt;-&lt;/Data&gt;&lt;Data Name='HomeDirectory'&gt;%%1793&lt;/Data&gt;&lt;Data Name='HomePath'&gt;%%1793&lt;/Data&gt;&lt;Data Name='ScriptPath'&gt;%%1793&lt;/Data&gt;&lt;Data Name='ProfilePath'&gt;%%1793&lt;/Data&gt;&lt;Data Name='UserWorkstations'&gt;%%1793&lt;/Data&gt;&lt;Data Name='PasswordLastSet'&gt;%%1794&lt;/Data&gt;&lt;Data Name='AccountExpires'&gt;%%1794&lt;/Data&gt;&lt;Data Name='PrimaryGroupId'&gt;513&lt;/Data&gt;&lt;Data Name='AllowedToDelegateTo'&gt;-&lt;/Data&gt;&lt;Data Name='OldUacValue'&gt;0x0&lt;/Data&gt;&lt;Data Name='NewUacValue'&gt;0x15&lt;/Data&gt;&lt;Data Name='UserAccountControl'&gt;
		%%2080
		%%2082
		%%2084&lt;/Data&gt;&lt;Data Name='UserParameters'&gt;%%1793&lt;/Data&gt;&lt;Data Name='SidHistory'&gt;-&lt;/Data&gt;&lt;Data Name='LogonHours'&gt;%%1797&lt;/Data&gt;&lt;/EventData&gt;&lt;/Event&gt;</raw>
            <TargetUserName>Jack</TargetUserName>
            <SubjectUserName>adhd</SubjectUserName>
        </detection>
        <detection type="Event">
            <id>4720</id>
            <recordid>5101</recordid>
            <time>2020-06-11 22:05:08.27083700Z</time>
            <channel>Security</channel>
            <raw>&lt;Event xmlns='http://schemas.microsoft.com/win/2004/08/events/event'&gt;&lt;System&gt;&lt;Provider Name='Microsoft-Windows-Security-Auditing' Guid='{54849625-5478-4994-a5ba-3e3b0328c30d}'/&gt;&lt;EventID&gt;4720&lt;/EventID&gt;&lt;Version&gt;0&lt;/Version&gt;&lt;Level&gt;0&lt;/Level&gt;&lt;Task&gt;13824&lt;/Task&gt;&lt;Opcode&gt;0&lt;/Opcode&gt;&lt;Keywords&gt;0x8020000000000000&lt;/Keywords&gt;&lt;TimeCreated SystemTime='2020-06-11T22:05:08.0270837Z'/&gt;&lt;EventRecordID&gt;5101&lt;/EventRecordID&gt;&lt;Correlation ActivityID='{d0a5cb6e-403a-0001-29cc-a5d03a40d601}'/&gt;&lt;Execution ProcessID='740' ThreadID='8088'/&gt;&lt;Channel&gt;Security&lt;/Channel&gt;&lt;Computer&gt;DESKTOP-I1T2G01&lt;/Computer&gt;&lt;Security/&gt;&lt;/System&gt;&lt;EventData&gt;&lt;Data Name='TargetUserName'&gt;Gregory&lt;/Data&gt;&lt;Data Name='TargetDomainName'&gt;DESKTOP-I1T2G01&lt;/Data&gt;&lt;Data Name='TargetSid'&gt;S-1-5-21-4235200151-4210980811-2443358387-1176&lt;/Data&gt;&lt;Data Name='SubjectUserSid'&gt;S-1-5-21-4235200151-4210980811-2443358387-1000&lt;/Data&gt;&lt;Data Name='SubjectUserName'&gt;adhd&lt;/Data&gt;&lt;Data Name='SubjectDomainName'&gt;DESKTOP-I1T2G01&lt;/Data&gt;&lt;Data Name='SubjectLogonId'&gt;0x1c5da&lt;/Data&gt;&lt;Data Name='PrivilegeList'&gt;-&lt;/Data&gt;&lt;Data Name='SamAccountName'&gt;Gregory&lt;/Data&gt;&lt;Data Name='DisplayName'&gt;%%1793&lt;/Data&gt;&lt;Data Name='UserPrincipalName'&gt;-&lt;/Data&gt;&lt;Data Name='HomeDirectory'&gt;%%1793&lt;/Data&gt;&lt;Data Name='HomePath'&gt;%%1793&lt;/Data&gt;&lt;Data Name='ScriptPath'&gt;%%1793&lt;/Data&gt;&lt;Data Name='ProfilePath'&gt;%%1793&lt;/Data&gt;&lt;Data Name='UserWorkstations'&gt;%%1793&lt;/Data&gt;&lt;Data Name='PasswordLastSet'&gt;%%1794&lt;/Data&gt;&lt;Data Name='AccountExpires'&gt;%%1794&lt;/Data&gt;&lt;Data Name='PrimaryGroupId'&gt;513&lt;/Data&gt;&lt;Data Name='AllowedToDelegateTo'&gt;-&lt;/Data&gt;&lt;Data Name='OldUacValue'&gt;0x0&lt;/Data&gt;&lt;Data Name='NewUacValue'&gt;0x15&lt;/Data&gt;&lt;Data Name='UserAccountControl'&gt;
		%%2080
		%%2082
		%%2084&lt;/Data&gt;&lt;Data Name='UserParameters'&gt;%%1793&lt;/Data&gt;&lt;Data Name='SidHistory'&gt;-&lt;/Data&gt;&lt;Data Name='LogonHours'&gt;%%1797&lt;/Data&gt;&lt;/EventData&gt;&lt;/Event&gt;</raw>
            <TargetUserName>Gregory</TargetUserName>
            <SubjectUserName>adhd</SubjectUserName>
        </detection>
        <detection type="Event">
            <id>4720</id>
            <recordid>5095</recordid>
            <time>2020-06-11 22:05:07.926663000Z</time>
            <channel>Security</channel>
            <raw>&lt;Event xmlns='http://schemas.microsoft.com/win/2004/08/events/event'&gt;&lt;System&gt;&lt;Provider Name='Microsoft-Windows-Security-Auditing' Guid='{54849625-5478-4994-a5ba-3e3b0328c30d}'/&gt;&lt;EventID&gt;4720&lt;/EventID&gt;&lt;Version&gt;0&lt;/Version&gt;&lt;Level&gt;0&lt;/Level&gt;&lt;Task&gt;13824&lt;/Task&gt;&lt;Opcode&gt;0&lt;/Opcode&gt;&lt;Keywords&gt;0x8020000000000000&lt;/Keywords&gt;&lt;TimeCreated SystemTime='2020-06-11T22:05:07.9266630Z'/&gt;&lt;EventRecordID&gt;5095&lt;/EventRecordID&gt;&lt;Correlation ActivityID='{d0a5cb6e-403a-0001-29cc-a5d03a40d601}'/&gt;&lt;Execution ProcessID='740' ThreadID='8088'/&gt;&lt;Channel&gt;Security&lt;/Channel&gt;&lt;Computer&gt;DESKTOP-I1T2G01&lt;/Computer&gt;&lt;Security/&gt;&lt;/System&gt;&lt;EventData&gt;&lt;Data Name='TargetUserName'&gt;Christopher&lt;/Data&gt;&lt;Data Name='TargetDomainName'&gt;DESKTOP-I1T2G01&lt;/Data&gt;&lt;Data Name='TargetSid'&gt;S-1-5-21-4235200151-4210980811-2443358387-1175&lt;/Data&gt;&lt;Data Name='SubjectUserSid'&gt;S-1-5-21-4235200151-4210980811-2443358387-1000&lt;/Data&gt;&lt;Data Name='SubjectUserName'&gt;adhd&lt;/Data&gt;&lt;Data Name='SubjectDomainName'&gt;DESKTOP-I1T2G01&lt;/Data&gt;&lt;Data Name='SubjectLogonId'&gt;0x1c5da&lt;/Data&gt;&lt;Data Name='PrivilegeList'&gt;-&lt;/Data&gt;&lt;Data Name='SamAccountName'&gt;Christopher&lt;/Data&gt;&lt;Data Name='DisplayName'&gt;%%1793&lt;/Data&gt;&lt;Data Name='UserPrincipalName'&gt;-&lt;/Data&gt;&lt;Data Name='HomeDirectory'&gt;%%1793&lt;/Data&gt;&lt;Data Name='HomePath'&gt;%%1793&lt;/Data&gt;&lt;Data Name='ScriptPath'&gt;%%1793&lt;/Data&gt;&lt;Data Name='ProfilePath'&gt;%%1793&lt;/Data&gt;&lt;Data Name='UserWorkstations'&gt;%%1793&lt;/Data&gt;&lt;Data Name='PasswordLastSet'&gt;%%1794&lt;/Data&gt;&lt;Data Name='AccountExpires'&gt;%%1794&lt;/Data&gt;&lt;Data Name='PrimaryGroupId'&gt;513&lt;/Data&gt;&lt;Data Name='AllowedToDelegateTo'&gt;-&lt;/Data&gt;&lt;Data Name='OldUacValue'&gt;0x0&lt;/Data&gt;&lt;Data Name='NewUacValue'&gt;0x15&lt;/Data&gt;&lt;Data Name='UserAccountControl'&gt;
		%%2080
		%%2082
		%%2084&lt;/Data&gt;&lt;Data Name='UserParameters'&gt;%%1793&lt;/Data&gt;&lt;Data Name='SidHistory'&gt;-&lt;/Data&gt;&lt;Data Name='LogonHours'&gt;%%1797&lt;/Data&gt;&lt;/EventData&gt;&lt;/Event&gt;</raw>
            <TargetUserName>Christopher</TargetUserName>
            <SubjectUserName>adhd</SubjectUserName>
        </detection>
        <detection type="Event">
            <id>4720</id>
            <recordid>5089</recordid>
            <time>2020-06-11 22:05:07.839378000Z</time>
            <channel>Security</channel>
            <raw>&lt;Event xmlns='http://schemas.microsoft.com/win/2004/08/events/event'&gt;&lt;System&gt;&lt;Provider Name='Microsoft-Windows-Security-Auditing' Guid='{54849625-5478-4994-a5ba-3e3b0328c30d}'/&gt;&lt;EventID&gt;4720&lt;/EventID&gt;&lt;Version&gt;0&lt;/Version&gt;&lt;Level&gt;0&lt;/Level&gt;&lt;Task&gt;13824&lt;/Task&gt;&lt;Opcode&gt;0&lt;/Opcode&gt;&lt;Keywords&gt;0x8020000000000000&lt;/Keywords&gt;&lt;TimeCreated SystemTime='2020-06-11T22:05:07.8393780Z'/&gt;&lt;EventRecordID&gt;5089&lt;/EventRecordID&gt;&lt;Correlation ActivityID='{d0a5cb6e-403a-0001-29cc-a5d03a40d601}'/&gt;&lt;Execution ProcessID='740' ThreadID='792'/&gt;&lt;Channel&gt;Security&lt;/Channel&gt;&lt;Computer&gt;DESKTOP-I1T2G01&lt;/Computer&gt;&lt;Security/&gt;&lt;/System&gt;&lt;EventData&gt;&lt;Data Name='TargetUserName'&gt;Michael&lt;/Data&gt;&lt;Data Name='TargetDomainName'&gt;DESKTOP-I1T2G01&lt;/Data&gt;&lt;Data Name='TargetSid'&gt;S-1-5-21-4235200151-4210980811-2443358387-1174&lt;/Data&gt;&lt;Data Name='SubjectUserSid'&gt;S-1-5-21-4235200151-4210980811-2443358387-1000&lt;/Data&gt;&lt;Data Name='SubjectUserName'&gt;adhd&lt;/Data&gt;&lt;Data Name='SubjectDomainName'&gt;DESKTOP-I1T2G01&lt;/Data&gt;&lt;Data Name='SubjectLogonId'&gt;0x1c5da&lt;/Data&gt;&lt;Data Name='PrivilegeList'&gt;-&lt;/Data&gt;&lt;Data Name='SamAccountName'&gt;Michael&lt;/Data&gt;&lt;Data Name='DisplayName'&gt;%%1793&lt;/Data&gt;&lt;Data Name='UserPrincipalName'&gt;-&lt;/Data&gt;&lt;Data Name='HomeDirectory'&gt;%%1793&lt;/Data&gt;&lt;Data Name='HomePath'&gt;%%1793&lt;/Data&gt;&lt;Data Name='ScriptPath'&gt;%%1793&lt;/Data&gt;&lt;Data Name='ProfilePath'&gt;%%1793&lt;/Data&gt;&lt;Data Name='UserWorkstations'&gt;%%1793&lt;/Data&gt;&lt;Data Name='PasswordLastSet'&gt;%%1794&lt;/Data&gt;&lt;Data Name='AccountExpires'&gt;%%1794&lt;/Data&gt;&lt;Data Name='PrimaryGroupId'&gt;513&lt;/Data&gt;&lt;Data Name='AllowedToDelegateTo'&gt;-&lt;/Data&gt;&lt;Data Name='OldUacValue'&gt;0x0&lt;/Data&gt;&lt;Data Name='NewUacValue'&gt;0x15&lt;/Data&gt;&lt;Data Name='UserAccountControl'&gt;
		%%2080
		%%2082
		%%2084&lt;/Data&gt;&lt;Data Name='UserParameters'&gt;%%1793&lt;/Data&gt;&lt;Data Name='SidHistory'&gt;-&lt;/Data&gt;&lt;Data Name='LogonHours'&gt;%%1797&lt;/Data&gt;&lt;/EventData&gt;&lt;/Event&gt;</raw>
            <TargetUserName>Michael</TargetUserName>
            <SubjectUserName>adhd</SubjectUserName>
        </detection>
        <detection type="Event">
            <id>4720</id>
            <recordid>5083</recordid>
            <time>2020-06-11 22:05:07.742897300Z</time>
            <channel>Security</channel>
            <raw>&lt;Event xmlns='http://schemas.microsoft.com/win/2004/08/events/event'&gt;&lt;System&gt;&lt;Provider Name='Microsoft-Windows-Security-Auditing' Guid='{54849625-5478-4994-a5ba-3e3b0328c30d}'/&gt;&lt;EventID&gt;4720&lt;/EventID&gt;&lt;Version&gt;0&lt;/Version&gt;&lt;Level&gt;0&lt;/Level&gt;&lt;Task&gt;13824&lt;/Task&gt;&lt;Opcode&gt;0&lt;/Opcode&gt;&lt;Keywords&gt;0x8020000000000000&lt;/Keywords&gt;&lt;TimeCreated SystemTime='2020-06-11T22:05:07.7428973Z'/&gt;&lt;EventRecordID&gt;5083&lt;/EventRecordID&gt;&lt;Correlation ActivityID='{d0a5cb6e-403a-0001-29cc-a5d03a40d601}'/&gt;&lt;Execution ProcessID='740' ThreadID='788'/&gt;&lt;Channel&gt;Security&lt;/Channel&gt;&lt;Computer&gt;DESKTOP-I1T2G01&lt;/Computer&gt;&lt;Security/&gt;&lt;/System&gt;&lt;EventData&gt;&lt;Data Name='TargetUserName'&gt;Arthur&lt;/Data&gt;&lt;Data Name='TargetDomainName'&gt;DESKTOP-I1T2G01&lt;/Data&gt;&lt;Data Name='TargetSid'&gt;S-1-5-21-4235200151-4210980811-2443358387-1173&lt;/Data&gt;&lt;Data Name='SubjectUserSid'&gt;S-1-5-21-4235200151-4210980811-2443358387-1000&lt;/Data&gt;&lt;Data Name='SubjectUserName'&gt;adhd&lt;/Data&gt;&lt;Data Name='SubjectDomainName'&gt;DESKTOP-I1T2G01&lt;/Data&gt;&lt;Data Name='SubjectLogonId'&gt;0x1c5da&lt;/Data&gt;&lt;Data Name='PrivilegeList'&gt;-&lt;/Data&gt;&lt;Data Name='SamAccountName'&gt;Arthur&lt;/Data&gt;&lt;Data Name='DisplayName'&gt;%%1793&lt;/Data&gt;&lt;Data Name='UserPrincipalName'&gt;-&lt;/Data&gt;&lt;Data Name='HomeDirectory'&gt;%%1793&lt;/Data&gt;&lt;Data Name='HomePath'&gt;%%1793&lt;/Data&gt;&lt;Data Name='ScriptPath'&gt;%%1793&lt;/Data&gt;&lt;Data Name='ProfilePath'&gt;%%1793&lt;/Data&gt;&lt;Data Name='UserWorkstations'&gt;%%1793&lt;/Data&gt;&lt;Data Name='PasswordLastSet'&gt;%%1794&lt;/Data&gt;&lt;Data Name='AccountExpires'&gt;%%1794&lt;/Data&gt;&lt;Data Name='PrimaryGroupId'&gt;513&lt;/Data&gt;&lt;Data Name='AllowedToDelegateTo'&gt;-&lt;/Data&gt;&lt;Data Name='OldUacValue'&gt;0x0&lt;/Data&gt;&lt;Data Name='NewUacValue'&gt;0x15&lt;/Data&gt;&lt;Data Name='UserAccountControl'&gt;
		%%2080
		%%2082
		%%2084&lt;/Data&gt;&lt;Data Name='UserParameters'&gt;%%1793&lt;/Data&gt;&lt;Data Name='SidHistory'&gt;-&lt;/Data&gt;&lt;Data Name='LogonHours'&gt;%%1797&lt;/Data&gt;&lt;/EventData&gt;&lt;/Event&gt;</raw>
            <TargetUserName>Arthur</TargetUserName>
            <SubjectUserName>adhd</SubjectUserName>
        </detection>
        <detection type="Event">
            <id>4720</id>
            <recordid>5077</recordid>
            <time>2020-06-11 22:05:07.656725400Z</time>
            <channel>Security</channel>
            <raw>&lt;Event xmlns='http://schemas.microsoft.com/win/2004/08/events/event'&gt;&lt;System&gt;&lt;Provider Name='Microsoft-Windows-Security-Auditing' Guid='{54849625-5478-4994-a5ba-3e3b0328c30d}'/&gt;&lt;EventID&gt;4720&lt;/EventID&gt;&lt;Version&gt;0&lt;/Version&gt;&lt;Level&gt;0&lt;/Level&gt;&lt;Task&gt;13824&lt;/Task&gt;&lt;Opcode&gt;0&lt;/Opcode&gt;&lt;Keywords&gt;0x8020000000000000&lt;/Keywords&gt;&lt;TimeCreated SystemTime='2020-06-11T22:05:07.6567254Z'/&gt;&lt;EventRecordID&gt;5077&lt;/EventRecordID&gt;&lt;Correlation ActivityID='{d0a5cb6e-403a-0001-29cc-a5d03a40d601}'/&gt;&lt;Execution ProcessID='740' ThreadID='788'/&gt;&lt;Channel&gt;Security&lt;/Channel&gt;&lt;Computer&gt;DESKTOP-I1T2G01&lt;/Computer&gt;&lt;Security/&gt;&lt;/System&gt;&lt;EventData&gt;&lt;Data Name='TargetUserName'&gt;Ann&lt;/Data&gt;&lt;Data Name='TargetDomainName'&gt;DESKTOP-I1T2G01&lt;/Data&gt;&lt;Data Name='TargetSid'&gt;S-1-5-21-4235200151-4210980811-2443358387-1172&lt;/Data&gt;&lt;Data Name='SubjectUserSid'&gt;S-1-5-21-4235200151-4210980811-2443358387-1000&lt;/Data&gt;&lt;Data Name='SubjectUserName'&gt;adhd&lt;/Data&gt;&lt;Data Name='SubjectDomainName'&gt;DESKTOP-I1T2G01&lt;/Data&gt;&lt;Data Name='SubjectLogonId'&gt;0x1c5da&lt;/Data&gt;&lt;Data Name='PrivilegeList'&gt;-&lt;/Data&gt;&lt;Data Name='SamAccountName'&gt;Ann&lt;/Data&gt;&lt;Data Name='DisplayName'&gt;%%1793&lt;/Data&gt;&lt;Data Name='UserPrincipalName'&gt;-&lt;/Data&gt;&lt;Data Name='HomeDirectory'&gt;%%1793&lt;/Data&gt;&lt;Data Name='HomePath'&gt;%%1793&lt;/Data&gt;&lt;Data Name='ScriptPath'&gt;%%1793&lt;/Data&gt;&lt;Data Name='ProfilePath'&gt;%%1793&lt;/Data&gt;&lt;Data Name='UserWorkstations'&gt;%%1793&lt;/Data&gt;&lt;Data Name='PasswordLastSet'&gt;%%1794&lt;/Data&gt;&lt;Data Name='AccountExpires'&gt;%%1794&lt;/Data&gt;&lt;Data Name='PrimaryGroupId'&gt;513&lt;/Data&gt;&lt;Data Name='AllowedToDelegateTo'&gt;-&lt;/Data&gt;&lt;Data Name='OldUacValue'&gt;0x0&lt;/Data&gt;&lt;Data Name='NewUacValue'&gt;0x15&lt;/Data&gt;&lt;Data Name='UserAccountControl'&gt;
		%%2080
		%%2082
		%%2084&lt;/Data&gt;&lt;Data Name='UserParameters'&gt;%%1793&lt;/Data&gt;&lt;Data Name='SidHistory'&gt;-&lt;/Data&gt;&lt;Data Name='LogonHours'&gt;%%1797&lt;/Data&gt;&lt;/EventData&gt;&lt;/Event&gt;</raw>
            <TargetUserName>Ann</TargetUserName>
            <SubjectUserName>adhd</SubjectUserName>
        </detection>
        <detection type="Event">
            <id>4720</id>
            <recordid>5071</recordid>
            <time>2020-06-11 22:05:07.529393300Z</time>
            <channel>Security</channel>
            <raw>&lt;Event xmlns='http://schemas.microsoft.com/win/2004/08/events/event'&gt;&lt;System&gt;&lt;Provider Name='Microsoft-Windows-Security-Auditing' Guid='{54849625-5478-4994-a5ba-3e3b0328c30d}'/&gt;&lt;EventID&gt;4720&lt;/EventID&gt;&lt;Version&gt;0&lt;/Version&gt;&lt;Level&gt;0&lt;/Level&gt;&lt;Task&gt;13824&lt;/Task&gt;&lt;Opcode&gt;0&lt;/Opcode&gt;&lt;Keywords&gt;0x8020000000000000&lt;/Keywords&gt;&lt;TimeCreated SystemTime='2020-06-11T22:05:07.5293933Z'/&gt;&lt;EventRecordID&gt;5071&lt;/EventRecordID&gt;&lt;Correlation ActivityID='{d0a5cb6e-403a-0001-29cc-a5d03a40d601}'/&gt;&lt;Execution ProcessID='740' ThreadID='792'/&gt;&lt;Channel&gt;Security&lt;/Channel&gt;&lt;Computer&gt;DESKTOP-I1T2G01&lt;/Computer&gt;&lt;Security/&gt;&lt;/System&gt;&lt;EventData&gt;&lt;Data Name='TargetUserName'&gt;Natalie&lt;/Data&gt;&lt;Data Name='TargetDomainName'&gt;DESKTOP-I1T2G01&lt;/Data&gt;&lt;Data Name='TargetSid'&gt;S-1-5-21-4235200151-4210980811-2443358387-1171&lt;/Data&gt;&lt;Data Name='SubjectUserSid'&gt;S-1-5-21-4235200151-4210980811-2443358387-1000&lt;/Data&gt;&lt;Data Name='SubjectUserName'&gt;adhd&lt;/Data&gt;&lt;Data Name='SubjectDomainName'&gt;DESKTOP-I1T2G01&lt;/Data&gt;&lt;Data Name='SubjectLogonId'&gt;0x1c5da&lt;/Data&gt;&lt;Data Name='PrivilegeList'&gt;-&lt;/Data&gt;&lt;Data Name='SamAccountName'&gt;Natalie&lt;/Data&gt;&lt;Data Name='DisplayName'&gt;%%1793&lt;/Data&gt;&lt;Data Name='UserPrincipalName'&gt;-&lt;/Data&gt;&lt;Data Name='HomeDirectory'&gt;%%1793&lt;/Data&gt;&lt;Data Name='HomePath'&gt;%%1793&lt;/Data&gt;&lt;Data Name='ScriptPath'&gt;%%1793&lt;/Data&gt;&lt;Data Name='ProfilePath'&gt;%%1793&lt;/Data&gt;&lt;Data Name='UserWorkstations'&gt;%%1793&lt;/Data&gt;&lt;Data Name='PasswordLastSet'&gt;%%1794&lt;/Data&gt;&lt;Data Name='AccountExpires'&gt;%%1794&lt;/Data&gt;&lt;Data Name='PrimaryGroupId'&gt;513&lt;/Data&gt;&lt;Data Name='AllowedToDelegateTo'&gt;-&lt;/Data&gt;&lt;Data Name='OldUacValue'&gt;0x0&lt;/Data&gt;&lt;Data Name='NewUacValue'&gt;0x15&lt;/Data&gt;&lt;Data Name='UserAccountControl'&gt;
		%%2080
		%%2082
		%%2084&lt;/Data&gt;&lt;Data Name='UserParameters'&gt;%%1793&lt;/Data&gt;&lt;Data Name='SidHistory'&gt;-&lt;/Data&gt;&lt;Data Name='LogonHours'&gt;%%1797&lt;/Data&gt;&lt;/EventData&gt;&lt;/Event&gt;</raw>
            <TargetUserName>Natalie</TargetUserName>
            <SubjectUserName>adhd</SubjectUserName>
        </detection>
        <detection type="Event">
            <id>4720</id>
            <recordid>5065</recordid>
            <time>2020-06-11 22:05:07.448398300Z</time>
            <channel>Security</channel>
            <raw>&lt;Event xmlns='http://schemas.microsoft.com/win/2004/08/events/event'&gt;&lt;System&gt;&lt;Provider Name='Microsoft-Windows-Security-Auditing' Guid='{54849625-5478-4994-a5ba-3e3b0328c30d}'/&gt;&lt;EventID&gt;4720&lt;/EventID&gt;&lt;Version&gt;0&lt;/Version&gt;&lt;Level&gt;0&lt;/Level&gt;&lt;Task&gt;13824&lt;/Task&gt;&lt;Opcode&gt;0&lt;/Opcode&gt;&lt;Keywords&gt;0x8020000000000000&lt;/Keywords&gt;&lt;TimeCreated SystemTime='2020-06-11T22:05:07.4483983Z'/&gt;&lt;EventRecordID&gt;5065&lt;/EventRecordID&gt;&lt;Correlation ActivityID='{d0a5cb6e-403a-0001-29cc-a5d03a40d601}'/&gt;&lt;Execution ProcessID='740' ThreadID='792'/&gt;&lt;Channel&gt;Security&lt;/Channel&gt;&lt;Computer&gt;DESKTOP-I1T2G01&lt;/Computer&gt;&lt;Security/&gt;&lt;/System&gt;&lt;EventData&gt;&lt;Data Name='TargetUserName'&gt;Cynthia&lt;/Data&gt;&lt;Data Name='TargetDomainName'&gt;DESKTOP-I1T2G01&lt;/Data&gt;&lt;Data Name='TargetSid'&gt;S-1-5-21-4235200151-4210980811-2443358387-1170&lt;/Data&gt;&lt;Data Name='SubjectUserSid'&gt;S-1-5-21-4235200151-4210980811-2443358387-1000&lt;/Data&gt;&lt;Data Name='SubjectUserName'&gt;adhd&lt;/Data&gt;&lt;Data Name='SubjectDomainName'&gt;DESKTOP-I1T2G01&lt;/Data&gt;&lt;Data Name='SubjectLogonId'&gt;0x1c5da&lt;/Data&gt;&lt;Data Name='PrivilegeList'&gt;-&lt;/Data&gt;&lt;Data Name='SamAccountName'&gt;Cynthia&lt;/Data&gt;&lt;Data Name='DisplayName'&gt;%%1793&lt;/Data&gt;&lt;Data Name='UserPrincipalName'&gt;-&lt;/Data&gt;&lt;Data Name='HomeDirectory'&gt;%%1793&lt;/Data&gt;&lt;Data Name='HomePath'&gt;%%1793&lt;/Data&gt;&lt;Data Name='ScriptPath'&gt;%%1793&lt;/Data&gt;&lt;Data Name='ProfilePath'&gt;%%1793&lt;/Data&gt;&lt;Data Name='UserWorkstations'&gt;%%1793&lt;/Data&gt;&lt;Data Name='PasswordLastSet'&gt;%%1794&lt;/Data&gt;&lt;Data Name='AccountExpires'&gt;%%1794&lt;/Data&gt;&lt;Data Name='PrimaryGroupId'&gt;513&lt;/Data&gt;&lt;Data Name='AllowedToDelegateTo'&gt;-&lt;/Data&gt;&lt;Data Name='OldUacValue'&gt;0x0&lt;/Data&gt;&lt;Data Name='NewUacValue'&gt;0x15&lt;/Data&gt;&lt;Data Name='UserAccountControl'&gt;
		%%2080
		%%2082
		%%2084&lt;/Data&gt;&lt;Data Name='UserParameters'&gt;%%1793&lt;/Data&gt;&lt;Data Name='SidHistory'&gt;-&lt;/Data&gt;&lt;Data Name='LogonHours'&gt;%%1797&lt;/Data&gt;&lt;/EventData&gt;&lt;/Event&gt;</raw>
            <TargetUserName>Cynthia</TargetUserName>
            <SubjectUserName>adhd</SubjectUserName>
        </detection>
        <detection type="Event">
            <id>4720</id>
            <recordid>5059</recordid>
            <time>2020-06-11 22:05:07.363225800Z</time>
            <channel>Security</channel>
            <raw>&lt;Event xmlns='http://schemas.microsoft.com/win/2004/08/events/event'&gt;&lt;System&gt;&lt;Provider Name='Microsoft-Windows-Security-Auditing' Guid='{54849625-5478-4994-a5ba-3e3b0328c30d}'/&gt;&lt;EventID&gt;4720&lt;/EventID&gt;&lt;Version&gt;0&lt;/Version&gt;&lt;Level&gt;0&lt;/Level&gt;&lt;Task&gt;13824&lt;/Task&gt;&lt;Opcode&gt;0&lt;/Opcode&gt;&lt;Keywords&gt;0x8020000000000000&lt;/Keywords&gt;&lt;TimeCreated SystemTime='2020-06-11T22:05:07.3632258Z'/&gt;&lt;EventRecordID&gt;5059&lt;/EventRecordID&gt;&lt;Correlation ActivityID='{d0a5cb6e-403a-0001-29cc-a5d03a40d601}'/&gt;&lt;Execution ProcessID='740' ThreadID='788'/&gt;&lt;Channel&gt;Security&lt;/Channel&gt;&lt;Computer&gt;DESKTOP-I1T2G01&lt;/Computer&gt;&lt;Security/&gt;&lt;/System&gt;&lt;EventData&gt;&lt;Data Name='TargetUserName'&gt;Noah&lt;/Data&gt;&lt;Data Name='TargetDomainName'&gt;DESKTOP-I1T2G01&lt;/Data&gt;&lt;Data Name='TargetSid'&gt;S-1-5-21-4235200151-4210980811-2443358387-1169&lt;/Data&gt;&lt;Data Name='SubjectUserSid'&gt;S-1-5-21-4235200151-4210980811-2443358387-1000&lt;/Data&gt;&lt;Data Name='SubjectUserName'&gt;adhd&lt;/Data&gt;&lt;Data Name='SubjectDomainName'&gt;DESKTOP-I1T2G01&lt;/Data&gt;&lt;Data Name='SubjectLogonId'&gt;0x1c5da&lt;/Data&gt;&lt;Data Name='PrivilegeList'&gt;-&lt;/Data&gt;&lt;Data Name='SamAccountName'&gt;Noah&lt;/Data&gt;&lt;Data Name='DisplayName'&gt;%%1793&lt;/Data&gt;&lt;Data Name='UserPrincipalName'&gt;-&lt;/Data&gt;&lt;Data Name='HomeDirectory'&gt;%%1793&lt;/Data&gt;&lt;Data Name='HomePath'&gt;%%1793&lt;/Data&gt;&lt;Data Name='ScriptPath'&gt;%%1793&lt;/Data&gt;&lt;Data Name='ProfilePath'&gt;%%1793&lt;/Data&gt;&lt;Data Name='UserWorkstations'&gt;%%1793&lt;/Data&gt;&lt;Data Name='PasswordLastSet'&gt;%%1794&lt;/Data&gt;&lt;Data Name='AccountExpires'&gt;%%1794&lt;/Data&gt;&lt;Data Name='PrimaryGroupId'&gt;513&lt;/Data&gt;&lt;Data Name='AllowedToDelegateTo'&gt;-&lt;/Data&gt;&lt;Data Name='OldUacValue'&gt;0x0&lt;/Data&gt;&lt;Data Name='NewUacValue'&gt;0x15&lt;/Data&gt;&lt;Data Name='UserAccountControl'&gt;
		%%2080
		%%2082
		%%2084&lt;/Data&gt;&lt;Data Name='UserParameters'&gt;%%1793&lt;/Data&gt;&lt;Data Name='SidHistory'&gt;-&lt;/Data&gt;&lt;Data Name='LogonHours'&gt;%%1797&lt;/Data&gt;&lt;/EventData&gt;&lt;/Event&gt;</raw>
            <TargetUserName>Noah</TargetUserName>
            <SubjectUserName>adhd</SubjectUserName>
        </detection>
        <detection type="Event">
            <id>4720</id>
            <recordid>5053</recordid>
            <time>2020-06-11 22:05:07.264639100Z</time>
            <channel>Security</channel>
            <raw>&lt;Event xmlns='http://schemas.microsoft.com/win/2004/08/events/event'&gt;&lt;System&gt;&lt;Provider Name='Microsoft-Windows-Security-Auditing' Guid='{54849625-5478-4994-a5ba-3e3b0328c30d}'/&gt;&lt;EventID&gt;4720&lt;/EventID&gt;&lt;Version&gt;0&lt;/Version&gt;&lt;Level&gt;0&lt;/Level&gt;&lt;Task&gt;13824&lt;/Task&gt;&lt;Opcode&gt;0&lt;/Opcode&gt;&lt;Keywords&gt;0x8020000000000000&lt;/Keywords&gt;&lt;TimeCreated SystemTime='2020-06-11T22:05:07.2646391Z'/&gt;&lt;EventRecordID&gt;5053&lt;/EventRecordID&gt;&lt;Correlation ActivityID='{d0a5cb6e-403a-0001-29cc-a5d03a40d601}'/&gt;&lt;Execution ProcessID='740' ThreadID='8088'/&gt;&lt;Channel&gt;Security&lt;/Channel&gt;&lt;Computer&gt;DESKTOP-I1T2G01&lt;/Computer&gt;&lt;Security/&gt;&lt;/System&gt;&lt;EventData&gt;&lt;Data Name='TargetUserName'&gt;Terry&lt;/Data&gt;&lt;Data Name='TargetDomainName'&gt;DESKTOP-I1T2G01&lt;/Data&gt;&lt;Data Name='TargetSid'&gt;S-1-5-21-4235200151-4210980811-2443358387-1168&lt;/Data&gt;&lt;Data Name='SubjectUserSid'&gt;S-1-5-21-4235200151-4210980811-2443358387-1000&lt;/Data&gt;&lt;Data Name='SubjectUserName'&gt;adhd&lt;/Data&gt;&lt;Data Name='SubjectDomainName'&gt;DESKTOP-I1T2G01&lt;/Data&gt;&lt;Data Name='SubjectLogonId'&gt;0x1c5da&lt;/Data&gt;&lt;Data Name='PrivilegeList'&gt;-&lt;/Data&gt;&lt;Data Name='SamAccountName'&gt;Terry&lt;/Data&gt;&lt;Data Name='DisplayName'&gt;%%1793&lt;/Data&gt;&lt;Data Name='UserPrincipalName'&gt;-&lt;/Data&gt;&lt;Data Name='HomeDirectory'&gt;%%1793&lt;/Data&gt;&lt;Data Name='HomePath'&gt;%%1793&lt;/Data&gt;&lt;Data Name='ScriptPath'&gt;%%1793&lt;/Data&gt;&lt;Data Name='ProfilePath'&gt;%%1793&lt;/Data&gt;&lt;Data Name='UserWorkstations'&gt;%%1793&lt;/Data&gt;&lt;Data Name='PasswordLastSet'&gt;%%1794&lt;/Data&gt;&lt;Data Name='AccountExpires'&gt;%%1794&lt;/Data&gt;&lt;Data Name='PrimaryGroupId'&gt;513&lt;/Data&gt;&lt;Data Name='AllowedToDelegateTo'&gt;-&lt;/Data&gt;&lt;Data Name='OldUacValue'&gt;0x0&lt;/Data&gt;&lt;Data Name='NewUacValue'&gt;0x15&lt;/Data&gt;&lt;Data Name='UserAccountControl'&gt;
		%%2080
		%%2082
		%%2084&lt;/Data&gt;&lt;Data Name='UserParameters'&gt;%%1793&lt;/Data&gt;&lt;Data Name='SidHistory'&gt;-&lt;/Data&gt;&lt;Data Name='LogonHours'&gt;%%1797&lt;/Data&gt;&lt;/EventData&gt;&lt;/Event&gt;