</raw>
            <TargetUserName>Kimberly</TargetUserName>
            <SubjectUserName>adhd</SubjectUserName>
        </detection>
        <detection type="Event">
            <id>4720</id>
            <recordid>4135</recordid>
            <time>2020-06-11 22:04:52.439829100Z</time>
            <channel>Security</channel>
            <raw>&lt;Event xmlns='http://schemas.microsoft.com/win/2004/08/events/event'&gt;&lt;System&gt;&lt;Provider Name='Microsoft-Windows-Security-Auditing' Guid='{54849625-5478-4994-a5ba-3e3b0328c30d}'/&gt;&lt;EventID&gt;4720&lt;/EventID&gt;&lt;Version&gt;0&lt;/Version&gt;&lt;Level&gt;0&lt;/Level&gt;&lt;Task&gt;13824&lt;/Task&gt;&lt;Opcode&gt;0&lt;/Opcode&gt;&lt;Keywords&gt;0x8020000000000000&lt;/Keywords&gt;&lt;TimeCreated SystemTime='2020-06-11T22:04:52.4398291Z'/&gt;&lt;EventRecordID&gt;4135&lt;/EventRecordID&gt;&lt;Correlation ActivityID='{d0a5cb6e-403a-0001-29cc-a5d03a40d601}'/&gt;&lt;Execution ProcessID='740' ThreadID='792'/&gt;&lt;Channel&gt;Security&lt;/Channel&gt;&lt;Computer&gt;DESKTOP-I1T2G01&lt;/Computer&gt;&lt;Security/&gt;&lt;/System&gt;&lt;EventData&gt;&lt;Data Name='TargetUserName'&gt;Amy&lt;/Data&gt;&lt;Data Name='TargetDomainName'&gt;DESKTOP-I1T2G01&lt;/Data&gt;&lt;Data Name='TargetSid'&gt;S-1-5-21-4235200151-4210980811-2443358387-1015&lt;/Data&gt;&lt;Data Name='SubjectUserSid'&gt;S-1-5-21-4235200151-4210980811-2443358387-1000&lt;/Data&gt;&lt;Data Name='SubjectUserName'&gt;adhd&lt;/Data&gt;&lt;Data Name='SubjectDomainName'&gt;DESKTOP-I1T2G01&lt;/Data&gt;&lt;Data Name='SubjectLogonId'&gt;0x1c5da&lt;/Data&gt;&lt;Data Name='PrivilegeList'&gt;-&lt;/Data&gt;&lt;Data Name='SamAccountName'&gt;Amy&lt;/Data&gt;&lt;Data Name='DisplayName'&gt;%%1793&lt;/Data&gt;&lt;Data Name='UserPrincipalName'&gt;-&lt;/Data&gt;&lt;Data Name='HomeDirectory'&gt;%%1793&lt;/Data&gt;&lt;Data Name='HomePath'&gt;%%1793&lt;/Data&gt;&lt;Data Name='ScriptPath'&gt;%%1793&lt;/Data&gt;&lt;Data Name='ProfilePath'&gt;%%1793&lt;/Data&gt;&lt;Data Name='UserWorkstations'&gt;%%1793&lt;/Data&gt;&lt;Data Name='PasswordLastSet'&gt;%%1794&lt;/Data&gt;&lt;Data Name='AccountExpires'&gt;%%1794&lt;/Data&gt;&lt;Data Name='PrimaryGroupId'&gt;513&lt;/Data&gt;&lt;Data Name='AllowedToDelegateTo'&gt;-&lt;/Data&gt;&lt;Data Name='OldUacValue'&gt;0x0&lt;/Data&gt;&lt;Data Name='NewUacValue'&gt;0x15&lt;/Data&gt;&lt;Data Name='UserAccountControl'&gt;
		%%2080
		%%2082
		%%2084&lt;/Data&gt;&lt;Data Name='UserParameters'&gt;%%1793&lt;/Data&gt;&lt;Data Name='SidHistory'&gt;-&lt;/Data&gt;&lt;Data Name='LogonHours'&gt;%%1797&lt;/Data&gt;&lt;/EventData&gt;&lt;/Event&gt;</raw>
            <TargetUserName>Amy</TargetUserName>
            <SubjectUserName>adhd</SubjectUserName>
        </detection>
        <detection type="Event">
            <id>4720</id>
            <recordid>4129</recordid>
            <time>2020-06-11 22:04:52.334204600Z</time>
            <channel>Security</channel>
            <raw>&lt;Event xmlns='http://schemas.microsoft.com/win/2004/08/events/event'&gt;&lt;System&gt;&lt;Provider Name='Microsoft-Windows-Security-Auditing' Guid='{54849625-5478-4994-a5ba-3e3b0328c30d}'/&gt;&lt;EventID&gt;4720&lt;/EventID&gt;&lt;Version&gt;0&lt;/Version&gt;&lt;Level&gt;0&lt;/Level&gt;&lt;Task&gt;13824&lt;/Task&gt;&lt;Opcode&gt;0&lt;/Opcode&gt;&lt;Keywords&gt;0x8020000000000000&lt;/Keywords&gt;&lt;TimeCreated SystemTime='2020-06-11T22:04:52.3342046Z'/&gt;&lt;EventRecordID&gt;4129&lt;/EventRecordID&gt;&lt;Correlation ActivityID='{d0a5cb6e-403a-0001-29cc-a5d03a40d601}'/&gt;&lt;Execution ProcessID='740' ThreadID='792'/&gt;&lt;Channel&gt;Security&lt;/Channel&gt;&lt;Computer&gt;DESKTOP-I1T2G01&lt;/Computer&gt;&lt;Security/&gt;&lt;/System&gt;&lt;EventData&gt;&lt;Data Name='TargetUserName'&gt;Victoria&lt;/Data&gt;&lt;Data Name='TargetDomainName'&gt;DESKTOP-I1T2G01&lt;/Data&gt;&lt;Data Name='TargetSid'&gt;S-1-5-21-4235200151-4210980811-2443358387-1014&lt;/Data&gt;&lt;Data Name='SubjectUserSid'&gt;S-1-5-21-4235200151-4210980811-2443358387-1000&lt;/Data&gt;&lt;Data Name='SubjectUserName'&gt;adhd&lt;/Data&gt;&lt;Data Name='SubjectDomainName'&gt;DESKTOP-I1T2G01&lt;/Data&gt;&lt;Data Name='SubjectLogonId'&gt;0x1c5da&lt;/Data&gt;&lt;Data Name='PrivilegeList'&gt;-&lt;/Data&gt;&lt;Data Name='SamAccountName'&gt;Victoria&lt;/Data&gt;&lt;Data Name='DisplayName'&gt;%%1793&lt;/Data&gt;&lt;Data Name='UserPrincipalName'&gt;-&lt;/Data&gt;&lt;Data Name='HomeDirectory'&gt;%%1793&lt;/Data&gt;&lt;Data Name='HomePath'&gt;%%1793&lt;/Data&gt;&lt;Data Name='ScriptPath'&gt;%%1793&lt;/Data&gt;&lt;Data Name='ProfilePath'&gt;%%1793&lt;/Data&gt;&lt;Data Name='UserWorkstations'&gt;%%1793&lt;/Data&gt;&lt;Data Name='PasswordLastSet'&gt;%%1794&lt;/Data&gt;&lt;Data Name='AccountExpires'&gt;%%1794&lt;/Data&gt;&lt;Data Name='PrimaryGroupId'&gt;513&lt;/Data&gt;&lt;Data Name='AllowedToDelegateTo'&gt;-&lt;/Data&gt;&lt;Data Name='OldUacValue'&gt;0x0&lt;/Data&gt;&lt;Data Name='NewUacValue'&gt;0x15&lt;/Data&gt;&lt;Data Name='UserAccountControl'&gt;
		%%2080
		%%2082
		%%2084&lt;/Data&gt;&lt;Data Name='UserParameters'&gt;%%1793&lt;/Data&gt;&lt;Data Name='SidHistory'&gt;-&lt;/Data&gt;&lt;Data Name='LogonHours'&gt;%%1797&lt;/Data&gt;&lt;/EventData&gt;&lt;/Event&gt;</raw>
            <TargetUserName>Victoria</TargetUserName>
            <SubjectUserName>adhd</SubjectUserName>
        </detection>
        <detection type="Event">
            <id>4720</id>
            <recordid>4123</recordid>
            <time>2020-06-11 22:04:52.231553300Z</time>
            <channel>Security</channel>
            <raw>&lt;Event xmlns='http://schemas.microsoft.com/win/2004/08/events/event'&gt;&lt;System&gt;&lt;Provider Name='Microsoft-Windows-Security-Auditing' Guid='{54849625-5478-4994-a5ba-3e3b0328c30d}'/&gt;&lt;EventID&gt;4720&lt;/EventID&gt;&lt;Version&gt;0&lt;/Version&gt;&lt;Level&gt;0&lt;/Level&gt;&lt;Task&gt;13824&lt;/Task&gt;&lt;Opcode&gt;0&lt;/Opcode&gt;&lt;Keywords&gt;0x8020000000000000&lt;/Keywords&gt;&lt;TimeCreated SystemTime='2020-06-11T22:04:52.2315533Z'/&gt;&lt;EventRecordID&gt;4123&lt;/EventRecordID&gt;&lt;Correlation ActivityID='{d0a5cb6e-403a-0001-29cc-a5d03a40d601}'/&gt;&lt;Execution ProcessID='740' ThreadID='8088'/&gt;&lt;Channel&gt;Security&lt;/Channel&gt;&lt;Computer&gt;DESKTOP-I1T2G01&lt;/Computer&gt;&lt;Security/&gt;&lt;/System&gt;&lt;EventData&gt;&lt;Data Name='TargetUserName'&gt;Barbara&lt;/Data&gt;&lt;Data Name='TargetDomainName'&gt;DESKTOP-I1T2G01&lt;/Data&gt;&lt;Data Name='TargetSid'&gt;S-1-5-21-4235200151-4210980811-2443358387-1013&lt;/Data&gt;&lt;Data Name='SubjectUserSid'&gt;S-1-5-21-4235200151-4210980811-2443358387-1000&lt;/Data&gt;&lt;Data Name='SubjectUserName'&gt;adhd&lt;/Data&gt;&lt;Data Name='SubjectDomainName'&gt;DESKTOP-I1T2G01&lt;/Data&gt;&lt;Data Name='SubjectLogonId'&gt;0x1c5da&lt;/Data&gt;&lt;Data Name='PrivilegeList'&gt;-&lt;/Data&gt;&lt;Data Name='SamAccountName'&gt;Barbara&lt;/Data&gt;&lt;Data Name='DisplayName'&gt;%%1793&lt;/Data&gt;&lt;Data Name='UserPrincipalName'&gt;-&lt;/Data&gt;&lt;Data Name='HomeDirectory'&gt;%%1793&lt;/Data&gt;&lt;Data Name='HomePath'&gt;%%1793&lt;/Data&gt;&lt;Data Name='ScriptPath'&gt;%%1793&lt;/Data&gt;&lt;Data Name='ProfilePath'&gt;%%1793&lt;/Data&gt;&lt;Data Name='UserWorkstations'&gt;%%1793&lt;/Data&gt;&lt;Data Name='PasswordLastSet'&gt;%%1794&lt;/Data&gt;&lt;Data Name='AccountExpires'&gt;%%1794&lt;/Data&gt;&lt;Data Name='PrimaryGroupId'&gt;513&lt;/Data&gt;&lt;Data Name='AllowedToDelegateTo'&gt;-&lt;/Data&gt;&lt;Data Name='OldUacValue'&gt;0x0&lt;/Data&gt;&lt;Data Name='NewUacValue'&gt;0x15&lt;/Data&gt;&lt;Data Name='UserAccountControl'&gt;
		%%2080
		%%2082
		%%2084&lt;/Data&gt;&lt;Data Name='UserParameters'&gt;%%1793&lt;/Data&gt;&lt;Data Name='SidHistory'&gt;-&lt;/Data&gt;&lt;Data Name='LogonHours'&gt;%%1797&lt;/Data&gt;&lt;/EventData&gt;&lt;/Event&gt;</raw>
            <TargetUserName>Barbara</TargetUserName>
            <SubjectUserName>adhd</SubjectUserName>
        </detection>
        <detection type="Event">
            <id>4720</id>
            <recordid>4117</recordid>
            <time>2020-06-11 22:04:52.159400000Z</time>
            <channel>Security</channel>
            <raw>&lt;Event xmlns='http://schemas.microsoft.com/win/2004/08/events/event'&gt;&lt;System&gt;&lt;Provider Name='Microsoft-Windows-Security-Auditing' Guid='{54849625-5478-4994-a5ba-3e3b0328c30d}'/&gt;&lt;EventID&gt;4720&lt;/EventID&gt;&lt;Version&gt;0&lt;/Version&gt;&lt;Level&gt;0&lt;/Level&gt;&lt;Task&gt;13824&lt;/Task&gt;&lt;Opcode&gt;0&lt;/Opcode&gt;&lt;Keywords&gt;0x8020000000000000&lt;/Keywords&gt;&lt;TimeCreated SystemTime='2020-06-11T22:04:52.1594000Z'/&gt;&lt;EventRecordID&gt;4117&lt;/EventRecordID&gt;&lt;Correlation ActivityID='{d0a5cb6e-403a-0001-29cc-a5d03a40d601}'/&gt;&lt;Execution ProcessID='740' ThreadID='8088'/&gt;&lt;Channel&gt;Security&lt;/Channel&gt;&lt;Computer&gt;DESKTOP-I1T2G01&lt;/Computer&gt;&lt;Security/&gt;&lt;/System&gt;&lt;EventData&gt;&lt;Data Name='TargetUserName'&gt;George&lt;/Data&gt;&lt;Data Name='TargetDomainName'&gt;DESKTOP-I1T2G01&lt;/Data&gt;&lt;Data Name='TargetSid'&gt;S-1-5-21-4235200151-4210980811-2443358387-1012&lt;/Data&gt;&lt;Data Name='SubjectUserSid'&gt;S-1-5-21-4235200151-4210980811-2443358387-1000&lt;/Data&gt;&lt;Data Name='SubjectUserName'&gt;adhd&lt;/Data&gt;&lt;Data Name='SubjectDomainName'&gt;DESKTOP-I1T2G01&lt;/Data&gt;&lt;Data Name='SubjectLogonId'&gt;0x1c5da&lt;/Data&gt;&lt;Data Name='PrivilegeList'&gt;-&lt;/Data&gt;&lt;Data Name='SamAccountName'&gt;George&lt;/Data&gt;&lt;Data Name='DisplayName'&gt;%%1793&lt;/Data&gt;&lt;Data Name='UserPrincipalName'&gt;-&lt;/Data&gt;&lt;Data Name='HomeDirectory'&gt;%%1793&lt;/Data&gt;&lt;Data Name='HomePath'&gt;%%1793&lt;/Data&gt;&lt;Data Name='ScriptPath'&gt;%%1793&lt;/Data&gt;&lt;Data Name='ProfilePath'&gt;%%1793&lt;/Data&gt;&lt;Data Name='UserWorkstations'&gt;%%1793&lt;/Data&gt;&lt;Data Name='PasswordLastSet'&gt;%%1794&lt;/Data&gt;&lt;Data Name='AccountExpires'&gt;%%1794&lt;/Data&gt;&lt;Data Name='PrimaryGroupId'&gt;513&lt;/Data&gt;&lt;Data Name='AllowedToDelegateTo'&gt;-&lt;/Data&gt;&lt;Data Name='OldUacValue'&gt;0x0&lt;/Data&gt;&lt;Data Name='NewUacValue'&gt;0x15&lt;/Data&gt;&lt;Data Name='UserAccountControl'&gt;
		%%2080
		%%2082
		%%2084&lt;/Data&gt;&lt;Data Name='UserParameters'&gt;%%1793&lt;/Data&gt;&lt;Data Name='SidHistory'&gt;-&lt;/Data&gt;&lt;Data Name='LogonHours'&gt;%%1797&lt;/Data&gt;&lt;/EventData&gt;&lt;/Event&gt;</raw>
            <TargetUserName>George</TargetUserName>
            <SubjectUserName>adhd</SubjectUserName>
        </detection>
        <detection type="Event">
            <id>4720</id>
            <recordid>4111</recordid>
            <time>2020-06-11 22:04:52.58821800Z</time>
            <channel>Security</channel>
            <raw>&lt;Event xmlns='http://schemas.microsoft.com/win/2004/08/events/event'&gt;&lt;System&gt;&lt;Provider Name='Microsoft-Windows-Security-Auditing' Guid='{54849625-5478-4994-a5ba-3e3b0328c30d}'/&gt;&lt;EventID&gt;4720&lt;/EventID&gt;&lt;Version&gt;0&lt;/Version&gt;&lt;Level&gt;0&lt;/Level&gt;&lt;Task&gt;13824&lt;/Task&gt;&lt;Opcode&gt;0&lt;/Opcode&gt;&lt;Keywords&gt;0x8020000000000000&lt;/Keywords&gt;&lt;TimeCreated SystemTime='2020-06-11T22:04:52.0588218Z'/&gt;&lt;EventRecordID&gt;4111&lt;/EventRecordID&gt;&lt;Correlation ActivityID='{d0a5cb6e-403a-0001-29cc-a5d03a40d601}'/&gt;&lt;Execution ProcessID='740' ThreadID='8088'/&gt;&lt;Channel&gt;Security&lt;/Channel&gt;&lt;Computer&gt;DESKTOP-I1T2G01&lt;/Computer&gt;&lt;Security/&gt;&lt;/System&gt;&lt;EventData&gt;&lt;Data Name='TargetUserName'&gt;Amanda&lt;/Data&gt;&lt;Data Name='TargetDomainName'&gt;DESKTOP-I1T2G01&lt;/Data&gt;&lt;Data Name='TargetSid'&gt;S-1-5-21-4235200151-4210980811-2443358387-1011&lt;/Data&gt;&lt;Data Name='SubjectUserSid'&gt;S-1-5-21-4235200151-4210980811-2443358387-1000&lt;/Data&gt;&lt;Data Name='SubjectUserName'&gt;adhd&lt;/Data&gt;&lt;Data Name='SubjectDomainName'&gt;DESKTOP-I1T2G01&lt;/Data&gt;&lt;Data Name='SubjectLogonId'&gt;0x1c5da&lt;/Data&gt;&lt;Data Name='PrivilegeList'&gt;-&lt;/Data&gt;&lt;Data Name='SamAccountName'&gt;Amanda&lt;/Data&gt;&lt;Data Name='DisplayName'&gt;%%1793&lt;/Data&gt;&lt;Data Name='UserPrincipalName'&gt;-&lt;/Data&gt;&lt;Data Name='HomeDirectory'&gt;%%1793&lt;/Data&gt;&lt;Data Name='HomePath'&gt;%%1793&lt;/Data&gt;&lt;Data Name='ScriptPath'&gt;%%1793&lt;/Data&gt;&lt;Data Name='ProfilePath'&gt;%%1793&lt;/Data&gt;&lt;Data Name='UserWorkstations'&gt;%%1793&lt;/Data&gt;&lt;Data Name='PasswordLastSet'&gt;%%1794&lt;/Data&gt;&lt;Data Name='AccountExpires'&gt;%%1794&lt;/Data&gt;&lt;Data Name='PrimaryGroupId'&gt;513&lt;/Data&gt;&lt;Data Name='AllowedToDelegateTo'&gt;-&lt;/Data&gt;&lt;Data Name='OldUacValue'&gt;0x0&lt;/Data&gt;&lt;Data Name='NewUacValue'&gt;0x15&lt;/Data&gt;&lt;Data Name='UserAccountControl'&gt;
		%%2080
		%%2082
		%%2084&lt;/Data&gt;&lt;Data Name='UserParameters'&gt;%%1793&lt;/Data&gt;&lt;Data Name='SidHistory'&gt;-&lt;/Data&gt;&lt;Data Name='LogonHours'&gt;%%1797&lt;/Data&gt;&lt;/EventData&gt;&lt;/Event&gt;</raw>
            <TargetUserName>Amanda</TargetUserName>
            <SubjectUserName>adhd</SubjectUserName>
        </detection>
        <detection type="Event">
            <id>4720</id>
            <recordid>4105</recordid>
            <time>2020-06-11 22:04:51.980650700Z</time>
            <channel>Security</channel>
            <raw>&lt;Event xmlns='http://schemas.microsoft.com/win/2004/08/events/event'&gt;&lt;System&gt;&lt;Provider Name='Microsoft-Windows-Security-Auditing' Guid='{54849625-5478-4994-a5ba-3e3b0328c30d}'/&gt;&lt;EventID&gt;4720&lt;/EventID&gt;&lt;Version&gt;0&lt;/Version&gt;&lt;Level&gt;0&lt;/Level&gt;&lt;Task&gt;13824&lt;/Task&gt;&lt;Opcode&gt;0&lt;/Opcode&gt;&lt;Keywords&gt;0x8020000000000000&lt;/Keywords&gt;&lt;TimeCreated SystemTime='2020-06-11T22:04:51.9806507Z'/&gt;&lt;EventRecordID&gt;4105&lt;/EventRecordID&gt;&lt;Correlation ActivityID='{d0a5cb6e-403a-0001-29cc-a5d03a40d601}'/&gt;&lt;Execution ProcessID='740' ThreadID='792'/&gt;&lt;Channel&gt;Security&lt;/Channel&gt;&lt;Computer&gt;DESKTOP-I1T2G01&lt;/Computer&gt;&lt;Security/&gt;&lt;/System&gt;&lt;EventData&gt;&lt;Data Name='TargetUserName'&gt;Jane&lt;/Data&gt;&lt;Data Name='TargetDomainName'&gt;DESKTOP-I1T2G01&lt;/Data&gt;&lt;Data Name='TargetSid'&gt;S-1-5-21-4235200151-4210980811-2443358387-1010&lt;/Data&gt;&lt;Data Name='SubjectUserSid'&gt;S-1-5-21-4235200151-4210980811-2443358387-1000&lt;/Data&gt;&lt;Data Name='SubjectUserName'&gt;adhd&lt;/Data&gt;&lt;Data Name='SubjectDomainName'&gt;DESKTOP-I1T2G01&lt;/Data&gt;&lt;Data Name='SubjectLogonId'&gt;0x1c5da&lt;/Data&gt;&lt;Data Name='PrivilegeList'&gt;-&lt;/Data&gt;&lt;Data Name='SamAccountName'&gt;Jane&lt;/Data&gt;&lt;Data Name='DisplayName'&gt;%%1793&lt;/Data&gt;&lt;Data Name='UserPrincipalName'&gt;-&lt;/Data&gt;&lt;Data Name='HomeDirectory'&gt;%%1793&lt;/Data&gt;&lt;Data Name='HomePath'&gt;%%1793&lt;/Data&gt;&lt;Data Name='ScriptPath'&gt;%%1793&lt;/Data&gt;&lt;Data Name='ProfilePath'&gt;%%1793&lt;/Data&gt;&lt;Data Name='UserWorkstations'&gt;%%1793&lt;/Data&gt;&lt;Data Name='PasswordLastSet'&gt;%%1794&lt;/Data&gt;&lt;Data Name='AccountExpires'&gt;%%1794&lt;/Data&gt;&lt;Data Name='PrimaryGroupId'&gt;513&lt;/Data&gt;&lt;Data Name='AllowedToDelegateTo'&gt;-&lt;/Data&gt;&lt;Data Name='OldUacValue'&gt;0x0&lt;/Data&gt;&lt;Data Name='NewUacValue'&gt;0x15&lt;/Data&gt;&lt;Data Name='UserAccountControl'&gt;
		%%2080
		%%2082
		%%2084&lt;/Data&gt;&lt;Data Name='UserParameters'&gt;%%1793&lt;/Data&gt;&lt;Data Name='SidHistory'&gt;-&lt;/Data&gt;&lt;Data Name='LogonHours'&gt;%%1797&lt;/Data&gt;&lt;/EventData&gt;&lt;/Event&gt;</raw>
            <TargetUserName>Jane</TargetUserName>
            <SubjectUserName>adhd</SubjectUserName>
        </detection>
        <detection type="Event">
            <id>4720</id>
            <recordid>4099</recordid>
            <time>2020-06-11 22:04:51.911812900Z</time>
            <channel>Security</channel>
            <raw>&lt;Event xmlns='http://schemas.microsoft.com/win/2004/08/events/event'&gt;&lt;System&gt;&lt;Provider Name='Microsoft-Windows-Security-Auditing' Guid='{54849625-5478-4994-a5ba-3e3b0328c30d}'/&gt;&lt;EventID&gt;4720&lt;/EventID&gt;&lt;Version&gt;0&lt;/Version&gt;&lt;Level&gt;0&lt;/Level&gt;&lt;Task&gt;13824&lt;/Task&gt;&lt;Opcode&gt;0&lt;/Opcode&gt;&lt;Keywords&gt;0x8020000000000000&lt;/Keywords&gt;&lt;TimeCreated SystemTime='2020-06-11T22:04:51.9118129Z'/&gt;&lt;EventRecordID&gt;4099&lt;/EventRecordID&gt;&lt;Correlation ActivityID='{d0a5cb6e-403a-0001-29cc-a5d03a40d601}'/&gt;&lt;Execution ProcessID='740' ThreadID='788'/&gt;&lt;Channel&gt;Security&lt;/Channel&gt;&lt;Computer&gt;DESKTOP-I1T2G01&lt;/Computer&gt;&lt;Security/&gt;&lt;/System&gt;&lt;EventData&gt;&lt;Data Name='TargetUserName'&gt;Albert&lt;/Data&gt;&lt;Data Name='TargetDomainName'&gt;DESKTOP-I1T2G01&lt;/Data&gt;&lt;Data Name='TargetSid'&gt;S-1-5-21-4235200151-4210980811-2443358387-1009&lt;/Data&gt;&lt;Data Name='SubjectUserSid'&gt;S-1-5-21-4235200151-4210980811-2443358387-1000&lt;/Data&gt;&lt;Data Name='SubjectUserName'&gt;adhd&lt;/Data&gt;&lt;Data Name='SubjectDomainName'&gt;DESKTOP-I1T2G01&lt;/Data&gt;&lt;Data Name='SubjectLogonId'&gt;0x1c5da&lt;/Data&gt;&lt;Data Name='PrivilegeList'&gt;-&lt;/Data&gt;&lt;Data Name='SamAccountName'&gt;Albert&lt;/Data&gt;&lt;Data Name='DisplayName'&gt;%%1793&lt;/Data&gt;&lt;Data Name='UserPrincipalName'&gt;-&lt;/Data&gt;&lt;Data Name='HomeDirectory'&gt;%%1793&lt;/Data&gt;&lt;Data Name='HomePath'&gt;%%1793&lt;/Data&gt;&lt;Data Name='ScriptPath'&gt;%%1793&lt;/Data&gt;&lt;Data Name='ProfilePath'&gt;%%1793&lt;/Data&gt;&lt;Data Name='UserWorkstations'&gt;%%1793&lt;/Data&gt;&lt;Data Name='PasswordLastSet'&gt;%%1794&lt;/Data&gt;&lt;Data Name='AccountExpires'&gt;%%1794&lt;/Data&gt;&lt;Data Name='PrimaryGroupId'&gt;513&lt;/Data&gt;&lt;Data Name='AllowedToDelegateTo'&gt;-&lt;/Data&gt;&lt;Data Name='OldUacValue'&gt;0x0&lt;/Data&gt;&lt;Data Name='NewUacValue'&gt;0x15&lt;/Data&gt;&lt;Data Name='UserAccountControl'&gt;
		%%2080
		%%2082
		%%2084&lt;/Data&gt;&lt;Data Name='UserParameters'&gt;%%1793&lt;/Data&gt;&lt;Data Name='SidHistory'&gt;-&lt;/Data&gt;&lt;Data Name='LogonHours'&gt;%%1797&lt;/Data&gt;&lt;/EventData&gt;&lt;/Event&gt;</raw>
            <TargetUserName>Albert</TargetUserName>
            <SubjectUserName>adhd</SubjectUserName>
        </detection>
        <detection type="Event">
            <id>4720</id>
            <recordid>4093</recordid>
            <time>2020-06-11 22:04:51.823811400Z</time>
            <channel>Security</channel>
            <raw>&lt;Event xmlns='http://schemas.microsoft.com/win/2004/08/events/event'&gt;&lt;System&gt;&lt;Provider Name='Microsoft-Windows-Security-Auditing' Guid='{54849625-5478-4994-a5ba-3e3b0328c30d}'/&gt;&lt;EventID&gt;4720&lt;/EventID&gt;&lt;Version&gt;0&lt;/Version&gt;&lt;Level&gt;0&lt;/Level&gt;&lt;Task&gt;13824&lt;/Task&gt;&lt;Opcode&gt;0&lt;/Opcode&gt;&lt;Keywords&gt;0x8020000000000000&lt;/Keywords&gt;&lt;TimeCreated SystemTime='2020-06-11T22:04:51.8238114Z'/&gt;&lt;EventRecordID&gt;4093&lt;/EventRecordID&gt;&lt;Correlation ActivityID='{d0a5cb6e-403a-0001-29cc-a5d03a40d601}'/&gt;&lt;Execution ProcessID='740' ThreadID='8088'/&gt;&lt;Channel&gt;Security&lt;/Channel&gt;&lt;Computer&gt;DESKTOP-I1T2G01&lt;/Computer&gt;&lt;Security/&gt;&lt;/System&gt;&lt;EventData&gt;&lt;Data Name='TargetUserName'&gt;Jason&lt;/Data&gt;&lt;Data Name='TargetDomainName'&gt;DESKTOP-I1T2G01&lt;/Data&gt;&lt;Data Name='TargetSid'&gt;S-1-5-21-4235200151-4210980811-2443358387-1008&lt;/Data&gt;&lt;Data Name='SubjectUserSid'&gt;S-1-5-21-4235200151-4210980811-2443358387-1000&lt;/Data&gt;&lt;Data Name='SubjectUserName'&gt;adhd&lt;/Data&gt;&lt;Data Name='SubjectDomainName'&gt;DESKTOP-I1T2G01&lt;/Data&gt;&lt;Data Name='SubjectLogonId'&gt;0x1c5da&lt;/Data&gt;&lt;Data Name='PrivilegeList'&gt;-&lt;/Data&gt;&lt;Data Name='SamAccountName'&gt;Jason&lt;/Data&gt;&lt;Data Name='DisplayName'&gt;%%1793&lt;/Data&gt;&lt;Data Name='UserPrincipalName'&gt;-&lt;/Data&gt;&lt;Data Name='HomeDirectory'&gt;%%1793&lt;/Data&gt;&lt;Data Name='HomePath'&gt;%%1793&lt;/Data&gt;&lt;Data Name='ScriptPath'&gt;%%1793&lt;/Data&gt;&lt;Data Name='ProfilePath'&gt;%%1793&lt;/Data&gt;&lt;Data Name='UserWorkstations'&gt;%%1793&lt;/Data&gt;&lt;Data Name='PasswordLastSet'&gt;%%1794&lt;/Data&gt;&lt;Data Name='AccountExpires'&gt;%%1794&lt;/Data&gt;&lt;Data Name='PrimaryGroupId'&gt;513&lt;/Data&gt;&lt;Data Name='AllowedToDelegateTo'&gt;-&lt;/Data&gt;&lt;Data Name='OldUacValue'&gt;0x0&lt;/Data&gt;&lt;Data Name='NewUacValue'&gt;0x15&lt;/Data&gt;&lt;Data Name='UserAccountControl'&gt;
		%%2080
		%%2082
		%%2084&lt;/Data&gt;&lt;Data Name='UserParameters'&gt;%%1793&lt;/Data&gt;&lt;Data Name='SidHistory'&gt;-&lt;/Data&gt;&lt;Data Name='LogonHours'&gt;%%1797&lt;/Data&gt;&lt;/EventData&gt;&lt;/Event&gt;</raw>
            <TargetUserName>Jason</TargetUserName>
            <SubjectUserName>adhd</SubjectUserName>
        </detection>
        <detection type="Event">
            <id>4720</id>
            <recordid>4087</recordid>
            <time>2020-06-11 22:04:51.745753600Z</time>
            <channel>Security</channel>
            <raw>&lt;Event xmlns='http://schemas.microsoft.com/win/2004/08/events/event'&gt;&lt;System&gt;&lt;Provider Name='Microsoft-Windows-Security-Auditing' Guid='{54849625-5478-4994-a5ba-3e3b0328c30d}'/&gt;&lt;EventID&gt;4720&lt;/EventID&gt;&lt;Version&gt;0&lt;/Version&gt;&lt;Level&gt;0&lt;/Level&gt;&lt;Task&gt;13824&lt;/Task&gt;&lt;Opcode&gt;0&lt;/Opcode&gt;&lt;Keywords&gt;0x8020000000000000&lt;/Keywords&gt;&lt;TimeCreated SystemTime='2020-06-11T22:04:51.7457536Z'/&gt;&lt;EventRecordID&gt;4087&lt;/EventRecordID&gt;&lt;Correlation ActivityID='{d0a5cb6e-403a-0001-29cc-a5d03a40d601}'/&gt;&lt;Execution ProcessID='740' ThreadID='8284'/&gt;&lt;Channel&gt;Security&lt;/Channel&gt;&lt;Computer&gt;DESKTOP-I1T2G01&lt;/Computer&gt;&lt;Security/&gt;&lt;/System&gt;&lt;EventData&gt;&lt;Data Name='TargetUserName'&gt;Ralph&lt;/Data&gt;&lt;Data Name='TargetDomainName'&gt;DESKTOP-I1T2G01&lt;/Data&gt;&lt;Data Name='TargetSid'&gt;S-1-5-21-4235200151-4210980811-2443358387-1007&lt;/Data&gt;&lt;Data Name='SubjectUserSid'&gt;S-1-5-21-4235200151-4210980811-2443358387-1000&lt;/Data&gt;&lt;Data Name='SubjectUserName'&gt;adhd&lt;/Data&gt;&lt;Data Name='SubjectDomainName'&gt;DESKTOP-I1T2G01&lt;/Data&gt;&lt;Data Name='SubjectLogonId'&gt;0x1c5da&lt;/Data&gt;&lt;Data Name='PrivilegeList'&gt;-&lt;/Data&gt;&lt;Data Name='SamAccountName'&gt;Ralph&lt;/Data&gt;&lt;Data Name='DisplayName'&gt;%%1793&lt;/Data&gt;&lt;Data Name='UserPrincipalName'&gt;-&lt;/Data&gt;&lt;Data Name='HomeDirectory'&gt;%%1793&lt;/Data&gt;&lt;Data Name='HomePath'&gt;%%1793&lt;/Data&gt;&lt;Data Name='ScriptPath'&gt;%%1793&lt;/Data&gt;&lt;Data Name='ProfilePath'&gt;%%1793&lt;/Data&gt;&lt;Data Name='UserWorkstations'&gt;%%1793&lt;/Data&gt;&lt;Data Name='PasswordLastSet'&gt;%%1794&lt;/Data&gt;&lt;Data Name='AccountExpires'&gt;%%1794&lt;/Data&gt;&lt;Data Name='PrimaryGroupId'&gt;513&lt;/Data&gt;&lt;Data Name='AllowedToDelegateTo'&gt;-&lt;/Data&gt;&lt;Data Name='OldUacValue'&gt;0x0&lt;/Data&gt;&lt;Data Name='NewUacValue'&gt;0x15&lt;/Data&gt;&lt;Data Name='UserAccountControl'&gt;
		%%2080
		%%2082
		%%2084&lt;/Data&gt;&lt;Data Name='UserParameters'&gt;%%1793&lt;/Data&gt;&lt;Data Name='SidHistory'&gt;-&lt;/Data&gt;&lt;Data Name='LogonHours'&gt;%%1797&lt;/Data&gt;&lt;/EventData&gt;&lt;/Event&gt;</raw>
            <TargetUserName>Ralph</TargetUserName>
            <SubjectUserName>adhd</SubjectUserName>
        </detection>
        <detection type="Event">
            <id>4720</id>
            <recordid>4081</recordid>
            <time>2020-06-11 22:04:51.668192700Z</time>
            <channel>Security</channel>
            <raw>&lt;Event xmlns='http://schemas.microsoft.com/win/2004/08/events/event'&gt;&lt;System&gt;&lt;Provider Name='Microsoft-Windows-Security-Auditing' Guid='{54849625-5478-4994-a5ba-3e3b0328c30d}'/&gt;&lt;EventID&gt;4720&lt;/EventID&gt;&lt;Version&gt;0&lt;/Version&gt;&lt;Level&gt;0&lt;/Level&gt;&lt;Task&gt;13824&lt;/Task&gt;&lt;Opcode&gt;0&lt;/Opcode&gt;&lt;Keywords&gt;0x8020000000000000&lt;/Keywords&gt;&lt;TimeCreated SystemTime='2020-06-11T22:04:51.6681927Z'/&gt;&lt;EventRecordID&gt;4081&lt;/EventRecordID&gt;&lt;Correlation ActivityID='{d0a5cb6e-403a-0001-29cc-a5d03a40d601}'/&gt;&lt;Execution ProcessID='740' ThreadID='8088'/&gt;&lt;Channel&gt;Security&lt;/Channel&gt;&lt;Computer&gt;DESKTOP-I1T2G01&lt;/Computer&gt;&lt;Security/&gt;&lt;/System&gt;&lt;EventData&gt;&lt;Data Name='TargetUserName'&gt;Sandra&lt;/Data&gt;&lt;Data Name='TargetDomainName'&gt;DESKTOP-I1T2G01&lt;/Data&gt;&lt;Data Name='TargetSid'&gt;S-1-5-21-4235200151-4210980811-2443358387-1006&lt;/Data&gt;&lt;Data Name='SubjectUserSid'&gt;S-1-5-21-4235200151-4210980811-2443358387-1000&lt;/Data&gt;&lt;Data Name='SubjectUserName'&gt;adhd&lt;/Data&gt;&lt;Data Name='SubjectDomainName'&gt;DESKTOP-I1T2G01&lt;/Data&gt;&lt;Data Name='SubjectLogonId'&gt;0x1c5da&lt;/Data&gt;&lt;Data Name='PrivilegeList'&gt;-&lt;/Data&gt;&lt;Data Name='SamAccountName'&gt;Sandra&lt;/Data&gt;&lt;Data Name='DisplayName'&gt;%%1793&lt;/Data&gt;&lt;Data Name='UserPrincipalName'&gt;-&lt;/Data&gt;&lt;Data Name='HomeDirectory'&gt;%%1793&lt;/Data&gt;&lt;Data Name='HomePath'&gt;%%1793&lt;/Data&gt;&lt;Data Name='ScriptPath'&gt;%%1793&lt;/Data&gt;&lt;Data Name='ProfilePath'&gt;%%1793&lt;/Data&gt;&lt;Data Name='UserWorkstations'&gt;%%1793&lt;/Data&gt;&lt;Data Name='PasswordLastSet'&gt;%%1794&lt;/Data&gt;&lt;Data Name='AccountExpires'&gt;%%1794&lt;/Data&gt;&lt;Data Name='PrimaryGroupId'&gt;513&lt;/Data&gt;&lt;Data Name='AllowedToDelegateTo'&gt;-&lt;/Data&gt;&lt;Data Name='OldUacValue'&gt;0x0&lt;/Data&gt;&lt;Data Name='NewUacValue'&gt;0x15&lt;/Data&gt;&lt;Data Name='UserAccountControl'&gt;
		%%2080
		%%2082
		%%2084&lt;/Data&gt;&lt;Data Name='UserParameters'&gt;%%1793&lt;/Data&gt;&lt;Data Name='SidHistory'&gt;-&lt;/Data&gt;&lt;Data Name='LogonHours'&gt;%%1797&lt;/Data&gt;&lt;/EventData&gt;&lt;/Event&gt;</raw>
            <TargetUserName>Sandra</TargetUserName>
            <SubjectUserName>adhd</SubjectUserName>
        </detection>
        <detection type="Event">
            <id>4720</id>
            <recordid>4075</recordid>
            <time>2020-06-11 22:04:51.584481200Z</time>
            <channel>Security</channel>
            <raw>&lt;Event xmlns='http://schemas.microsoft.com/win/2004/08/events/event'&gt;&lt;System&gt;&lt;Provider Name='Microsoft-Windows-Security-Auditing' Guid='{54849625-5478-4994-a5ba-3e3b0328c30d}'/&gt;&lt;EventID&gt;4720&lt;/EventID&gt;&lt;Version&gt;0&lt;/Version&gt;&lt;Level&gt;0&lt;/Level&gt;&lt;Task&gt;13824&lt;/Task&gt;&lt;Opcode&gt;0&lt;/Opcode&gt;&lt;Keywords&gt;0x8020000000000000&lt;/Keywords&gt;&lt;TimeCreated SystemTime='2020-06-11T22:04:51.5844812Z'/&gt;&lt;EventRecordID&gt;4075&lt;/EventRecordID&gt;&lt;Correlation ActivityID='{d0a5cb6e-403a-0001-29cc-a5d03a40d601}'/&gt;&lt;Execution ProcessID='740' ThreadID='8284'/&gt;&lt;Channel&gt;Security&lt;/Channel&gt;&lt;Computer&gt;DESKTOP-I1T2G01&lt;/Computer&gt;&lt;Security/&gt;&lt;/System&gt;&lt;EventData&gt;&lt;Data Name='TargetUserName'&gt;Jacqueline&lt;/Data&gt;&lt;Data Name='TargetDomainName'&gt;DESKTOP-I1T2G01&lt;/Data&gt;&lt;Data Name='TargetSid'&gt;S-1-5-21-4235200151-4210980811-2443358387-1005&lt;/Data&gt;&lt;Data Name='SubjectUserSid'&gt;S-1-5-21-4235200151-4210980811-2443358387-1000&lt;/Data&gt;&lt;Data Name='SubjectUserName'&gt;adhd&lt;/Data&gt;&lt;Data Name='SubjectDomainName'&gt;DESKTOP-I1T2G01&lt;/Data&gt;&lt;Data Name='SubjectLogonId'&gt;0x1c5da&lt;/Data&gt;&lt;Data Name='PrivilegeList'&gt;-&lt;/Data&gt;&lt;Data Name='SamAccountName'&gt;Jacqueline&lt;/Data&gt;&lt;Data Name='DisplayName'&gt;%%1793&lt;/Data&gt;&lt;Data Name='UserPrincipalName'&gt;-&lt;/Data&gt;&lt;Data Name='HomeDirectory'&gt;%%1793&lt;/Data&gt;&lt;Data Name='HomePath'&gt;%%1793&lt;/Data&gt;&lt;Data Name='ScriptPath'&gt;%%1793&lt;/Data&gt;&lt;Data Name='ProfilePath'&gt;%%1793&lt;/Data&gt;&lt;Data Name='UserWorkstations'&gt;%%1793&lt;/Data&gt;&lt;Data Name='PasswordLastSet'&gt;%%1794&lt;/Data&gt;&lt;Data Name='AccountExpires'&gt;%%1794&lt;/Data&gt;&lt;Data Name='PrimaryGroupId'&gt;513&lt;/Data&gt;&lt;Data Name='AllowedToDelegateTo'&gt;-&lt;/Data&gt;&lt;Data Name='OldUacValue'&gt;0x0&lt;/Data&gt;&lt;Data Name='NewUacValue'&gt;0x15&lt;/Data&gt;&lt;Data Name='UserAccountControl'&gt;
		%%2080
		%%2082
		%%2084&lt;/Data&gt;&lt;Data Name='UserParameters'&gt;%%1793&lt;/Data&gt;&lt;Data Name='SidHistory'&gt;-&lt;/Data&gt;&lt;Data Name='LogonHours'&gt;%%1797&lt;/Data&gt;&lt;/EventData&gt;&lt;/Event&gt;</raw>
            <TargetUserName>Jacqueline</TargetUserName>
            <SubjectUserName>adhd</SubjectUserName>
        </detection>
        <detection type="Event">
            <id>4720</id>
            <recordid>4069</recordid>
            <time>2020-06-11 22:04:51.502859300Z</time>
            <channel>Security</channel>
            <raw>&lt;Event xmlns='http://schemas.microsoft.com/win/2004/08/events/event'&gt;&lt;System&gt;&lt;Provider Name='Microsoft-Windows-Security-Auditing' Guid='{54849625-5478-4994-a5ba-3e3b0328c30d}'/&gt;&lt;EventID&gt;4720&lt;/EventID&gt;&lt;Version&gt;0&lt;/Version&gt;&lt;Level&gt;0&lt;/Level&gt;&lt;Task&gt;13824&lt;/Task&gt;&lt;Opcode&gt;0&lt;/Opcode&gt;&lt;Keywords&gt;0x8020000000000000&lt;/Keywords&gt;&lt;TimeCreated SystemTime='2020-06-11T22:04:51.5028593Z'/&gt;&lt;EventRecordID&gt;4069&lt;/EventRecordID&gt;&lt;Correlation ActivityID='{d0a5cb6e-403a-0001-29cc-a5d03a40d601}'/&gt;&lt;Execution ProcessID='740' ThreadID='8284'/&gt;&lt;Channel&gt;Security&lt;/Channel&gt;&lt;Computer&gt;DESKTOP-I1T2G01&lt;/Computer&gt;&lt;Security/&gt;&lt;/System&gt;&lt;EventData&gt;&lt;Data Name='TargetUserName'&gt;Frances&lt;/Data&gt;&lt;Data Name='TargetDomainName'&gt;DESKTOP-I1T2G01&lt;/Data&gt;&lt;Data Name='TargetSid'&gt;S-1-5-21-4235200151-4210980811-2443358387-1004&lt;/Data&gt;&lt;Data Name='SubjectUserSid'&gt;S-1-5-21-4235200151-4210980811-2443358387-1000&lt;/Data&gt;&lt;Data Name='SubjectUserName'&gt;adhd&lt;/Data&gt;&lt;Data Name='SubjectDomainName'&gt;DESKTOP-I1T2G01&lt;/Data&gt;&lt;Data Name='SubjectLogonId'&gt;0x1c5da&lt;/Data&gt;&lt;Data Name='PrivilegeList'&gt;-&lt;/Data&gt;&lt;Data Name='SamAccountName'&gt;Frances&lt;/Data&gt;&lt;Data Name='DisplayName'&gt;%%1793&lt;/Data&gt;&lt;Data Name='UserPrincipalName'&gt;-&lt;/Data&gt;&lt;Data Name='HomeDirectory'&gt;%%1793&lt;/Data&gt;&lt;Data Name='HomePath'&gt;%%1793&lt;/Data&gt;&lt;Data Name='ScriptPath'&gt;%%1793&lt;/Data&gt;&lt;Data Name='ProfilePath'&gt;%%1793&lt;/Data&gt;&lt;Data Name='UserWorkstations'&gt;%%1793&lt;/Data&gt;&lt;Data Name='PasswordLastSet'&gt;%%1794&lt;/Data&gt;&lt;Data Name='AccountExpires'&gt;%%1794&lt;/Data&gt;&lt;Data Name='PrimaryGroupId'&gt;513&lt;/Data&gt;&lt;Data Name='AllowedToDelegateTo'&gt;-&lt;/Data&gt;&lt;Data Name='OldUacValue'&gt;0x0&lt;/Data&gt;&lt;Data Name='NewUacValue'&gt;0x15&lt;/Data&gt;&lt;Data Name='UserAccountControl'&gt;
		%%2080
		%%2082
		%%2084&lt;/Data&gt;&lt;Data Name='UserParameters'&gt;%%1793&lt;/Data&gt;&lt;Data Name='SidHistory'&gt;-&lt;/Data&gt;&lt;Data Name='LogonHours'&gt;%%1797&lt;/Data&gt;&lt;/EventData&gt;&lt;/Event&gt;</raw>
            <TargetUserName>Frances</TargetUserName>
            <SubjectUserName>adhd</SubjectUserName>
        </detection>
        <detection type="Event">
            <id>4720</id>
            <recordid>4063</recordid>
            <time>2020-06-11 22:04:51.421513200Z</time>
            <channel>Security</channel>
            <raw>&lt;Event xmlns='http://schemas.microsoft.com/win/2004/08/events/event'&gt;&lt;System&gt;&lt;Provider Name='Microsoft-Windows-Security-Auditing' Guid='{54849625-5478-4994-a5ba-3e3b0328c30d}'/&gt;&lt;EventID&gt;4720&lt;/EventID&gt;&lt;Version&gt;0&lt;/Version&gt;&lt;Level&gt;0&lt;/Level&gt;&lt;Task&gt;13824&lt;/Task&gt;&lt;Opcode&gt;0&lt;/Opcode&gt;&lt;Keywords&gt;0x8020000000000000&lt;/Keywords&gt;&lt;TimeCreated SystemTime='2020-06-11T22:04:51.4215132Z'/&gt;&lt;EventRecordID&gt;4063&lt;/EventRecordID&gt;&lt;Correlation ActivityID='{d0a5cb6e-403a-0001-29cc-a5d03a40d601}'/&gt;&lt;Execution ProcessID='740' ThreadID='8284'/&gt;&lt;Channel&gt;Security&lt;/Channel&gt;&lt;Computer&gt;DESKTOP-I1T2G01&lt;/Computer&gt;&lt;Security/&gt;&lt;/System&gt;&lt;EventData&gt;&lt;Data Name='TargetUserName'&gt;Christian&lt;/Data&gt;&lt;Data Name='TargetDomainName'&gt;DESKTOP-I1T2G01&lt;/Data&gt;&lt;Data Name='TargetSid'&gt;S-1-5-21-4235200151-4210980811-2443358387-1003&lt;/Data&gt;&lt;Data Name='SubjectUserSid'&gt;S-1-5-21-4235200151-4210980811-2443358387-1000&lt;/Data&gt;&lt;Data Name='SubjectUserName'&gt;adhd&lt;/Data&gt;&lt;Data Name='SubjectDomainName'&gt;DESKTOP-I1T2G01&lt;/Data&gt;&lt;Data Name='SubjectLogonId'&gt;0x1c5da&lt;/Data&gt;&lt;Data Name='PrivilegeList'&gt;-&lt;/Data&gt;&lt;Data Name='SamAccountName'&gt;Christian&lt;/Data&gt;&lt;Data Name='DisplayName'&gt;%%1793&lt;/Data&gt;&lt;Data Name='UserPrincipalName'&gt;-&lt;/Data&gt;&lt;Data Name='HomeDirectory'&gt;%%1793&lt;/Data&gt;&lt;Data Name='HomePath'&gt;%%1793&lt;/Data&gt;&lt;Data Name='ScriptPath'&gt;%%1793&lt;/Data&gt;&lt;Data Name='ProfilePath'&gt;%%1793&lt;/Data&gt;&lt;Data Name='UserWorkstations'&gt;%%1793&lt;/Data&gt;&lt;Data Name='PasswordLastSet'&gt;%%1794&lt;/Data&gt;&lt;Data Name='AccountExpires'&gt;%%1794&lt;/Data&gt;&lt;Data Name='PrimaryGroupId'&gt;513&lt;/Data&gt;&lt;Data Name='AllowedToDelegateTo'&gt;-&lt;/Data&gt;&lt;Data Name='OldUacValue'&gt;0x0&lt;/Data&gt;&lt;Data Name='NewUacValue'&gt;0x15&lt;/Data&gt;&lt;Data Name='UserAccountControl'&gt;
		%%2080
		%%2082
		%%2084&lt;/Data&gt;&lt;Data Name='UserParameters'&gt;%%1793&lt;/Data&gt;&lt;Data Name='SidHistory'&gt;-&lt;/Data&gt;&lt;Data Name='LogonHours'&gt;%%1797&lt;/Data&gt;&lt;/EventData&gt;&lt;/Event&gt;</raw>
            <TargetUserName>Christian</TargetUserName>
            <SubjectUserName>adhd</SubjectUserName>
        </detection>
        <detection type="Event">
            <id>4720</id>
            <recordid>4057</recordid>
            <time>2020-06-11 22:04:51.316709000Z</time>
            <channel>Security</channel>
            <raw>&lt;Event xmlns='http://schemas.microsoft.com/win/2004/08/events/event'&gt;&lt;System&gt;&lt;Provider Name='Microsoft-Windows-Security-Auditing' Guid='{54849625-5478-4994-a5ba-3e3b0328c30d}'/&gt;&lt;EventID&gt;4720&lt;/EventID&gt;&lt;Version&gt;0&lt;/Version&gt;&lt;Level&gt;0&lt;/Level&gt;&lt;Task&gt;13824&lt;/Task&gt;&lt;Opcode&gt;0&lt;/Opcode&gt;&lt;Keywords&gt;0x8020000000000000&lt;/Keywords&gt;&lt;TimeCreated SystemTime='2020-06-11T22:04:51.3167090Z'/&gt;&lt;EventRecordID&gt;4057&lt;/EventRecordID&gt;&lt;Correlation ActivityID='{d0a5cb6e-403a-0001-29cc-a5d03a40d601}'/&gt;&lt;Execution ProcessID='740' ThreadID='8088'/&gt;&lt;Channel&gt;Security&lt;/Channel&gt;&lt;Computer&gt;DESKTOP-I1T2G01&lt;/Computer&gt;&lt;Security/&gt;&lt;/System&gt;&lt;EventData&gt;&lt;Data Name='TargetUserName'&gt;Robert&lt;/Data&gt;&lt;Data Name='TargetDomainName'&gt;DESKTOP-I1T2G01&lt;/Data&gt;&lt;Data Name='TargetSid'&gt;S-1-5-21-4235200151-4210980811-2443358387-1002&lt;/Data&gt;&lt;Data Name='SubjectUserSid'&gt;S-1-5-21-4235200151-4210980811-2443358387-1000&lt;/Data&gt;&lt;Data Name='SubjectUserName'&gt;adhd&lt;/Data&gt;&lt;Data Name='SubjectDomainName'&gt;DESKTOP-I1T2G01&lt;/Data&gt;&lt;Data Name='SubjectLogonId'&gt;0x1c5da&lt;/Data&gt;&lt;Data Name='PrivilegeList'&gt;-&lt;/Data&gt;&lt;Data Name='SamAccountName'&gt;Robert&lt;/Data&gt;&lt;Data Name='DisplayName'&gt;%%1793&lt;/Data&gt;&lt;Data Name='UserPrincipalName'&gt;-&lt;/Data&gt;&lt;Data Name='HomeDirectory'&gt;%%1793&lt;/Data&gt;&lt;Data Name='HomePath'&gt;%%1793&lt;/Data&gt;&lt;Data Name='ScriptPath'&gt;%%1793&lt;/Data&gt;&lt;Data Name='ProfilePath'&gt;%%1793&lt;/Data&gt;&lt;Data Name='UserWorkstations'&gt;%%1793&lt;/Data&gt;&lt;Data Name='PasswordLastSet'&gt;%%1794&lt;/Data&gt;&lt;Data Name='AccountExpires'&gt;%%1794&lt;/Data&gt;&lt;Data Name='PrimaryGroupId'&gt;513&lt;/Data&gt;&lt;Data Name='AllowedToDelegateTo'&gt;-&lt;/Data&gt;&lt;Data Name='OldUacValue'&gt;0x0&lt;/Data&gt;&lt;Data Name='NewUacValue'&gt;0x15&lt;/Data&gt;&lt;Data Name='UserAccountControl'&gt;
		%%2080
		%%2082
		%%2084&lt;/Data&gt;&lt;Data Name='UserParameters'&gt;%%1793&lt;/Data&gt;&lt;Data Name='SidHistory'&gt;-&lt;/Data&gt;&lt;Data Name='LogonHours'&gt;%%1797&lt;/Data&gt;&lt;/EventData&gt;&lt;/Event&gt;</raw>
            <TargetUserName>Robert</TargetUserName>
            <SubjectUserName>adhd</SubjectUserName>
        </detection>
    </hunt>
    <hunt agressiveness="Cursory" categories="1" datasources="16" tactics="12" time="132367112132820000" datetime="2020-06-15 16:13:33.28200Z">
        <name>T1138 - Application Shimming</name>
    </hunt>
    <hunt agressiveness="Cursory" categories="1" datasources="16" tactics="12" time="132367112132820000" datetime="2020-06-15 16:13:33.28200Z">
        <name>T1182 - AppCert DLLs</name>
    </hunt>
    <hunt agressiveness="Cursory" categories="1" datasources="16" tactics="12" time="132367112132970000" datetime="2020-06-15 16:13:33.29700Z">
        <name>T1183 - Image File Execution Options</name>
    </hunt>
    <hunt agressiveness="Cursory" categories="4" datasources="40" tactics="16" time="132367112133130000" datetime="2020-06-15 16:13:33.31300Z">
        <name>T1484 - Group Policy Modification</name>
    </hunt>
</bluespawn>
